[ 2015-12-09T11:21:59+08:00 ] 211.143.67.192 /jquery/5/512/demo/
INFO: [ app_init ] --START--
INFO: Run Behavior\BuildLiteBehavior [ RunTime:0.000013s ]
INFO: [ app_init ] --END-- [ RunTime:0.000279s ]
INFO: [ app_begin ] --START--
INFO: Run Behavior\ReadHtmlCacheBehavior [ RunTime:0.000333s ]
INFO: [ app_begin ] --END-- [ RunTime:0.000374s ]
INFO: [ view_parse ] --START--
NOTIC: [2] file_get_contents(./Application/Home/View/Member/right.html): failed to open stream: No such file or directory /web/jquery/5/512/demo/ThinkPHP/Library/Think/Template.class.php 第 696 行.
INFO: [ template_filter ] --START--
INFO: Run Behavior\ContentReplaceBehavior [ RunTime:0.000037s ]
INFO: [ template_filter ] --END-- [ RunTime:0.000078s ]
NOTIC: [8] Undefined variable: keywords /web/jquery/5/512/demo/Application/Runtime/Cache/Home/2a94b8bda04ff446dcedd42276fc99ee.php 第 6 行.
NOTIC: [8] Undefined variable: description /web/jquery/5/512/demo/Application/Runtime/Cache/Home/2a94b8bda04ff446dcedd42276fc99ee.php 第 7 行.
NOTIC: [8192] mysql_connect(): The mysql extension is deprecated and will be removed in the future: use mysqli or PDO instead /web/jquery/5/512/demo/ThinkPHP/Library/Think/Db/Driver/Mysql.class.php 第 52 行.
SQL: SHOW COLUMNS FROM `sign` [ RunTime:0.000915s ]
SQL: SELECT `id` FROM `sign` WHERE ( addtime = 1448899200 AND status = 0 AND uid =  ) LIMIT 1   [ RunTime:0.000119s ]
ERR: 1064:You have an error in your SQL syntax; check the manual that corresponds to your MySQL server version for the right syntax to use near ') LIMIT 1' at line 1
 [ SQL语句 ] : SELECT `id` FROM `sign` WHERE ( addtime = 1448899200 AND status = 0 AND uid =  ) LIMIT 1  
SQL: SELECT `id` FROM `sign` WHERE ( addtime = 1448985600 AND status = 0 AND uid =  ) LIMIT 1   [ RunTime:0.000079s ]
ERR: 1064:You have an error in your SQL syntax; check the manual that corresponds to your MySQL server version for the right syntax to use near ') LIMIT 1' at line 1
 [ SQL语句 ] : SELECT `id` FROM `sign` WHERE ( addtime = 1448985600 AND status = 0 AND uid =  ) LIMIT 1  
SQL: SELECT `id` FROM `sign` WHERE ( addtime = 1449072000 AND status = 0 AND uid =  ) LIMIT 1   [ RunTime:0.000078s ]
ERR: 1064:You have an error in your SQL syntax; check the manual that corresponds to your MySQL server version for the right syntax to use near ') LIMIT 1' at line 1
 [ SQL语句 ] : SELECT `id` FROM `sign` WHERE ( addtime = 1449072000 AND status = 0 AND uid =  ) LIMIT 1  
SQL: SELECT `id` FROM `sign` WHERE ( addtime = 1449158400 AND status = 0 AND uid =  ) LIMIT 1   [ RunTime:0.000083s ]
ERR: 1064:You have an error in your SQL syntax; check the manual that corresponds to your MySQL server version for the right syntax to use near ') LIMIT 1' at line 1
 [ SQL语句 ] : SELECT `id` FROM `sign` WHERE ( addtime = 1449158400 AND status = 0 AND uid =  ) LIMIT 1  
SQL: SELECT `id` FROM `sign` WHERE ( addtime = 1449244800 AND status = 0 AND uid =  ) LIMIT 1   [ RunTime:0.000080s ]
ERR: 1064:You have an error in your SQL syntax; check the manual that corresponds to your MySQL server version for the right syntax to use near ') LIMIT 1' at line 1
 [ SQL语句 ] : SELECT `id` FROM `sign` WHERE ( addtime = 1449244800 AND status = 0 AND uid =  ) LIMIT 1  
SQL: SELECT `id` FROM `sign` WHERE ( addtime = 1449331200 AND status = 0 AND uid =  ) LIMIT 1   [ RunTime:0.000077s ]
ERR: 1064:You have an error in your SQL syntax; check the manual that corresponds to your MySQL server version for the right syntax to use near ') LIMIT 1' at line 1
 [ SQL语句 ] : SELECT `id` FROM `sign` WHERE ( addtime = 1449331200 AND status = 0 AND uid =  ) LIMIT 1  
SQL: SELECT `id` FROM `sign` WHERE ( addtime = 1449417600 AND status = 0 AND uid =  ) LIMIT 1   [ RunTime:0.000078s ]
ERR: 1064:You have an error in your SQL syntax; check the manual that corresponds to your MySQL server version for the right syntax to use near ') LIMIT 1' at line 1
 [ SQL语句 ] : SELECT `id` FROM `sign` WHERE ( addtime = 1449417600 AND status = 0 AND uid =  ) LIMIT 1  
SQL: SELECT `id` FROM `sign` WHERE ( addtime = 1449504000 AND status = 0 AND uid =  ) LIMIT 1   [ RunTime:0.000073s ]
ERR: 1064:You have an error in your SQL syntax; check the manual that corresponds to your MySQL server version for the right syntax to use near ') LIMIT 1' at line 1
 [ SQL语句 ] : SELECT `id` FROM `sign` WHERE ( addtime = 1449504000 AND status = 0 AND uid =  ) LIMIT 1  
SQL: SELECT `id` FROM `sign` WHERE ( addtime = 1449590400 AND status = 0 AND uid =  ) LIMIT 1   [ RunTime:0.000082s ]
ERR: 1064:You have an error in your SQL syntax; check the manual that corresponds to your MySQL server version for the right syntax to use near ') LIMIT 1' at line 1
 [ SQL语句 ] : SELECT `id` FROM `sign` WHERE ( addtime = 1449590400 AND status = 0 AND uid =  ) LIMIT 1  
INFO: Run Behavior\ParseTemplateBehavior [ RunTime:0.016812s ]
INFO: [ view_parse ] --END-- [ RunTime:0.016852s ]
INFO: [ view_filter ] --START--
INFO: Run Behavior\WriteHtmlCacheBehavior [ RunTime:0.000123s ]
INFO: [ view_filter ] --END-- [ RunTime:0.000158s ]
INFO: [ app_end ] --START--
INFO: Run Behavior\ShowPageTraceBehavior [ RunTime:0.000427s ]
INFO: [ app_end ] --END-- [ RunTime:0.000473s ]

[ 2015-12-09T11:22:07+08:00 ] 211.143.67.192 /jquery/5/512/demo/
INFO: [ app_init ] --START--
INFO: Run Behavior\BuildLiteBehavior [ RunTime:0.000013s ]
INFO: [ app_init ] --END-- [ RunTime:0.000285s ]
INFO: [ app_begin ] --START--
INFO: Run Behavior\ReadHtmlCacheBehavior [ RunTime:0.000348s ]
INFO: [ app_begin ] --END-- [ RunTime:0.000391s ]
INFO: [ view_parse ] --START--
NOTIC: [2] file_get_contents(./Application/Home/View/Member/right.html): failed to open stream: No such file or directory /web/jquery/5/512/demo/ThinkPHP/Library/Think/Template.class.php 第 696 行.
INFO: [ template_filter ] --START--
INFO: Run Behavior\ContentReplaceBehavior [ RunTime:0.000035s ]
INFO: [ template_filter ] --END-- [ RunTime:0.000075s ]
NOTIC: [8] Undefined variable: keywords /web/jquery/5/512/demo/Application/Runtime/Cache/Home/2a94b8bda04ff446dcedd42276fc99ee.php 第 6 行.
NOTIC: [8] Undefined variable: description /web/jquery/5/512/demo/Application/Runtime/Cache/Home/2a94b8bda04ff446dcedd42276fc99ee.php 第 7 行.
NOTIC: [8192] mysql_connect(): The mysql extension is deprecated and will be removed in the future: use mysqli or PDO instead /web/jquery/5/512/demo/ThinkPHP/Library/Think/Db/Driver/Mysql.class.php 第 52 行.
SQL: SHOW COLUMNS FROM `sign` [ RunTime:0.000774s ]
SQL: SELECT `id` FROM `sign` WHERE ( addtime = 1448899200 AND status = 0 AND uid =  ) LIMIT 1   [ RunTime:0.000117s ]
ERR: 1064:You have an error in your SQL syntax; check the manual that corresponds to your MySQL server version for the right syntax to use near ') LIMIT 1' at line 1
 [ SQL语句 ] : SELECT `id` FROM `sign` WHERE ( addtime = 1448899200 AND status = 0 AND uid =  ) LIMIT 1  
SQL: SELECT `id` FROM `sign` WHERE ( addtime = 1448985600 AND status = 0 AND uid =  ) LIMIT 1   [ RunTime:0.000080s ]
ERR: 1064:You have an error in your SQL syntax; check the manual that corresponds to your MySQL server version for the right syntax to use near ') LIMIT 1' at line 1
 [ SQL语句 ] : SELECT `id` FROM `sign` WHERE ( addtime = 1448985600 AND status = 0 AND uid =  ) LIMIT 1  
SQL: SELECT `id` FROM `sign` WHERE ( addtime = 1449072000 AND status = 0 AND uid =  ) LIMIT 1   [ RunTime:0.000092s ]
ERR: 1064:You have an error in your SQL syntax; check the manual that corresponds to your MySQL server version for the right syntax to use near ') LIMIT 1' at line 1
 [ SQL语句 ] : SELECT `id` FROM `sign` WHERE ( addtime = 1449072000 AND status = 0 AND uid =  ) LIMIT 1  
SQL: SELECT `id` FROM `sign` WHERE ( addtime = 1449158400 AND status = 0 AND uid =  ) LIMIT 1   [ RunTime:0.000079s ]
ERR: 1064:You have an error in your SQL syntax; check the manual that corresponds to your MySQL server version for the right syntax to use near ') LIMIT 1' at line 1
 [ SQL语句 ] : SELECT `id` FROM `sign` WHERE ( addtime = 1449158400 AND status = 0 AND uid =  ) LIMIT 1  
SQL: SELECT `id` FROM `sign` WHERE ( addtime = 1449244800 AND status = 0 AND uid =  ) LIMIT 1   [ RunTime:0.000077s ]
ERR: 1064:You have an error in your SQL syntax; check the manual that corresponds to your MySQL server version for the right syntax to use near ') LIMIT 1' at line 1
 [ SQL语句 ] : SELECT `id` FROM `sign` WHERE ( addtime = 1449244800 AND status = 0 AND uid =  ) LIMIT 1  
SQL: SELECT `id` FROM `sign` WHERE ( addtime = 1449331200 AND status = 0 AND uid =  ) LIMIT 1   [ RunTime:0.000076s ]
ERR: 1064:You have an error in your SQL syntax; check the manual that corresponds to your MySQL server version for the right syntax to use near ') LIMIT 1' at line 1
 [ SQL语句 ] : SELECT `id` FROM `sign` WHERE ( addtime = 1449331200 AND status = 0 AND uid =  ) LIMIT 1  
SQL: SELECT `id` FROM `sign` WHERE ( addtime = 1449417600 AND status = 0 AND uid =  ) LIMIT 1   [ RunTime:0.000092s ]
ERR: 1064:You have an error in your SQL syntax; check the manual that corresponds to your MySQL server version for the right syntax to use near ') LIMIT 1' at line 1
 [ SQL语句 ] : SELECT `id` FROM `sign` WHERE ( addtime = 1449417600 AND status = 0 AND uid =  ) LIMIT 1  
SQL: SELECT `id` FROM `sign` WHERE ( addtime = 1449504000 AND status = 0 AND uid =  ) LIMIT 1   [ RunTime:0.000077s ]
ERR: 1064:You have an error in your SQL syntax; check the manual that corresponds to your MySQL server version for the right syntax to use near ') LIMIT 1' at line 1
 [ SQL语句 ] : SELECT `id` FROM `sign` WHERE ( addtime = 1449504000 AND status = 0 AND uid =  ) LIMIT 1  
SQL: SELECT `id` FROM `sign` WHERE ( addtime = 1449590400 AND status = 0 AND uid =  ) LIMIT 1   [ RunTime:0.000075s ]
ERR: 1064:You have an error in your SQL syntax; check the manual that corresponds to your MySQL server version for the right syntax to use near ') LIMIT 1' at line 1
 [ SQL语句 ] : SELECT `id` FROM `sign` WHERE ( addtime = 1449590400 AND status = 0 AND uid =  ) LIMIT 1  
INFO: Run Behavior\ParseTemplateBehavior [ RunTime:0.016159s ]
INFO: [ view_parse ] --END-- [ RunTime:0.016199s ]
INFO: [ view_filter ] --START--
INFO: Run Behavior\WriteHtmlCacheBehavior [ RunTime:0.000117s ]
INFO: [ view_filter ] --END-- [ RunTime:0.000152s ]
INFO: [ app_end ] --START--
INFO: Run Behavior\ShowPageTraceBehavior [ RunTime:0.000399s ]
INFO: [ app_end ] --END-- [ RunTime:0.000447s ]

[ 2015-12-09T11:22:23+08:00 ] 211.143.67.192 /jquery/5/512/demo/Ajax/signDay
INFO: [ app_init ] --START--
INFO: Run Behavior\BuildLiteBehavior [ RunTime:0.000016s ]
INFO: [ app_init ] --END-- [ RunTime:0.000320s ]
INFO: [ app_begin ] --START--
INFO: Run Behavior\ReadHtmlCacheBehavior [ RunTime:0.000337s ]
INFO: [ app_begin ] --END-- [ RunTime:0.000385s ]

[ 2015-12-09T11:22:26+08:00 ] 211.143.67.192 /jquery/5/512/demo/Ajax/signDay
INFO: [ app_init ] --START--
INFO: Run Behavior\BuildLiteBehavior [ RunTime:0.000024s ]
INFO: [ app_init ] --END-- [ RunTime:0.000434s ]
INFO: [ app_begin ] --START--
INFO: Run Behavior\ReadHtmlCacheBehavior [ RunTime:0.000564s ]
INFO: [ app_begin ] --END-- [ RunTime:0.000635s ]

[ 2015-12-09T13:48:20+08:00 ] 221.224.111.222 /jquery/5/512/demo/
INFO: [ app_init ] --START--
INFO: Run Behavior\BuildLiteBehavior [ RunTime:0.000017s ]
INFO: [ app_init ] --END-- [ RunTime:0.000324s ]
INFO: [ app_begin ] --START--
INFO: Run Behavior\ReadHtmlCacheBehavior [ RunTime:0.000391s ]
INFO: [ app_begin ] --END-- [ RunTime:0.000441s ]
INFO: [ view_parse ] --START--
NOTIC: [2] file_get_contents(./Application/Home/View/Member/right.html): failed to open stream: No such file or directory /web/jquery/5/512/demo/ThinkPHP/Library/Think/Template.class.php 第 696 行.
INFO: [ template_filter ] --START--
INFO: Run Behavior\ContentReplaceBehavior [ RunTime:0.000040s ]
INFO: [ template_filter ] --END-- [ RunTime:0.000092s ]
NOTIC: [8] Undefined variable: keywords /web/jquery/5/512/demo/Application/Runtime/Cache/Home/2a94b8bda04ff446dcedd42276fc99ee.php 第 6 行.
NOTIC: [8] Undefined variable: description /web/jquery/5/512/demo/Application/Runtime/Cache/Home/2a94b8bda04ff446dcedd42276fc99ee.php 第 7 行.
NOTIC: [8192] mysql_connect(): The mysql extension is deprecated and will be removed in the future: use mysqli or PDO instead /web/jquery/5/512/demo/ThinkPHP/Library/Think/Db/Driver/Mysql.class.php 第 52 行.
SQL: SHOW COLUMNS FROM `sign` [ RunTime:0.000789s ]
SQL: SELECT `id` FROM `sign` WHERE ( addtime = 1448899200 AND status = 0 AND uid = 194 ) LIMIT 1   [ RunTime:0.000222s ]
SQL: SELECT `id` FROM `sign` WHERE ( addtime = 1448985600 AND status = 0 AND uid = 194 ) LIMIT 1   [ RunTime:0.000147s ]
SQL: SELECT `id` FROM `sign` WHERE ( addtime = 1449072000 AND status = 0 AND uid = 194 ) LIMIT 1   [ RunTime:0.000144s ]
SQL: SELECT `id` FROM `sign` WHERE ( addtime = 1449158400 AND status = 0 AND uid = 194 ) LIMIT 1   [ RunTime:0.000143s ]
SQL: SELECT `id` FROM `sign` WHERE ( addtime = 1449244800 AND status = 0 AND uid = 194 ) LIMIT 1   [ RunTime:0.000171s ]
SQL: SELECT `id` FROM `sign` WHERE ( addtime = 1449331200 AND status = 0 AND uid = 194 ) LIMIT 1   [ RunTime:0.000157s ]
SQL: SELECT `id` FROM `sign` WHERE ( addtime = 1449417600 AND status = 0 AND uid = 194 ) LIMIT 1   [ RunTime:0.000164s ]
SQL: SELECT `id` FROM `sign` WHERE ( addtime = 1449504000 AND status = 0 AND uid = 194 ) LIMIT 1   [ RunTime:0.000174s ]
SQL: SELECT `id` FROM `sign` WHERE ( addtime = 1449590400 AND status = 0 AND uid = 194 ) LIMIT 1   [ RunTime:0.000140s ]
INFO: Run Behavior\ParseTemplateBehavior [ RunTime:0.021461s ]
INFO: [ view_parse ] --END-- [ RunTime:0.021526s ]
INFO: [ view_filter ] --START--
INFO: Run Behavior\WriteHtmlCacheBehavior [ RunTime:0.000183s ]
INFO: [ view_filter ] --END-- [ RunTime:0.000219s ]
INFO: [ app_end ] --START--
INFO: Run Behavior\ShowPageTraceBehavior [ RunTime:0.000488s ]
INFO: [ app_end ] --END-- [ RunTime:0.000535s ]

[ 2015-12-09T13:48:22+08:00 ] 221.224.111.222 /jquery/5/512/demo/Ajax/signDay
INFO: [ app_init ] --START--
INFO: Run Behavior\BuildLiteBehavior [ RunTime:0.000015s ]
INFO: [ app_init ] --END-- [ RunTime:0.000271s ]
INFO: [ app_begin ] --START--
INFO: Run Behavior\ReadHtmlCacheBehavior [ RunTime:0.000330s ]
INFO: [ app_begin ] --END-- [ RunTime:0.000371s ]
NOTIC: [8192] mysql_connect(): The mysql extension is deprecated and will be removed in the future: use mysqli or PDO instead /web/jquery/5/512/demo/ThinkPHP/Library/Think/Db/Driver/Mysql.class.php 第 52 行.
SQL: SHOW COLUMNS FROM `sign` [ RunTime:0.000786s ]
SQL: SELECT `id` FROM `sign` WHERE ( addtime = 1449590400 AND uid = 194 AND status = 0 ) LIMIT 1   [ RunTime:0.000193s ]
SQL: INSERT INTO `sign` (`addtime`,`uid`,`money`) VALUES (1449590400,194,20) [ RunTime:0.000187s ]
INFO: [ app_end ] --START--
INFO: Run Behavior\ShowPageTraceBehavior [ RunTime:0.000431s ]
INFO: [ app_end ] --END-- [ RunTime:0.000471s ]

[ 2015-12-09T17:25:12+08:00 ] 58.246.173.186 /jquery/5/512/demo/
INFO: [ app_init ] --START--
INFO: Run Behavior\BuildLiteBehavior [ RunTime:0.000013s ]
INFO: [ app_init ] --END-- [ RunTime:0.000292s ]
INFO: [ app_begin ] --START--
INFO: Run Behavior\ReadHtmlCacheBehavior [ RunTime:0.000361s ]
INFO: [ app_begin ] --END-- [ RunTime:0.000417s ]
INFO: [ view_parse ] --START--
NOTIC: [2] file_get_contents(./Application/Home/View/Member/right.html): failed to open stream: No such file or directory /web/jquery/5/512/demo/ThinkPHP/Library/Think/Template.class.php 第 696 行.
INFO: [ template_filter ] --START--
INFO: Run Behavior\ContentReplaceBehavior [ RunTime:0.000034s ]
INFO: [ template_filter ] --END-- [ RunTime:0.000087s ]
NOTIC: [8] Undefined variable: keywords /web/jquery/5/512/demo/Application/Runtime/Cache/Home/2a94b8bda04ff446dcedd42276fc99ee.php 第 6 行.
NOTIC: [8] Undefined variable: description /web/jquery/5/512/demo/Application/Runtime/Cache/Home/2a94b8bda04ff446dcedd42276fc99ee.php 第 7 行.
NOTIC: [8192] mysql_connect(): The mysql extension is deprecated and will be removed in the future: use mysqli or PDO instead /web/jquery/5/512/demo/ThinkPHP/Library/Think/Db/Driver/Mysql.class.php 第 52 行.
SQL: SHOW COLUMNS FROM `sign` [ RunTime:0.000951s ]
SQL: SELECT `id` FROM `sign` WHERE ( addtime = 1448899200 AND status = 0 AND uid =  ) LIMIT 1   [ RunTime:0.000116s ]
ERR: 1064:You have an error in your SQL syntax; check the manual that corresponds to your MySQL server version for the right syntax to use near ') LIMIT 1' at line 1
 [ SQL语句 ] : SELECT `id` FROM `sign` WHERE ( addtime = 1448899200 AND status = 0 AND uid =  ) LIMIT 1  
SQL: SELECT `id` FROM `sign` WHERE ( addtime = 1448985600 AND status = 0 AND uid =  ) LIMIT 1   [ RunTime:0.000081s ]
ERR: 1064:You have an error in your SQL syntax; check the manual that corresponds to your MySQL server version for the right syntax to use near ') LIMIT 1' at line 1
 [ SQL语句 ] : SELECT `id` FROM `sign` WHERE ( addtime = 1448985600 AND status = 0 AND uid =  ) LIMIT 1  
SQL: SELECT `id` FROM `sign` WHERE ( addtime = 1449072000 AND status = 0 AND uid =  ) LIMIT 1   [ RunTime:0.000079s ]
ERR: 1064:You have an error in your SQL syntax; check the manual that corresponds to your MySQL server version for the right syntax to use near ') LIMIT 1' at line 1
 [ SQL语句 ] : SELECT `id` FROM `sign` WHERE ( addtime = 1449072000 AND status = 0 AND uid =  ) LIMIT 1  
SQL: SELECT `id` FROM `sign` WHERE ( addtime = 1449158400 AND status = 0 AND uid =  ) LIMIT 1   [ RunTime:0.000078s ]
ERR: 1064:You have an error in your SQL syntax; check the manual that corresponds to your MySQL server version for the right syntax to use near ') LIMIT 1' at line 1
 [ SQL语句 ] : SELECT `id` FROM `sign` WHERE ( addtime = 1449158400 AND status = 0 AND uid =  ) LIMIT 1  
SQL: SELECT `id` FROM `sign` WHERE ( addtime = 1449244800 AND status = 0 AND uid =  ) LIMIT 1   [ RunTime:0.000077s ]
ERR: 1064:You have an error in your SQL syntax; check the manual that corresponds to your MySQL server version for the right syntax to use near ') LIMIT 1' at line 1
 [ SQL语句 ] : SELECT `id` FROM `sign` WHERE ( addtime = 1449244800 AND status = 0 AND uid =  ) LIMIT 1  
SQL: SELECT `id` FROM `sign` WHERE ( addtime = 1449331200 AND status = 0 AND uid =  ) LIMIT 1   [ RunTime:0.000077s ]
ERR: 1064:You have an error in your SQL syntax; check the manual that corresponds to your MySQL server version for the right syntax to use near ') LIMIT 1' at line 1
 [ SQL语句 ] : SELECT `id` FROM `sign` WHERE ( addtime = 1449331200 AND status = 0 AND uid =  ) LIMIT 1  
SQL: SELECT `id` FROM `sign` WHERE ( addtime = 1449417600 AND status = 0 AND uid =  ) LIMIT 1   [ RunTime:0.000076s ]
ERR: 1064:You have an error in your SQL syntax; check the manual that corresponds to your MySQL server version for the right syntax to use near ') LIMIT 1' at line 1
 [ SQL语句 ] : SELECT `id` FROM `sign` WHERE ( addtime = 1449417600 AND status = 0 AND uid =  ) LIMIT 1  
SQL: SELECT `id` FROM `sign` WHERE ( addtime = 1449504000 AND status = 0 AND uid =  ) LIMIT 1   [ RunTime:0.000075s ]
ERR: 1064:You have an error in your SQL syntax; check the manual that corresponds to your MySQL server version for the right syntax to use near ') LIMIT 1' at line 1
 [ SQL语句 ] : SELECT `id` FROM `sign` WHERE ( addtime = 1449504000 AND status = 0 AND uid =  ) LIMIT 1  
SQL: SELECT `id` FROM `sign` WHERE ( addtime = 1449590400 AND status = 0 AND uid =  ) LIMIT 1   [ RunTime:0.000075s ]
ERR: 1064:You have an error in your SQL syntax; check the manual that corresponds to your MySQL server version for the right syntax to use near ') LIMIT 1' at line 1
 [ SQL语句 ] : SELECT `id` FROM `sign` WHERE ( addtime = 1449590400 AND status = 0 AND uid =  ) LIMIT 1  
INFO: Run Behavior\ParseTemplateBehavior [ RunTime:0.019969s ]
INFO: [ view_parse ] --END-- [ RunTime:0.020015s ]
INFO: [ view_filter ] --START--
INFO: Run Behavior\WriteHtmlCacheBehavior [ RunTime:0.000158s ]
INFO: [ view_filter ] --END-- [ RunTime:0.000201s ]
INFO: [ app_end ] --START--
INFO: Run Behavior\ShowPageTraceBehavior [ RunTime:0.000395s ]
INFO: [ app_end ] --END-- [ RunTime:0.000441s ]

[ 2015-12-09T17:25:14+08:00 ] 58.246.173.186 /jquery/5/512/demo/Ajax/signDay
INFO: [ app_init ] --START--
INFO: Run Behavior\BuildLiteBehavior [ RunTime:0.000011s ]
INFO: [ app_init ] --END-- [ RunTime:0.000264s ]
INFO: [ app_begin ] --START--
INFO: Run Behavior\ReadHtmlCacheBehavior [ RunTime:0.000329s ]
INFO: [ app_begin ] --END-- [ RunTime:0.000378s ]

[ 2015-12-09T19:59:27+08:00 ] 14.103.71.83 /jquery/5/512/demo/
INFO: [ app_init ] --START--
INFO: Run Behavior\BuildLiteBehavior [ RunTime:0.000017s ]
INFO: [ app_init ] --END-- [ RunTime:0.000305s ]
INFO: [ app_begin ] --START--
INFO: Run Behavior\ReadHtmlCacheBehavior [ RunTime:0.000347s ]
INFO: [ app_begin ] --END-- [ RunTime:0.000393s ]
INFO: [ view_parse ] --START--
NOTIC: [2] file_get_contents(./Application/Home/View/Member/right.html): failed to open stream: No such file or directory /web/jquery/5/512/demo/ThinkPHP/Library/Think/Template.class.php 第 696 行.
INFO: [ template_filter ] --START--
INFO: Run Behavior\ContentReplaceBehavior [ RunTime:0.000038s ]
INFO: [ template_filter ] --END-- [ RunTime:0.000082s ]
NOTIC: [8] Undefined variable: keywords /web/jquery/5/512/demo/Application/Runtime/Cache/Home/2a94b8bda04ff446dcedd42276fc99ee.php 第 6 行.
NOTIC: [8] Undefined variable: description /web/jquery/5/512/demo/Application/Runtime/Cache/Home/2a94b8bda04ff446dcedd42276fc99ee.php 第 7 行.
NOTIC: [8192] mysql_connect(): The mysql extension is deprecated and will be removed in the future: use mysqli or PDO instead /web/jquery/5/512/demo/ThinkPHP/Library/Think/Db/Driver/Mysql.class.php 第 52 行.
SQL: SHOW COLUMNS FROM `sign` [ RunTime:0.000761s ]
SQL: SELECT `id` FROM `sign` WHERE ( addtime = 1448899200 AND status = 0 AND uid = 97 ) LIMIT 1   [ RunTime:0.000210s ]
SQL: SELECT `id` FROM `sign` WHERE ( addtime = 1448985600 AND status = 0 AND uid = 97 ) LIMIT 1   [ RunTime:0.000165s ]
SQL: SELECT `id` FROM `sign` WHERE ( addtime = 1449072000 AND status = 0 AND uid = 97 ) LIMIT 1   [ RunTime:0.000143s ]
SQL: SELECT `id` FROM `sign` WHERE ( addtime = 1449158400 AND status = 0 AND uid = 97 ) LIMIT 1   [ RunTime:0.000141s ]
SQL: SELECT `id` FROM `sign` WHERE ( addtime = 1449244800 AND status = 0 AND uid = 97 ) LIMIT 1   [ RunTime:0.000147s ]
SQL: SELECT `id` FROM `sign` WHERE ( addtime = 1449331200 AND status = 0 AND uid = 97 ) LIMIT 1   [ RunTime:0.000158s ]
SQL: SELECT `id` FROM `sign` WHERE ( addtime = 1449417600 AND status = 0 AND uid = 97 ) LIMIT 1   [ RunTime:0.000138s ]
SQL: SELECT `id` FROM `sign` WHERE ( addtime = 1449504000 AND status = 0 AND uid = 97 ) LIMIT 1   [ RunTime:0.000139s ]
SQL: SELECT `id` FROM `sign` WHERE ( addtime = 1449590400 AND status = 0 AND uid = 97 ) LIMIT 1   [ RunTime:0.000141s ]
INFO: Run Behavior\ParseTemplateBehavior [ RunTime:0.017709s ]
INFO: [ view_parse ] --END-- [ RunTime:0.017752s ]
INFO: [ view_filter ] --START--
INFO: Run Behavior\WriteHtmlCacheBehavior [ RunTime:0.000119s ]
INFO: [ view_filter ] --END-- [ RunTime:0.000154s ]
INFO: [ app_end ] --START--
INFO: Run Behavior\ShowPageTraceBehavior [ RunTime:0.000393s ]
INFO: [ app_end ] --END-- [ RunTime:0.000446s ]

[ 2015-12-09T19:59:29+08:00 ] 183.13.245.137 /jquery/5/512/demo/Ajax/signDay
INFO: [ app_init ] --START--
INFO: Run Behavior\BuildLiteBehavior [ RunTime:0.000016s ]
INFO: [ app_init ] --END-- [ RunTime:0.000307s ]
INFO: [ app_begin ] --START--
INFO: Run Behavior\ReadHtmlCacheBehavior [ RunTime:0.000360s ]
INFO: [ app_begin ] --END-- [ RunTime:0.000409s ]
NOTIC: [8192] mysql_connect(): The mysql extension is deprecated and will be removed in the future: use mysqli or PDO instead /web/jquery/5/512/demo/ThinkPHP/Library/Think/Db/Driver/Mysql.class.php 第 52 行.
SQL: SHOW COLUMNS FROM `sign` [ RunTime:0.000828s ]
SQL: SELECT `id` FROM `sign` WHERE ( addtime = 1449590400 AND uid = 97 AND status = 0 ) LIMIT 1   [ RunTime:0.000195s ]
SQL: INSERT INTO `sign` (`addtime`,`uid`,`money`) VALUES (1449590400,97,20) [ RunTime:0.000160s ]
INFO: [ app_end ] --START--
INFO: Run Behavior\ShowPageTraceBehavior [ RunTime:0.000493s ]
INFO: [ app_end ] --END-- [ RunTime:0.000537s ]

[ 2015-12-09T20:50:50+08:00 ] 117.80.0.197 /jquery/5/512/demo/
INFO: [ app_init ] --START--
INFO: Run Behavior\BuildLiteBehavior [ RunTime:0.000017s ]
INFO: [ app_init ] --END-- [ RunTime:0.000401s ]
INFO: [ app_begin ] --START--
INFO: Run Behavior\ReadHtmlCacheBehavior [ RunTime:0.000518s ]
INFO: [ app_begin ] --END-- [ RunTime:0.000574s ]
INFO: [ view_parse ] --START--
NOTIC: [2] file_get_contents(./Application/Home/View/Member/right.html): failed to open stream: No such file or directory /web/jquery/5/512/demo/ThinkPHP/Library/Think/Template.class.php 第 696 行.
INFO: [ template_filter ] --START--
INFO: Run Behavior\ContentReplaceBehavior [ RunTime:0.000036s ]
INFO: [ template_filter ] --END-- [ RunTime:0.000088s ]
NOTIC: [8] Undefined variable: keywords /web/jquery/5/512/demo/Application/Runtime/Cache/Home/2a94b8bda04ff446dcedd42276fc99ee.php 第 6 行.
NOTIC: [8] Undefined variable: description /web/jquery/5/512/demo/Application/Runtime/Cache/Home/2a94b8bda04ff446dcedd42276fc99ee.php 第 7 行.
NOTIC: [8192] mysql_connect(): The mysql extension is deprecated and will be removed in the future: use mysqli or PDO instead /web/jquery/5/512/demo/ThinkPHP/Library/Think/Db/Driver/Mysql.class.php 第 52 行.
SQL: SHOW COLUMNS FROM `sign` [ RunTime:0.000769s ]
SQL: SELECT `id` FROM `sign` WHERE ( addtime = 1448899200 AND status = 0 AND uid =  ) LIMIT 1   [ RunTime:0.000118s ]
ERR: 1064:You have an error in your SQL syntax; check the manual that corresponds to your MySQL server version for the right syntax to use near ') LIMIT 1' at line 1
 [ SQL语句 ] : SELECT `id` FROM `sign` WHERE ( addtime = 1448899200 AND status = 0 AND uid =  ) LIMIT 1  
SQL: SELECT `id` FROM `sign` WHERE ( addtime = 1448985600 AND status = 0 AND uid =  ) LIMIT 1   [ RunTime:0.000097s ]
ERR: 1064:You have an error in your SQL syntax; check the manual that corresponds to your MySQL server version for the right syntax to use near ') LIMIT 1' at line 1
 [ SQL语句 ] : SELECT `id` FROM `sign` WHERE ( addtime = 1448985600 AND status = 0 AND uid =  ) LIMIT 1  
SQL: SELECT `id` FROM `sign` WHERE ( addtime = 1449072000 AND status = 0 AND uid =  ) LIMIT 1   [ RunTime:0.000082s ]
ERR: 1064:You have an error in your SQL syntax; check the manual that corresponds to your MySQL server version for the right syntax to use near ') LIMIT 1' at line 1
 [ SQL语句 ] : SELECT `id` FROM `sign` WHERE ( addtime = 1449072000 AND status = 0 AND uid =  ) LIMIT 1  
SQL: SELECT `id` FROM `sign` WHERE ( addtime = 1449158400 AND status = 0 AND uid =  ) LIMIT 1   [ RunTime:0.000079s ]
ERR: 1064:You have an error in your SQL syntax; check the manual that corresponds to your MySQL server version for the right syntax to use near ') LIMIT 1' at line 1
 [ SQL语句 ] : SELECT `id` FROM `sign` WHERE ( addtime = 1449158400 AND status = 0 AND uid =  ) LIMIT 1  
SQL: SELECT `id` FROM `sign` WHERE ( addtime = 1449244800 AND status = 0 AND uid =  ) LIMIT 1   [ RunTime:0.000077s ]
ERR: 1064:You have an error in your SQL syntax; check the manual that corresponds to your MySQL server version for the right syntax to use near ') LIMIT 1' at line 1
 [ SQL语句 ] : SELECT `id` FROM `sign` WHERE ( addtime = 1449244800 AND status = 0 AND uid =  ) LIMIT 1  
SQL: SELECT `id` FROM `sign` WHERE ( addtime = 1449331200 AND status = 0 AND uid =  ) LIMIT 1   [ RunTime:0.000077s ]
ERR: 1064:You have an error in your SQL syntax; check the manual that corresponds to your MySQL server version for the right syntax to use near ') LIMIT 1' at line 1
 [ SQL语句 ] : SELECT `id` FROM `sign` WHERE ( addtime = 1449331200 AND status = 0 AND uid =  ) LIMIT 1  
SQL: SELECT `id` FROM `sign` WHERE ( addtime = 1449417600 AND status = 0 AND uid =  ) LIMIT 1   [ RunTime:0.000077s ]
ERR: 1064:You have an error in your SQL syntax; check the manual that corresponds to your MySQL server version for the right syntax to use near ') LIMIT 1' at line 1
 [ SQL语句 ] : SELECT `id` FROM `sign` WHERE ( addtime = 1449417600 AND status = 0 AND uid =  ) LIMIT 1  
SQL: SELECT `id` FROM `sign` WHERE ( addtime = 1449504000 AND status = 0 AND uid =  ) LIMIT 1   [ RunTime:0.000081s ]
ERR: 1064:You have an error in your SQL syntax; check the manual that corresponds to your MySQL server version for the right syntax to use near ') LIMIT 1' at line 1
 [ SQL语句 ] : SELECT `id` FROM `sign` WHERE ( addtime = 1449504000 AND status = 0 AND uid =  ) LIMIT 1  
SQL: SELECT `id` FROM `sign` WHERE ( addtime = 1449590400 AND status = 0 AND uid =  ) LIMIT 1   [ RunTime:0.000076s ]
ERR: 1064:You have an error in your SQL syntax; check the manual that corresponds to your MySQL server version for the right syntax to use near ') LIMIT 1' at line 1
 [ SQL语句 ] : SELECT `id` FROM `sign` WHERE ( addtime = 1449590400 AND status = 0 AND uid =  ) LIMIT 1  
INFO: Run Behavior\ParseTemplateBehavior [ RunTime:0.019288s ]
INFO: [ view_parse ] --END-- [ RunTime:0.019343s ]
INFO: [ view_filter ] --START--
INFO: Run Behavior\WriteHtmlCacheBehavior [ RunTime:0.000111s ]
INFO: [ view_filter ] --END-- [ RunTime:0.000150s ]
INFO: [ app_end ] --START--
INFO: Run Behavior\ShowPageTraceBehavior [ RunTime:0.000424s ]
INFO: [ app_end ] --END-- [ RunTime:0.000474s ]

[ 2015-12-09T20:50:52+08:00 ] 117.80.0.197 /jquery/5/512/demo/Ajax/signDay
INFO: [ app_init ] --START--
INFO: Run Behavior\BuildLiteBehavior [ RunTime:0.000014s ]
INFO: [ app_init ] --END-- [ RunTime:0.000260s ]
INFO: [ app_begin ] --START--
INFO: Run Behavior\ReadHtmlCacheBehavior [ RunTime:0.000340s ]
INFO: [ app_begin ] --END-- [ RunTime:0.000437s ]

[ 2015-12-09T22:02:27+08:00 ] 116.30.168.223 /jquery/5/512/demo/
INFO: [ app_init ] --START--
INFO: Run Behavior\BuildLiteBehavior [ RunTime:0.000013s ]
INFO: [ app_init ] --END-- [ RunTime:0.000303s ]
INFO: [ app_begin ] --START--
INFO: Run Behavior\ReadHtmlCacheBehavior [ RunTime:0.000375s ]
INFO: [ app_begin ] --END-- [ RunTime:0.000417s ]
INFO: [ view_parse ] --START--
NOTIC: [2] file_get_contents(./Application/Home/View/Member/right.html): failed to open stream: No such file or directory /web/jquery/5/512/demo/ThinkPHP/Library/Think/Template.class.php 第 696 行.
INFO: [ template_filter ] --START--
INFO: Run Behavior\ContentReplaceBehavior [ RunTime:0.000036s ]
INFO: [ template_filter ] --END-- [ RunTime:0.000077s ]
NOTIC: [8] Undefined variable: keywords /web/jquery/5/512/demo/Application/Runtime/Cache/Home/2a94b8bda04ff446dcedd42276fc99ee.php 第 6 行.
NOTIC: [8] Undefined variable: description /web/jquery/5/512/demo/Application/Runtime/Cache/Home/2a94b8bda04ff446dcedd42276fc99ee.php 第 7 行.
NOTIC: [8192] mysql_connect(): The mysql extension is deprecated and will be removed in the future: use mysqli or PDO instead /web/jquery/5/512/demo/ThinkPHP/Library/Think/Db/Driver/Mysql.class.php 第 52 行.
SQL: SHOW COLUMNS FROM `sign` [ RunTime:0.000757s ]
SQL: SELECT `id` FROM `sign` WHERE ( addtime = 1448899200 AND status = 0 AND uid =  ) LIMIT 1   [ RunTime:0.000123s ]
ERR: 1064:You have an error in your SQL syntax; check the manual that corresponds to your MySQL server version for the right syntax to use near ') LIMIT 1' at line 1
 [ SQL语句 ] : SELECT `id` FROM `sign` WHERE ( addtime = 1448899200 AND status = 0 AND uid =  ) LIMIT 1  
SQL: SELECT `id` FROM `sign` WHERE ( addtime = 1448985600 AND status = 0 AND uid =  ) LIMIT 1   [ RunTime:0.000079s ]
ERR: 1064:You have an error in your SQL syntax; check the manual that corresponds to your MySQL server version for the right syntax to use near ') LIMIT 1' at line 1
 [ SQL语句 ] : SELECT `id` FROM `sign` WHERE ( addtime = 1448985600 AND status = 0 AND uid =  ) LIMIT 1  
SQL: SELECT `id` FROM `sign` WHERE ( addtime = 1449072000 AND status = 0 AND uid =  ) LIMIT 1   [ RunTime:0.000078s ]
ERR: 1064:You have an error in your SQL syntax; check the manual that corresponds to your MySQL server version for the right syntax to use near ') LIMIT 1' at line 1
 [ SQL语句 ] : SELECT `id` FROM `sign` WHERE ( addtime = 1449072000 AND status = 0 AND uid =  ) LIMIT 1  
SQL: SELECT `id` FROM `sign` WHERE ( addtime = 1449158400 AND status = 0 AND uid =  ) LIMIT 1   [ RunTime:0.000077s ]
ERR: 1064:You have an error in your SQL syntax; check the manual that corresponds to your MySQL server version for the right syntax to use near ') LIMIT 1' at line 1
 [ SQL语句 ] : SELECT `id` FROM `sign` WHERE ( addtime = 1449158400 AND status = 0 AND uid =  ) LIMIT 1  
SQL: SELECT `id` FROM `sign` WHERE ( addtime = 1449244800 AND status = 0 AND uid =  ) LIMIT 1   [ RunTime:0.000077s ]
ERR: 1064:You have an error in your SQL syntax; check the manual that corresponds to your MySQL server version for the right syntax to use near ') LIMIT 1' at line 1
 [ SQL语句 ] : SELECT `id` FROM `sign` WHERE ( addtime = 1449244800 AND status = 0 AND uid =  ) LIMIT 1  
SQL: SELECT `id` FROM `sign` WHERE ( addtime = 1449331200 AND status = 0 AND uid =  ) LIMIT 1   [ RunTime:0.000075s ]
ERR: 1064:You have an error in your SQL syntax; check the manual that corresponds to your MySQL server version for the right syntax to use near ') LIMIT 1' at line 1
 [ SQL语句 ] : SELECT `id` FROM `sign` WHERE ( addtime = 1449331200 AND status = 0 AND uid =  ) LIMIT 1  
SQL: SELECT `id` FROM `sign` WHERE ( addtime = 1449417600 AND status = 0 AND uid =  ) LIMIT 1   [ RunTime:0.000080s ]
ERR: 1064:You have an error in your SQL syntax; check the manual that corresponds to your MySQL server version for the right syntax to use near ') LIMIT 1' at line 1
 [ SQL语句 ] : SELECT `id` FROM `sign` WHERE ( addtime = 1449417600 AND status = 0 AND uid =  ) LIMIT 1  
SQL: SELECT `id` FROM `sign` WHERE ( addtime = 1449504000 AND status = 0 AND uid =  ) LIMIT 1   [ RunTime:0.000075s ]
ERR: 1064:You have an error in your SQL syntax; check the manual that corresponds to your MySQL server version for the right syntax to use near ') LIMIT 1' at line 1
 [ SQL语句 ] : SELECT `id` FROM `sign` WHERE ( addtime = 1449504000 AND status = 0 AND uid =  ) LIMIT 1  
SQL: SELECT `id` FROM `sign` WHERE ( addtime = 1449590400 AND status = 0 AND uid =  ) LIMIT 1   [ RunTime:0.000108s ]
ERR: 1064:You have an error in your SQL syntax; check the manual that corresponds to your MySQL server version for the right syntax to use near ') LIMIT 1' at line 1
 [ SQL语句 ] : SELECT `id` FROM `sign` WHERE ( addtime = 1449590400 AND status = 0 AND uid =  ) LIMIT 1  
INFO: Run Behavior\ParseTemplateBehavior [ RunTime:0.017529s ]
INFO: [ view_parse ] --END-- [ RunTime:0.017574s ]
INFO: [ view_filter ] --START--
INFO: Run Behavior\WriteHtmlCacheBehavior [ RunTime:0.000126s ]
INFO: [ view_filter ] --END-- [ RunTime:0.000161s ]
INFO: [ app_end ] --START--
INFO: Run Behavior\ShowPageTraceBehavior [ RunTime:0.000433s ]
INFO: [ app_end ] --END-- [ RunTime:0.000476s ]

[ 2015-12-09T22:02:31+08:00 ] 116.30.168.223 /jquery/5/512/demo/Ajax/signDay
INFO: [ app_init ] --START--
INFO: Run Behavior\BuildLiteBehavior [ RunTime:0.000019s ]
INFO: [ app_init ] --END-- [ RunTime:0.000340s ]
INFO: [ app_begin ] --START--
INFO: Run Behavior\ReadHtmlCacheBehavior [ RunTime:0.000389s ]
INFO: [ app_begin ] --END-- [ RunTime:0.000442s ]

