[ 2015-10-25T15:17:29+08:00 ] 127.0.0.1 /sucai/jquery/5/512/demo/
INFO: [ app_init ] --START--
INFO: Run Behavior\BuildLiteBehavior [ RunTime:0.000051s ]
INFO: [ app_init ] --END-- [ RunTime:0.011889s ]
INFO: [ app_begin ] --START--
INFO: Run Behavior\ReadHtmlCacheBehavior [ RunTime:0.012066s ]
INFO: [ app_begin ] --END-- [ RunTime:0.012278s ]
NOTIC: [8] Undefined variable: other D:\wamp\www\sucai\jquery\5\512\demo\Application\Home\Controller\IndexController.class.php 第 33 行.
INFO: [ view_parse ] --START--
NOTIC: [2] file_get_contents(./Application/Home/View/Member/right.html) [<a href='function.file-get-contents'>function.file-get-contents</a>]: failed to open stream: No such file or directory D:\wamp\www\sucai\jquery\5\512\demo\ThinkPHP\Library\Think\Template.class.php 第 696 行.
INFO: [ template_filter ] --START--
INFO: Run Behavior\ContentReplaceBehavior [ RunTime:0.000150s ]
INFO: [ template_filter ] --END-- [ RunTime:0.000324s ]
NOTIC: [8] Undefined variable: keywords D:\wamp\www\sucai\jquery\5\512\demo\Application\Runtime\Cache\Home\2a94b8bda04ff446dcedd42276fc99ee.php 第 6 行.
NOTIC: [8] Undefined variable: description D:\wamp\www\sucai\jquery\5\512\demo\Application\Runtime\Cache\Home\2a94b8bda04ff446dcedd42276fc99ee.php 第 7 行.
SQL: SHOW COLUMNS FROM `sign` [ RunTime:0.028201s ]
SQL: SELECT `id` FROM `sign` WHERE ( addtime = 1443628800 AND status = 0 AND uid = 1 ) LIMIT 1   [ RunTime:0.019081s ]
SQL: SELECT `id` FROM `sign` WHERE ( addtime = 1443715200 AND status = 0 AND uid = 1 ) LIMIT 1   [ RunTime:0.000288s ]
SQL: SELECT `id` FROM `sign` WHERE ( addtime = 1443801600 AND status = 0 AND uid = 1 ) LIMIT 1   [ RunTime:0.000223s ]
SQL: SELECT `id` FROM `sign` WHERE ( addtime = 1443888000 AND status = 0 AND uid = 1 ) LIMIT 1   [ RunTime:0.000214s ]
SQL: SELECT `id` FROM `sign` WHERE ( addtime = 1443974400 AND status = 0 AND uid = 1 ) LIMIT 1   [ RunTime:0.000193s ]
SQL: SELECT `id` FROM `sign` WHERE ( addtime = 1444060800 AND status = 0 AND uid = 1 ) LIMIT 1   [ RunTime:0.000192s ]
SQL: SELECT `id` FROM `sign` WHERE ( addtime = 1444147200 AND status = 0 AND uid = 1 ) LIMIT 1   [ RunTime:0.000237s ]
SQL: SELECT `id` FROM `sign` WHERE ( addtime = 1444233600 AND status = 0 AND uid = 1 ) LIMIT 1   [ RunTime:0.000231s ]
SQL: SELECT `id` FROM `sign` WHERE ( addtime = 1444320000 AND status = 0 AND uid = 1 ) LIMIT 1   [ RunTime:0.000219s ]
SQL: SELECT `id` FROM `sign` WHERE ( addtime = 1444406400 AND status = 0 AND uid = 1 ) LIMIT 1   [ RunTime:0.000300s ]
SQL: SELECT `id` FROM `sign` WHERE ( addtime = 1444492800 AND status = 0 AND uid = 1 ) LIMIT 1   [ RunTime:0.000243s ]
SQL: SELECT `id` FROM `sign` WHERE ( addtime = 1444579200 AND status = 0 AND uid = 1 ) LIMIT 1   [ RunTime:0.000446s ]
SQL: SELECT `id` FROM `sign` WHERE ( addtime = 1444665600 AND status = 0 AND uid = 1 ) LIMIT 1   [ RunTime:0.000528s ]
SQL: SELECT `id` FROM `sign` WHERE ( addtime = 1444752000 AND status = 0 AND uid = 1 ) LIMIT 1   [ RunTime:0.000322s ]
SQL: SELECT `id` FROM `sign` WHERE ( addtime = 1444838400 AND status = 0 AND uid = 1 ) LIMIT 1   [ RunTime:0.000274s ]
SQL: SELECT `id` FROM `sign` WHERE ( addtime = 1444924800 AND status = 0 AND uid = 1 ) LIMIT 1   [ RunTime:0.000257s ]
SQL: SELECT `id` FROM `sign` WHERE ( addtime = 1445011200 AND status = 0 AND uid = 1 ) LIMIT 1   [ RunTime:0.000393s ]
SQL: SELECT `id` FROM `sign` WHERE ( addtime = 1445097600 AND status = 0 AND uid = 1 ) LIMIT 1   [ RunTime:0.000295s ]
SQL: SELECT `id` FROM `sign` WHERE ( addtime = 1445184000 AND status = 0 AND uid = 1 ) LIMIT 1   [ RunTime:0.000227s ]
SQL: SELECT `id` FROM `sign` WHERE ( addtime = 1445270400 AND status = 0 AND uid = 1 ) LIMIT 1   [ RunTime:0.000198s ]
SQL: SELECT `id` FROM `sign` WHERE ( addtime = 1445356800 AND status = 0 AND uid = 1 ) LIMIT 1   [ RunTime:0.000192s ]
SQL: SELECT `id` FROM `sign` WHERE ( addtime = 1445443200 AND status = 0 AND uid = 1 ) LIMIT 1   [ RunTime:0.000221s ]
SQL: SELECT `id` FROM `sign` WHERE ( addtime = 1445529600 AND status = 0 AND uid = 1 ) LIMIT 1   [ RunTime:0.000210s ]
SQL: SELECT `id` FROM `sign` WHERE ( addtime = 1445616000 AND status = 0 AND uid = 1 ) LIMIT 1   [ RunTime:0.000215s ]
SQL: SELECT `id` FROM `sign` WHERE ( addtime = 1445702400 AND status = 0 AND uid = 1 ) LIMIT 1   [ RunTime:0.000202s ]
INFO: Run Behavior\ParseTemplateBehavior [ RunTime:0.194677s ]
INFO: [ view_parse ] --END-- [ RunTime:0.194822s ]
INFO: [ view_filter ] --START--
INFO: Run Behavior\WriteHtmlCacheBehavior [ RunTime:0.001143s ]
INFO: [ view_filter ] --END-- [ RunTime:0.001276s ]
INFO: [ app_end ] --START--
INFO: Run Behavior\ShowPageTraceBehavior [ RunTime:0.007966s ]
INFO: [ app_end ] --END-- [ RunTime:0.008087s ]

