[ 2016-06-18T12:32:52+08:00 ] 116.4.47.52 /jquery/5/512/demo/
INFO: [ app_init ] --START--
INFO: Run Behavior\BuildLiteBehavior [ RunTime:0.000021s ]
INFO: [ app_init ] --END-- [ RunTime:0.002760s ]
INFO: [ app_begin ] --START--
INFO: Run Behavior\ReadHtmlCacheBehavior [ RunTime:0.001790s ]
INFO: [ app_begin ] --END-- [ RunTime:0.001839s ]
INFO: [ view_parse ] --START--
NOTIC: [2] file_get_contents(./Application/Home/View/Member/right.html): failed to open stream: No such file or directory /data/www/jquery/5/512/demo/ThinkPHP/Library/Think/Template.class.php 第 696 行.
INFO: [ template_filter ] --START--
INFO: Run Behavior\ContentReplaceBehavior [ RunTime:0.000041s ]
INFO: [ template_filter ] --END-- [ RunTime:0.000134s ]
NOTIC: [8] Undefined variable: keywords /data/www/jquery/5/512/demo/Application/Runtime/Cache/Home/2a94b8bda04ff446dcedd42276fc99ee.php 第 6 行.
NOTIC: [8] Undefined variable: description /data/www/jquery/5/512/demo/Application/Runtime/Cache/Home/2a94b8bda04ff446dcedd42276fc99ee.php 第 7 行.
NOTIC: [8192] mysql_connect(): The mysql extension is deprecated and will be removed in the future: use mysqli or PDO instead /data/www/jquery/5/512/demo/ThinkPHP/Library/Think/Db/Driver/Mysql.class.php 第 52 行.
SQL: SHOW COLUMNS FROM `sign` [ RunTime:0.015482s ]
SQL: SELECT `id` FROM `sign` WHERE ( addtime = 1464710400 AND status = 0 AND uid = 2099 ) LIMIT 1   [ RunTime:0.001096s ]
SQL: SELECT `id` FROM `sign` WHERE ( addtime = 1464796800 AND status = 0 AND uid = 2099 ) LIMIT 1   [ RunTime:0.000163s ]
SQL: SELECT `id` FROM `sign` WHERE ( addtime = 1464883200 AND status = 0 AND uid = 2099 ) LIMIT 1   [ RunTime:0.000159s ]
SQL: SELECT `id` FROM `sign` WHERE ( addtime = 1464969600 AND status = 0 AND uid = 2099 ) LIMIT 1   [ RunTime:0.000175s ]
SQL: SELECT `id` FROM `sign` WHERE ( addtime = 1465056000 AND status = 0 AND uid = 2099 ) LIMIT 1   [ RunTime:0.000157s ]
SQL: SELECT `id` FROM `sign` WHERE ( addtime = 1465142400 AND status = 0 AND uid = 2099 ) LIMIT 1   [ RunTime:0.000190s ]
SQL: SELECT `id` FROM `sign` WHERE ( addtime = 1465228800 AND status = 0 AND uid = 2099 ) LIMIT 1   [ RunTime:0.000190s ]
SQL: SELECT `id` FROM `sign` WHERE ( addtime = 1465315200 AND status = 0 AND uid = 2099 ) LIMIT 1   [ RunTime:0.000193s ]
SQL: SELECT `id` FROM `sign` WHERE ( addtime = 1465401600 AND status = 0 AND uid = 2099 ) LIMIT 1   [ RunTime:0.000154s ]
SQL: SELECT `id` FROM `sign` WHERE ( addtime = 1465488000 AND status = 0 AND uid = 2099 ) LIMIT 1   [ RunTime:0.000155s ]
SQL: SELECT `id` FROM `sign` WHERE ( addtime = 1465574400 AND status = 0 AND uid = 2099 ) LIMIT 1   [ RunTime:0.000154s ]
SQL: SELECT `id` FROM `sign` WHERE ( addtime = 1465660800 AND status = 0 AND uid = 2099 ) LIMIT 1   [ RunTime:0.000152s ]
SQL: SELECT `id` FROM `sign` WHERE ( addtime = 1465747200 AND status = 0 AND uid = 2099 ) LIMIT 1   [ RunTime:0.000248s ]
SQL: SELECT `id` FROM `sign` WHERE ( addtime = 1465833600 AND status = 0 AND uid = 2099 ) LIMIT 1   [ RunTime:0.000321s ]
SQL: SELECT `id` FROM `sign` WHERE ( addtime = 1465920000 AND status = 0 AND uid = 2099 ) LIMIT 1   [ RunTime:0.000162s ]
SQL: SELECT `id` FROM `sign` WHERE ( addtime = 1466006400 AND status = 0 AND uid = 2099 ) LIMIT 1   [ RunTime:0.000177s ]
SQL: SELECT `id` FROM `sign` WHERE ( addtime = 1466092800 AND status = 0 AND uid = 2099 ) LIMIT 1   [ RunTime:0.000157s ]
SQL: SELECT `id` FROM `sign` WHERE ( addtime = 1466179200 AND status = 0 AND uid = 2099 ) LIMIT 1   [ RunTime:0.000156s ]
INFO: Run Behavior\ParseTemplateBehavior [ RunTime:0.068951s ]
INFO: [ view_parse ] --END-- [ RunTime:0.068996s ]
INFO: [ view_filter ] --START--
INFO: Run Behavior\WriteHtmlCacheBehavior [ RunTime:0.001354s ]
INFO: [ view_filter ] --END-- [ RunTime:0.001391s ]
INFO: [ app_end ] --START--
INFO: Run Behavior\ShowPageTraceBehavior [ RunTime:0.001095s ]
INFO: [ app_end ] --END-- [ RunTime:0.001138s ]

[ 2016-06-18T12:32:54+08:00 ] 116.4.47.52 /jquery/5/512/demo/Ajax/signDay
INFO: [ app_init ] --START--
INFO: Run Behavior\BuildLiteBehavior [ RunTime:0.000013s ]
INFO: [ app_init ] --END-- [ RunTime:0.000301s ]
INFO: [ app_begin ] --START--
INFO: Run Behavior\ReadHtmlCacheBehavior [ RunTime:0.000356s ]
INFO: [ app_begin ] --END-- [ RunTime:0.000396s ]
NOTIC: [8192] mysql_connect(): The mysql extension is deprecated and will be removed in the future: use mysqli or PDO instead /data/www/jquery/5/512/demo/ThinkPHP/Library/Think/Db/Driver/Mysql.class.php 第 52 行.
SQL: SHOW COLUMNS FROM `sign` [ RunTime:0.001042s ]
SQL: SELECT `id` FROM `sign` WHERE ( addtime = 1466179200 AND uid = 2099 AND status = 0 ) LIMIT 1   [ RunTime:0.000239s ]
SQL: INSERT INTO `sign` (`addtime`,`uid`,`money`) VALUES (1466179200,2099,20) [ RunTime:0.000185s ]
INFO: [ app_end ] --START--
INFO: Run Behavior\ShowPageTraceBehavior [ RunTime:0.000436s ]
INFO: [ app_end ] --END-- [ RunTime:0.000476s ]

[ 2016-06-18T12:33:00+08:00 ] 116.4.47.52 /jquery/5/512/demo/
INFO: [ app_init ] --START--
INFO: Run Behavior\BuildLiteBehavior [ RunTime:0.000014s ]
INFO: [ app_init ] --END-- [ RunTime:0.000270s ]
INFO: [ app_begin ] --START--
INFO: Run Behavior\ReadHtmlCacheBehavior [ RunTime:0.000322s ]
INFO: [ app_begin ] --END-- [ RunTime:0.000363s ]
INFO: [ view_parse ] --START--
NOTIC: [2] file_get_contents(./Application/Home/View/Member/right.html): failed to open stream: No such file or directory /data/www/jquery/5/512/demo/ThinkPHP/Library/Think/Template.class.php 第 696 行.
INFO: [ template_filter ] --START--
INFO: Run Behavior\ContentReplaceBehavior [ RunTime:0.000064s ]
INFO: [ template_filter ] --END-- [ RunTime:0.000143s ]
NOTIC: [8] Undefined variable: keywords /data/www/jquery/5/512/demo/Application/Runtime/Cache/Home/2a94b8bda04ff446dcedd42276fc99ee.php 第 6 行.
NOTIC: [8] Undefined variable: description /data/www/jquery/5/512/demo/Application/Runtime/Cache/Home/2a94b8bda04ff446dcedd42276fc99ee.php 第 7 行.
NOTIC: [8192] mysql_connect(): The mysql extension is deprecated and will be removed in the future: use mysqli or PDO instead /data/www/jquery/5/512/demo/ThinkPHP/Library/Think/Db/Driver/Mysql.class.php 第 52 行.
SQL: SHOW COLUMNS FROM `sign` [ RunTime:0.001066s ]
SQL: SELECT `id` FROM `sign` WHERE ( addtime = 1464710400 AND status = 0 AND uid = 2099 ) LIMIT 1   [ RunTime:0.000231s ]
SQL: SELECT `id` FROM `sign` WHERE ( addtime = 1464796800 AND status = 0 AND uid = 2099 ) LIMIT 1   [ RunTime:0.000161s ]
SQL: SELECT `id` FROM `sign` WHERE ( addtime = 1464883200 AND status = 0 AND uid = 2099 ) LIMIT 1   [ RunTime:0.000179s ]
SQL: SELECT `id` FROM `sign` WHERE ( addtime = 1464969600 AND status = 0 AND uid = 2099 ) LIMIT 1   [ RunTime:0.000158s ]
SQL: SELECT `id` FROM `sign` WHERE ( addtime = 1465056000 AND status = 0 AND uid = 2099 ) LIMIT 1   [ RunTime:0.000156s ]
SQL: SELECT `id` FROM `sign` WHERE ( addtime = 1465142400 AND status = 0 AND uid = 2099 ) LIMIT 1   [ RunTime:0.000156s ]
SQL: SELECT `id` FROM `sign` WHERE ( addtime = 1465228800 AND status = 0 AND uid = 2099 ) LIMIT 1   [ RunTime:0.000154s ]
SQL: SELECT `id` FROM `sign` WHERE ( addtime = 1465315200 AND status = 0 AND uid = 2099 ) LIMIT 1   [ RunTime:0.000153s ]
SQL: SELECT `id` FROM `sign` WHERE ( addtime = 1465401600 AND status = 0 AND uid = 2099 ) LIMIT 1   [ RunTime:0.000152s ]
SQL: SELECT `id` FROM `sign` WHERE ( addtime = 1465488000 AND status = 0 AND uid = 2099 ) LIMIT 1   [ RunTime:0.000170s ]
SQL: SELECT `id` FROM `sign` WHERE ( addtime = 1465574400 AND status = 0 AND uid = 2099 ) LIMIT 1   [ RunTime:0.000152s ]
SQL: SELECT `id` FROM `sign` WHERE ( addtime = 1465660800 AND status = 0 AND uid = 2099 ) LIMIT 1   [ RunTime:0.000151s ]
SQL: SELECT `id` FROM `sign` WHERE ( addtime = 1465747200 AND status = 0 AND uid = 2099 ) LIMIT 1   [ RunTime:0.000155s ]
SQL: SELECT `id` FROM `sign` WHERE ( addtime = 1465833600 AND status = 0 AND uid = 2099 ) LIMIT 1   [ RunTime:0.000152s ]
SQL: SELECT `id` FROM `sign` WHERE ( addtime = 1465920000 AND status = 0 AND uid = 2099 ) LIMIT 1   [ RunTime:0.000151s ]
SQL: SELECT `id` FROM `sign` WHERE ( addtime = 1466006400 AND status = 0 AND uid = 2099 ) LIMIT 1   [ RunTime:0.000150s ]
SQL: SELECT `id` FROM `sign` WHERE ( addtime = 1466092800 AND status = 0 AND uid = 2099 ) LIMIT 1   [ RunTime:0.000168s ]
SQL: SELECT `id` FROM `sign` WHERE ( addtime = 1466179200 AND status = 0 AND uid = 2099 ) LIMIT 1   [ RunTime:0.000154s ]
INFO: Run Behavior\ParseTemplateBehavior [ RunTime:0.022269s ]
INFO: [ view_parse ] --END-- [ RunTime:0.022326s ]
INFO: [ view_filter ] --START--
INFO: Run Behavior\WriteHtmlCacheBehavior [ RunTime:0.000148s ]
INFO: [ view_filter ] --END-- [ RunTime:0.000199s ]
INFO: [ app_end ] --START--
INFO: Run Behavior\ShowPageTraceBehavior [ RunTime:0.000428s ]
INFO: [ app_end ] --END-- [ RunTime:0.000471s ]

