[ 2016-02-26T09:27:24+08:00 ] 124.193.136.194 /jquery/5/512/demo/
INFO: [ app_init ] --START--
INFO: Run Behavior\BuildLiteBehavior [ RunTime:0.000014s ]
INFO: [ app_init ] --END-- [ RunTime:0.000386s ]
INFO: [ app_begin ] --START--
INFO: Run Behavior\ReadHtmlCacheBehavior [ RunTime:0.000415s ]
INFO: [ app_begin ] --END-- [ RunTime:0.000466s ]
INFO: [ view_parse ] --START--
NOTIC: [2] file_get_contents(./Application/Home/View/Member/right.html): failed to open stream: No such file or directory /data/www/jquery/5/512/demo/ThinkPHP/Library/Think/Template.class.php 第 696 行.
INFO: [ template_filter ] --START--
INFO: Run Behavior\ContentReplaceBehavior [ RunTime:0.000042s ]
INFO: [ template_filter ] --END-- [ RunTime:0.000092s ]
NOTIC: [8] Undefined variable: keywords /data/www/jquery/5/512/demo/Application/Runtime/Cache/Home/2a94b8bda04ff446dcedd42276fc99ee.php 第 6 行.
NOTIC: [8] Undefined variable: description /data/www/jquery/5/512/demo/Application/Runtime/Cache/Home/2a94b8bda04ff446dcedd42276fc99ee.php 第 7 行.
NOTIC: [8192] mysql_connect(): The mysql extension is deprecated and will be removed in the future: use mysqli or PDO instead /data/www/jquery/5/512/demo/ThinkPHP/Library/Think/Db/Driver/Mysql.class.php 第 52 行.
SQL: SHOW COLUMNS FROM `sign` [ RunTime:0.000603s ]
SQL: SELECT `id` FROM `sign` WHERE ( addtime = 1454256000 AND status = 0 AND uid = 1908 ) LIMIT 1   [ RunTime:0.018018s ]
SQL: SELECT `id` FROM `sign` WHERE ( addtime = 1454342400 AND status = 0 AND uid = 1908 ) LIMIT 1   [ RunTime:0.000413s ]
SQL: SELECT `id` FROM `sign` WHERE ( addtime = 1454428800 AND status = 0 AND uid = 1908 ) LIMIT 1   [ RunTime:0.000200s ]
SQL: SELECT `id` FROM `sign` WHERE ( addtime = 1454515200 AND status = 0 AND uid = 1908 ) LIMIT 1   [ RunTime:0.000196s ]
SQL: SELECT `id` FROM `sign` WHERE ( addtime = 1454601600 AND status = 0 AND uid = 1908 ) LIMIT 1   [ RunTime:0.000192s ]
SQL: SELECT `id` FROM `sign` WHERE ( addtime = 1454688000 AND status = 0 AND uid = 1908 ) LIMIT 1   [ RunTime:0.000197s ]
SQL: SELECT `id` FROM `sign` WHERE ( addtime = 1454774400 AND status = 0 AND uid = 1908 ) LIMIT 1   [ RunTime:0.000232s ]
SQL: SELECT `id` FROM `sign` WHERE ( addtime = 1454860800 AND status = 0 AND uid = 1908 ) LIMIT 1   [ RunTime:0.000199s ]
SQL: SELECT `id` FROM `sign` WHERE ( addtime = 1454947200 AND status = 0 AND uid = 1908 ) LIMIT 1   [ RunTime:0.000339s ]
SQL: SELECT `id` FROM `sign` WHERE ( addtime = 1455033600 AND status = 0 AND uid = 1908 ) LIMIT 1   [ RunTime:0.000246s ]
SQL: SELECT `id` FROM `sign` WHERE ( addtime = 1455120000 AND status = 0 AND uid = 1908 ) LIMIT 1   [ RunTime:0.000157s ]
SQL: SELECT `id` FROM `sign` WHERE ( addtime = 1455206400 AND status = 0 AND uid = 1908 ) LIMIT 1   [ RunTime:0.000298s ]
SQL: SELECT `id` FROM `sign` WHERE ( addtime = 1455292800 AND status = 0 AND uid = 1908 ) LIMIT 1   [ RunTime:0.000204s ]
SQL: SELECT `id` FROM `sign` WHERE ( addtime = 1455379200 AND status = 0 AND uid = 1908 ) LIMIT 1   [ RunTime:0.000198s ]
SQL: SELECT `id` FROM `sign` WHERE ( addtime = 1455465600 AND status = 0 AND uid = 1908 ) LIMIT 1   [ RunTime:0.000179s ]
SQL: SELECT `id` FROM `sign` WHERE ( addtime = 1455552000 AND status = 0 AND uid = 1908 ) LIMIT 1   [ RunTime:0.000164s ]
SQL: SELECT `id` FROM `sign` WHERE ( addtime = 1455638400 AND status = 0 AND uid = 1908 ) LIMIT 1   [ RunTime:0.000182s ]
SQL: SELECT `id` FROM `sign` WHERE ( addtime = 1455724800 AND status = 0 AND uid = 1908 ) LIMIT 1   [ RunTime:0.000175s ]
SQL: SELECT `id` FROM `sign` WHERE ( addtime = 1455811200 AND status = 0 AND uid = 1908 ) LIMIT 1   [ RunTime:0.000166s ]
SQL: SELECT `id` FROM `sign` WHERE ( addtime = 1455897600 AND status = 0 AND uid = 1908 ) LIMIT 1   [ RunTime:0.000200s ]
SQL: SELECT `id` FROM `sign` WHERE ( addtime = 1455984000 AND status = 0 AND uid = 1908 ) LIMIT 1   [ RunTime:0.000171s ]
SQL: SELECT `id` FROM `sign` WHERE ( addtime = 1456070400 AND status = 0 AND uid = 1908 ) LIMIT 1   [ RunTime:0.000160s ]
SQL: SELECT `id` FROM `sign` WHERE ( addtime = 1456156800 AND status = 0 AND uid = 1908 ) LIMIT 1   [ RunTime:0.000164s ]
SQL: SELECT `id` FROM `sign` WHERE ( addtime = 1456243200 AND status = 0 AND uid = 1908 ) LIMIT 1   [ RunTime:0.000146s ]
SQL: SELECT `id` FROM `sign` WHERE ( addtime = 1456329600 AND status = 0 AND uid = 1908 ) LIMIT 1   [ RunTime:0.000145s ]
SQL: SELECT `id` FROM `sign` WHERE ( addtime = 1456416000 AND status = 0 AND uid = 1908 ) LIMIT 1   [ RunTime:0.000148s ]
INFO: Run Behavior\ParseTemplateBehavior [ RunTime:0.047160s ]
INFO: [ view_parse ] --END-- [ RunTime:0.047212s ]
INFO: [ view_filter ] --START--
INFO: Run Behavior\WriteHtmlCacheBehavior [ RunTime:0.000283s ]
INFO: [ view_filter ] --END-- [ RunTime:0.000324s ]
INFO: [ app_end ] --START--
INFO: Run Behavior\ShowPageTraceBehavior [ RunTime:0.000477s ]
INFO: [ app_end ] --END-- [ RunTime:0.000520s ]

[ 2016-02-26T09:27:27+08:00 ] 124.193.136.194 /jquery/5/512/demo/Ajax/signDay
INFO: [ app_init ] --START--
INFO: Run Behavior\BuildLiteBehavior [ RunTime:0.000014s ]
INFO: [ app_init ] --END-- [ RunTime:0.000349s ]
INFO: [ app_begin ] --START--
INFO: Run Behavior\ReadHtmlCacheBehavior [ RunTime:0.000332s ]
INFO: [ app_begin ] --END-- [ RunTime:0.000373s ]
NOTIC: [8192] mysql_connect(): The mysql extension is deprecated and will be removed in the future: use mysqli or PDO instead /data/www/jquery/5/512/demo/ThinkPHP/Library/Think/Db/Driver/Mysql.class.php 第 52 行.
SQL: SHOW COLUMNS FROM `sign` [ RunTime:0.000604s ]
SQL: SELECT `id` FROM `sign` WHERE ( addtime = 1456416000 AND uid = 1908 AND status = 0 ) LIMIT 1   [ RunTime:0.000201s ]
SQL: INSERT INTO `sign` (`addtime`,`uid`,`money`) VALUES (1456416000,1908,20) [ RunTime:0.010199s ]
INFO: [ app_end ] --START--
INFO: Run Behavior\ShowPageTraceBehavior [ RunTime:0.000652s ]
INFO: [ app_end ] --END-- [ RunTime:0.000695s ]

[ 2016-02-26T13:33:23+08:00 ] 111.74.14.104 /jquery/5/512/demo/
INFO: [ app_init ] --START--
INFO: Run Behavior\BuildLiteBehavior [ RunTime:0.000019s ]
INFO: [ app_init ] --END-- [ RunTime:0.000415s ]
INFO: [ app_begin ] --START--
INFO: Run Behavior\ReadHtmlCacheBehavior [ RunTime:0.000509s ]
INFO: [ app_begin ] --END-- [ RunTime:0.000569s ]
INFO: [ view_parse ] --START--
NOTIC: [2] file_get_contents(./Application/Home/View/Member/right.html): failed to open stream: No such file or directory /data/www/jquery/5/512/demo/ThinkPHP/Library/Think/Template.class.php 第 696 行.
INFO: [ template_filter ] --START--
INFO: Run Behavior\ContentReplaceBehavior [ RunTime:0.000040s ]
INFO: [ template_filter ] --END-- [ RunTime:0.000093s ]
NOTIC: [8] Undefined variable: keywords /data/www/jquery/5/512/demo/Application/Runtime/Cache/Home/2a94b8bda04ff446dcedd42276fc99ee.php 第 6 行.
NOTIC: [8] Undefined variable: description /data/www/jquery/5/512/demo/Application/Runtime/Cache/Home/2a94b8bda04ff446dcedd42276fc99ee.php 第 7 行.
NOTIC: [8192] mysql_connect(): The mysql extension is deprecated and will be removed in the future: use mysqli or PDO instead /data/www/jquery/5/512/demo/ThinkPHP/Library/Think/Db/Driver/Mysql.class.php 第 52 行.
SQL: SHOW COLUMNS FROM `sign` [ RunTime:0.000549s ]
SQL: SELECT `id` FROM `sign` WHERE ( addtime = 1454256000 AND status = 0 AND uid =  ) LIMIT 1   [ RunTime:0.000143s ]
ERR: 1064:You have an error in your SQL syntax; check the manual that corresponds to your MySQL server version for the right syntax to use near ') LIMIT 1' at line 1
 [ SQL语句 ] : SELECT `id` FROM `sign` WHERE ( addtime = 1454256000 AND status = 0 AND uid =  ) LIMIT 1  
SQL: SELECT `id` FROM `sign` WHERE ( addtime = 1454342400 AND status = 0 AND uid =  ) LIMIT 1   [ RunTime:0.000082s ]
ERR: 1064:You have an error in your SQL syntax; check the manual that corresponds to your MySQL server version for the right syntax to use near ') LIMIT 1' at line 1
 [ SQL语句 ] : SELECT `id` FROM `sign` WHERE ( addtime = 1454342400 AND status = 0 AND uid =  ) LIMIT 1  
SQL: SELECT `id` FROM `sign` WHERE ( addtime = 1454428800 AND status = 0 AND uid =  ) LIMIT 1   [ RunTime:0.000081s ]
ERR: 1064:You have an error in your SQL syntax; check the manual that corresponds to your MySQL server version for the right syntax to use near ') LIMIT 1' at line 1
 [ SQL语句 ] : SELECT `id` FROM `sign` WHERE ( addtime = 1454428800 AND status = 0 AND uid =  ) LIMIT 1  
SQL: SELECT `id` FROM `sign` WHERE ( addtime = 1454515200 AND status = 0 AND uid =  ) LIMIT 1   [ RunTime:0.000080s ]
ERR: 1064:You have an error in your SQL syntax; check the manual that corresponds to your MySQL server version for the right syntax to use near ') LIMIT 1' at line 1
 [ SQL语句 ] : SELECT `id` FROM `sign` WHERE ( addtime = 1454515200 AND status = 0 AND uid =  ) LIMIT 1  
SQL: SELECT `id` FROM `sign` WHERE ( addtime = 1454601600 AND status = 0 AND uid =  ) LIMIT 1   [ RunTime:0.000079s ]
ERR: 1064:You have an error in your SQL syntax; check the manual that corresponds to your MySQL server version for the right syntax to use near ') LIMIT 1' at line 1
 [ SQL语句 ] : SELECT `id` FROM `sign` WHERE ( addtime = 1454601600 AND status = 0 AND uid =  ) LIMIT 1  
SQL: SELECT `id` FROM `sign` WHERE ( addtime = 1454688000 AND status = 0 AND uid =  ) LIMIT 1   [ RunTime:0.000080s ]
ERR: 1064:You have an error in your SQL syntax; check the manual that corresponds to your MySQL server version for the right syntax to use near ') LIMIT 1' at line 1
 [ SQL语句 ] : SELECT `id` FROM `sign` WHERE ( addtime = 1454688000 AND status = 0 AND uid =  ) LIMIT 1  
SQL: SELECT `id` FROM `sign` WHERE ( addtime = 1454774400 AND status = 0 AND uid =  ) LIMIT 1   [ RunTime:0.000079s ]
ERR: 1064:You have an error in your SQL syntax; check the manual that corresponds to your MySQL server version for the right syntax to use near ') LIMIT 1' at line 1
 [ SQL语句 ] : SELECT `id` FROM `sign` WHERE ( addtime = 1454774400 AND status = 0 AND uid =  ) LIMIT 1  
SQL: SELECT `id` FROM `sign` WHERE ( addtime = 1454860800 AND status = 0 AND uid =  ) LIMIT 1   [ RunTime:0.000078s ]
ERR: 1064:You have an error in your SQL syntax; check the manual that corresponds to your MySQL server version for the right syntax to use near ') LIMIT 1' at line 1
 [ SQL语句 ] : SELECT `id` FROM `sign` WHERE ( addtime = 1454860800 AND status = 0 AND uid =  ) LIMIT 1  
SQL: SELECT `id` FROM `sign` WHERE ( addtime = 1454947200 AND status = 0 AND uid =  ) LIMIT 1   [ RunTime:0.000077s ]
ERR: 1064:You have an error in your SQL syntax; check the manual that corresponds to your MySQL server version for the right syntax to use near ') LIMIT 1' at line 1
 [ SQL语句 ] : SELECT `id` FROM `sign` WHERE ( addtime = 1454947200 AND status = 0 AND uid =  ) LIMIT 1  
SQL: SELECT `id` FROM `sign` WHERE ( addtime = 1455033600 AND status = 0 AND uid =  ) LIMIT 1   [ RunTime:0.000077s ]
ERR: 1064:You have an error in your SQL syntax; check the manual that corresponds to your MySQL server version for the right syntax to use near ') LIMIT 1' at line 1
 [ SQL语句 ] : SELECT `id` FROM `sign` WHERE ( addtime = 1455033600 AND status = 0 AND uid =  ) LIMIT 1  
SQL: SELECT `id` FROM `sign` WHERE ( addtime = 1455120000 AND status = 0 AND uid =  ) LIMIT 1   [ RunTime:0.000082s ]
ERR: 1064:You have an error in your SQL syntax; check the manual that corresponds to your MySQL server version for the right syntax to use near ') LIMIT 1' at line 1
 [ SQL语句 ] : SELECT `id` FROM `sign` WHERE ( addtime = 1455120000 AND status = 0 AND uid =  ) LIMIT 1  
SQL: SELECT `id` FROM `sign` WHERE ( addtime = 1455206400 AND status = 0 AND uid =  ) LIMIT 1   [ RunTime:0.000077s ]
ERR: 1064:You have an error in your SQL syntax; check the manual that corresponds to your MySQL server version for the right syntax to use near ') LIMIT 1' at line 1
 [ SQL语句 ] : SELECT `id` FROM `sign` WHERE ( addtime = 1455206400 AND status = 0 AND uid =  ) LIMIT 1  
SQL: SELECT `id` FROM `sign` WHERE ( addtime = 1455292800 AND status = 0 AND uid =  ) LIMIT 1   [ RunTime:0.000077s ]
ERR: 1064:You have an error in your SQL syntax; check the manual that corresponds to your MySQL server version for the right syntax to use near ') LIMIT 1' at line 1
 [ SQL语句 ] : SELECT `id` FROM `sign` WHERE ( addtime = 1455292800 AND status = 0 AND uid =  ) LIMIT 1  
SQL: SELECT `id` FROM `sign` WHERE ( addtime = 1455379200 AND status = 0 AND uid =  ) LIMIT 1   [ RunTime:0.000077s ]
ERR: 1064:You have an error in your SQL syntax; check the manual that corresponds to your MySQL server version for the right syntax to use near ') LIMIT 1' at line 1
 [ SQL语句 ] : SELECT `id` FROM `sign` WHERE ( addtime = 1455379200 AND status = 0 AND uid =  ) LIMIT 1  
SQL: SELECT `id` FROM `sign` WHERE ( addtime = 1455465600 AND status = 0 AND uid =  ) LIMIT 1   [ RunTime:0.000097s ]
ERR: 1064:You have an error in your SQL syntax; check the manual that corresponds to your MySQL server version for the right syntax to use near ') LIMIT 1' at line 1
 [ SQL语句 ] : SELECT `id` FROM `sign` WHERE ( addtime = 1455465600 AND status = 0 AND uid =  ) LIMIT 1  
SQL: SELECT `id` FROM `sign` WHERE ( addtime = 1455552000 AND status = 0 AND uid =  ) LIMIT 1   [ RunTime:0.000078s ]
ERR: 1064:You have an error in your SQL syntax; check the manual that corresponds to your MySQL server version for the right syntax to use near ') LIMIT 1' at line 1
 [ SQL语句 ] : SELECT `id` FROM `sign` WHERE ( addtime = 1455552000 AND status = 0 AND uid =  ) LIMIT 1  
SQL: SELECT `id` FROM `sign` WHERE ( addtime = 1455638400 AND status = 0 AND uid =  ) LIMIT 1   [ RunTime:0.000079s ]
ERR: 1064:You have an error in your SQL syntax; check the manual that corresponds to your MySQL server version for the right syntax to use near ') LIMIT 1' at line 1
 [ SQL语句 ] : SELECT `id` FROM `sign` WHERE ( addtime = 1455638400 AND status = 0 AND uid =  ) LIMIT 1  
SQL: SELECT `id` FROM `sign` WHERE ( addtime = 1455724800 AND status = 0 AND uid =  ) LIMIT 1   [ RunTime:0.000076s ]
ERR: 1064:You have an error in your SQL syntax; check the manual that corresponds to your MySQL server version for the right syntax to use near ') LIMIT 1' at line 1
 [ SQL语句 ] : SELECT `id` FROM `sign` WHERE ( addtime = 1455724800 AND status = 0 AND uid =  ) LIMIT 1  
SQL: SELECT `id` FROM `sign` WHERE ( addtime = 1455811200 AND status = 0 AND uid =  ) LIMIT 1   [ RunTime:0.000076s ]
ERR: 1064:You have an error in your SQL syntax; check the manual that corresponds to your MySQL server version for the right syntax to use near ') LIMIT 1' at line 1
 [ SQL语句 ] : SELECT `id` FROM `sign` WHERE ( addtime = 1455811200 AND status = 0 AND uid =  ) LIMIT 1  
SQL: SELECT `id` FROM `sign` WHERE ( addtime = 1455897600 AND status = 0 AND uid =  ) LIMIT 1   [ RunTime:0.000076s ]
ERR: 1064:You have an error in your SQL syntax; check the manual that corresponds to your MySQL server version for the right syntax to use near ') LIMIT 1' at line 1
 [ SQL语句 ] : SELECT `id` FROM `sign` WHERE ( addtime = 1455897600 AND status = 0 AND uid =  ) LIMIT 1  
SQL: SELECT `id` FROM `sign` WHERE ( addtime = 1455984000 AND status = 0 AND uid =  ) LIMIT 1   [ RunTime:0.000076s ]
ERR: 1064:You have an error in your SQL syntax; check the manual that corresponds to your MySQL server version for the right syntax to use near ') LIMIT 1' at line 1
 [ SQL语句 ] : SELECT `id` FROM `sign` WHERE ( addtime = 1455984000 AND status = 0 AND uid =  ) LIMIT 1  
SQL: SELECT `id` FROM `sign` WHERE ( addtime = 1456070400 AND status = 0 AND uid =  ) LIMIT 1   [ RunTime:0.000076s ]
ERR: 1064:You have an error in your SQL syntax; check the manual that corresponds to your MySQL server version for the right syntax to use near ') LIMIT 1' at line 1
 [ SQL语句 ] : SELECT `id` FROM `sign` WHERE ( addtime = 1456070400 AND status = 0 AND uid =  ) LIMIT 1  
SQL: SELECT `id` FROM `sign` WHERE ( addtime = 1456156800 AND status = 0 AND uid =  ) LIMIT 1   [ RunTime:0.000076s ]
ERR: 1064:You have an error in your SQL syntax; check the manual that corresponds to your MySQL server version for the right syntax to use near ') LIMIT 1' at line 1
 [ SQL语句 ] : SELECT `id` FROM `sign` WHERE ( addtime = 1456156800 AND status = 0 AND uid =  ) LIMIT 1  
SQL: SELECT `id` FROM `sign` WHERE ( addtime = 1456243200 AND status = 0 AND uid =  ) LIMIT 1   [ RunTime:0.000076s ]
ERR: 1064:You have an error in your SQL syntax; check the manual that corresponds to your MySQL server version for the right syntax to use near ') LIMIT 1' at line 1
 [ SQL语句 ] : SELECT `id` FROM `sign` WHERE ( addtime = 1456243200 AND status = 0 AND uid =  ) LIMIT 1  
SQL: SELECT `id` FROM `sign` WHERE ( addtime = 1456329600 AND status = 0 AND uid =  ) LIMIT 1   [ RunTime:0.000093s ]
ERR: 1064:You have an error in your SQL syntax; check the manual that corresponds to your MySQL server version for the right syntax to use near ') LIMIT 1' at line 1
 [ SQL语句 ] : SELECT `id` FROM `sign` WHERE ( addtime = 1456329600 AND status = 0 AND uid =  ) LIMIT 1  
SQL: SELECT `id` FROM `sign` WHERE ( addtime = 1456416000 AND status = 0 AND uid =  ) LIMIT 1   [ RunTime:0.000083s ]
ERR: 1064:You have an error in your SQL syntax; check the manual that corresponds to your MySQL server version for the right syntax to use near ') LIMIT 1' at line 1
 [ SQL语句 ] : SELECT `id` FROM `sign` WHERE ( addtime = 1456416000 AND status = 0 AND uid =  ) LIMIT 1  
INFO: Run Behavior\ParseTemplateBehavior [ RunTime:0.021023s ]
INFO: [ view_parse ] --END-- [ RunTime:0.021067s ]
INFO: [ view_filter ] --START--
INFO: Run Behavior\WriteHtmlCacheBehavior [ RunTime:0.000202s ]
INFO: [ view_filter ] --END-- [ RunTime:0.000238s ]
INFO: [ app_end ] --START--
INFO: Run Behavior\ShowPageTraceBehavior [ RunTime:0.000471s ]
INFO: [ app_end ] --END-- [ RunTime:0.000512s ]

[ 2016-02-26T13:33:25+08:00 ] 111.74.14.104 /jquery/5/512/demo/Ajax/signDay
INFO: [ app_init ] --START--
INFO: Run Behavior\BuildLiteBehavior [ RunTime:0.000020s ]
INFO: [ app_init ] --END-- [ RunTime:0.000400s ]
INFO: [ app_begin ] --START--
INFO: Run Behavior\ReadHtmlCacheBehavior [ RunTime:0.000473s ]
INFO: [ app_begin ] --END-- [ RunTime:0.000524s ]

[ 2016-02-26T14:37:20+08:00 ] 171.213.22.216 /jquery/5/512/demo/
INFO: [ app_init ] --START--
INFO: Run Behavior\BuildLiteBehavior [ RunTime:0.000017s ]
INFO: [ app_init ] --END-- [ RunTime:0.000314s ]
INFO: [ app_begin ] --START--
INFO: Run Behavior\ReadHtmlCacheBehavior [ RunTime:0.000340s ]
INFO: [ app_begin ] --END-- [ RunTime:0.000382s ]
INFO: [ view_parse ] --START--
NOTIC: [2] file_get_contents(./Application/Home/View/Member/right.html): failed to open stream: No such file or directory /data/www/jquery/5/512/demo/ThinkPHP/Library/Think/Template.class.php 第 696 行.
INFO: [ template_filter ] --START--
INFO: Run Behavior\ContentReplaceBehavior [ RunTime:0.000044s ]
INFO: [ template_filter ] --END-- [ RunTime:0.000117s ]
NOTIC: [8] Undefined variable: keywords /data/www/jquery/5/512/demo/Application/Runtime/Cache/Home/2a94b8bda04ff446dcedd42276fc99ee.php 第 6 行.
NOTIC: [8] Undefined variable: description /data/www/jquery/5/512/demo/Application/Runtime/Cache/Home/2a94b8bda04ff446dcedd42276fc99ee.php 第 7 行.
NOTIC: [8192] mysql_connect(): The mysql extension is deprecated and will be removed in the future: use mysqli or PDO instead /data/www/jquery/5/512/demo/ThinkPHP/Library/Think/Db/Driver/Mysql.class.php 第 52 行.
SQL: SHOW COLUMNS FROM `sign` [ RunTime:0.000602s ]
SQL: SELECT `id` FROM `sign` WHERE ( addtime = 1454256000 AND status = 0 AND uid = 2106 ) LIMIT 1   [ RunTime:0.000241s ]
SQL: SELECT `id` FROM `sign` WHERE ( addtime = 1454342400 AND status = 0 AND uid = 2106 ) LIMIT 1   [ RunTime:0.000152s ]
SQL: SELECT `id` FROM `sign` WHERE ( addtime = 1454428800 AND status = 0 AND uid = 2106 ) LIMIT 1   [ RunTime:0.000148s ]
SQL: SELECT `id` FROM `sign` WHERE ( addtime = 1454515200 AND status = 0 AND uid = 2106 ) LIMIT 1   [ RunTime:0.000147s ]
SQL: SELECT `id` FROM `sign` WHERE ( addtime = 1454601600 AND status = 0 AND uid = 2106 ) LIMIT 1   [ RunTime:0.000147s ]
SQL: SELECT `id` FROM `sign` WHERE ( addtime = 1454688000 AND status = 0 AND uid = 2106 ) LIMIT 1   [ RunTime:0.000179s ]
SQL: SELECT `id` FROM `sign` WHERE ( addtime = 1454774400 AND status = 0 AND uid = 2106 ) LIMIT 1   [ RunTime:0.000145s ]
SQL: SELECT `id` FROM `sign` WHERE ( addtime = 1454860800 AND status = 0 AND uid = 2106 ) LIMIT 1   [ RunTime:0.000173s ]
SQL: SELECT `id` FROM `sign` WHERE ( addtime = 1454947200 AND status = 0 AND uid = 2106 ) LIMIT 1   [ RunTime:0.000144s ]
SQL: SELECT `id` FROM `sign` WHERE ( addtime = 1455033600 AND status = 0 AND uid = 2106 ) LIMIT 1   [ RunTime:0.000142s ]
SQL: SELECT `id` FROM `sign` WHERE ( addtime = 1455120000 AND status = 0 AND uid = 2106 ) LIMIT 1   [ RunTime:0.000141s ]
SQL: SELECT `id` FROM `sign` WHERE ( addtime = 1455206400 AND status = 0 AND uid = 2106 ) LIMIT 1   [ RunTime:0.000143s ]
SQL: SELECT `id` FROM `sign` WHERE ( addtime = 1455292800 AND status = 0 AND uid = 2106 ) LIMIT 1   [ RunTime:0.000141s ]
SQL: SELECT `id` FROM `sign` WHERE ( addtime = 1455379200 AND status = 0 AND uid = 2106 ) LIMIT 1   [ RunTime:0.000141s ]
SQL: SELECT `id` FROM `sign` WHERE ( addtime = 1455465600 AND status = 0 AND uid = 2106 ) LIMIT 1   [ RunTime:0.000143s ]
SQL: SELECT `id` FROM `sign` WHERE ( addtime = 1455552000 AND status = 0 AND uid = 2106 ) LIMIT 1   [ RunTime:0.000144s ]
SQL: SELECT `id` FROM `sign` WHERE ( addtime = 1455638400 AND status = 0 AND uid = 2106 ) LIMIT 1   [ RunTime:0.000141s ]
SQL: SELECT `id` FROM `sign` WHERE ( addtime = 1455724800 AND status = 0 AND uid = 2106 ) LIMIT 1   [ RunTime:0.000140s ]
SQL: SELECT `id` FROM `sign` WHERE ( addtime = 1455811200 AND status = 0 AND uid = 2106 ) LIMIT 1   [ RunTime:0.000161s ]
SQL: SELECT `id` FROM `sign` WHERE ( addtime = 1455897600 AND status = 0 AND uid = 2106 ) LIMIT 1   [ RunTime:0.000141s ]
SQL: SELECT `id` FROM `sign` WHERE ( addtime = 1455984000 AND status = 0 AND uid = 2106 ) LIMIT 1   [ RunTime:0.000146s ]
SQL: SELECT `id` FROM `sign` WHERE ( addtime = 1456070400 AND status = 0 AND uid = 2106 ) LIMIT 1   [ RunTime:0.000140s ]
SQL: SELECT `id` FROM `sign` WHERE ( addtime = 1456156800 AND status = 0 AND uid = 2106 ) LIMIT 1   [ RunTime:0.000168s ]
SQL: SELECT `id` FROM `sign` WHERE ( addtime = 1456243200 AND status = 0 AND uid = 2106 ) LIMIT 1   [ RunTime:0.000140s ]
SQL: SELECT `id` FROM `sign` WHERE ( addtime = 1456329600 AND status = 0 AND uid = 2106 ) LIMIT 1   [ RunTime:0.000144s ]
SQL: SELECT `id` FROM `sign` WHERE ( addtime = 1456416000 AND status = 0 AND uid = 2106 ) LIMIT 1   [ RunTime:0.000140s ]
INFO: Run Behavior\ParseTemplateBehavior [ RunTime:0.024889s ]
INFO: [ view_parse ] --END-- [ RunTime:0.024933s ]
INFO: [ view_filter ] --START--
INFO: Run Behavior\WriteHtmlCacheBehavior [ RunTime:0.000178s ]
INFO: [ view_filter ] --END-- [ RunTime:0.000219s ]
INFO: [ app_end ] --START--
INFO: Run Behavior\ShowPageTraceBehavior [ RunTime:0.000433s ]
INFO: [ app_end ] --END-- [ RunTime:0.000482s ]

[ 2016-02-26T14:37:23+08:00 ] 171.213.22.216 /jquery/5/512/demo/Ajax/signDay
INFO: [ app_init ] --START--
INFO: Run Behavior\BuildLiteBehavior [ RunTime:0.000014s ]
INFO: [ app_init ] --END-- [ RunTime:0.000284s ]
INFO: [ app_begin ] --START--
INFO: Run Behavior\ReadHtmlCacheBehavior [ RunTime:0.000366s ]
INFO: [ app_begin ] --END-- [ RunTime:0.000414s ]
NOTIC: [8192] mysql_connect(): The mysql extension is deprecated and will be removed in the future: use mysqli or PDO instead /data/www/jquery/5/512/demo/ThinkPHP/Library/Think/Db/Driver/Mysql.class.php 第 52 行.
SQL: SHOW COLUMNS FROM `sign` [ RunTime:0.000678s ]
SQL: SELECT `id` FROM `sign` WHERE ( addtime = 1456416000 AND uid = 2106 AND status = 0 ) LIMIT 1   [ RunTime:0.000269s ]
SQL: INSERT INTO `sign` (`addtime`,`uid`,`money`) VALUES (1456416000,2106,20) [ RunTime:0.000162s ]
INFO: [ app_end ] --START--
INFO: Run Behavior\ShowPageTraceBehavior [ RunTime:0.000448s ]
INFO: [ app_end ] --END-- [ RunTime:0.000495s ]

[ 2016-02-26T14:37:29+08:00 ] 171.213.22.216 /jquery/5/512/demo/
INFO: [ app_init ] --START--
INFO: Run Behavior\BuildLiteBehavior [ RunTime:0.000014s ]
INFO: [ app_init ] --END-- [ RunTime:0.000283s ]
INFO: [ app_begin ] --START--
INFO: Run Behavior\ReadHtmlCacheBehavior [ RunTime:0.000363s ]
INFO: [ app_begin ] --END-- [ RunTime:0.000404s ]
INFO: [ view_parse ] --START--
NOTIC: [2] file_get_contents(./Application/Home/View/Member/right.html): failed to open stream: No such file or directory /data/www/jquery/5/512/demo/ThinkPHP/Library/Think/Template.class.php 第 696 行.
INFO: [ template_filter ] --START--
INFO: Run Behavior\ContentReplaceBehavior [ RunTime:0.000053s ]
INFO: [ template_filter ] --END-- [ RunTime:0.000129s ]
NOTIC: [8] Undefined variable: keywords /data/www/jquery/5/512/demo/Application/Runtime/Cache/Home/2a94b8bda04ff446dcedd42276fc99ee.php 第 6 行.
NOTIC: [8] Undefined variable: description /data/www/jquery/5/512/demo/Application/Runtime/Cache/Home/2a94b8bda04ff446dcedd42276fc99ee.php 第 7 行.
NOTIC: [8192] mysql_connect(): The mysql extension is deprecated and will be removed in the future: use mysqli or PDO instead /data/www/jquery/5/512/demo/ThinkPHP/Library/Think/Db/Driver/Mysql.class.php 第 52 行.
SQL: SHOW COLUMNS FROM `sign` [ RunTime:0.000580s ]
SQL: SELECT `id` FROM `sign` WHERE ( addtime = 1454256000 AND status = 0 AND uid = 2106 ) LIMIT 1   [ RunTime:0.000305s ]
SQL: SELECT `id` FROM `sign` WHERE ( addtime = 1454342400 AND status = 0 AND uid = 2106 ) LIMIT 1   [ RunTime:0.000181s ]
SQL: SELECT `id` FROM `sign` WHERE ( addtime = 1454428800 AND status = 0 AND uid = 2106 ) LIMIT 1   [ RunTime:0.000202s ]
SQL: SELECT `id` FROM `sign` WHERE ( addtime = 1454515200 AND status = 0 AND uid = 2106 ) LIMIT 1   [ RunTime:0.000208s ]
SQL: SELECT `id` FROM `sign` WHERE ( addtime = 1454601600 AND status = 0 AND uid = 2106 ) LIMIT 1   [ RunTime:0.000187s ]
SQL: SELECT `id` FROM `sign` WHERE ( addtime = 1454688000 AND status = 0 AND uid = 2106 ) LIMIT 1   [ RunTime:0.000702s ]
SQL: SELECT `id` FROM `sign` WHERE ( addtime = 1454774400 AND status = 0 AND uid = 2106 ) LIMIT 1   [ RunTime:0.000230s ]
SQL: SELECT `id` FROM `sign` WHERE ( addtime = 1454860800 AND status = 0 AND uid = 2106 ) LIMIT 1   [ RunTime:0.000203s ]
SQL: SELECT `id` FROM `sign` WHERE ( addtime = 1454947200 AND status = 0 AND uid = 2106 ) LIMIT 1   [ RunTime:0.000210s ]
SQL: SELECT `id` FROM `sign` WHERE ( addtime = 1455033600 AND status = 0 AND uid = 2106 ) LIMIT 1   [ RunTime:0.000200s ]
SQL: SELECT `id` FROM `sign` WHERE ( addtime = 1455120000 AND status = 0 AND uid = 2106 ) LIMIT 1   [ RunTime:0.000191s ]
SQL: SELECT `id` FROM `sign` WHERE ( addtime = 1455206400 AND status = 0 AND uid = 2106 ) LIMIT 1   [ RunTime:0.000199s ]
SQL: SELECT `id` FROM `sign` WHERE ( addtime = 1455292800 AND status = 0 AND uid = 2106 ) LIMIT 1   [ RunTime:0.000195s ]
SQL: SELECT `id` FROM `sign` WHERE ( addtime = 1455379200 AND status = 0 AND uid = 2106 ) LIMIT 1   [ RunTime:0.000189s ]
SQL: SELECT `id` FROM `sign` WHERE ( addtime = 1455465600 AND status = 0 AND uid = 2106 ) LIMIT 1   [ RunTime:0.000264s ]
SQL: SELECT `id` FROM `sign` WHERE ( addtime = 1455552000 AND status = 0 AND uid = 2106 ) LIMIT 1   [ RunTime:0.000195s ]
SQL: SELECT `id` FROM `sign` WHERE ( addtime = 1455638400 AND status = 0 AND uid = 2106 ) LIMIT 1   [ RunTime:0.000190s ]
SQL: SELECT `id` FROM `sign` WHERE ( addtime = 1455724800 AND status = 0 AND uid = 2106 ) LIMIT 1   [ RunTime:0.000185s ]
SQL: SELECT `id` FROM `sign` WHERE ( addtime = 1455811200 AND status = 0 AND uid = 2106 ) LIMIT 1   [ RunTime:0.000142s ]
SQL: SELECT `id` FROM `sign` WHERE ( addtime = 1455897600 AND status = 0 AND uid = 2106 ) LIMIT 1   [ RunTime:0.000146s ]
SQL: SELECT `id` FROM `sign` WHERE ( addtime = 1455984000 AND status = 0 AND uid = 2106 ) LIMIT 1   [ RunTime:0.000166s ]
SQL: SELECT `id` FROM `sign` WHERE ( addtime = 1456070400 AND status = 0 AND uid = 2106 ) LIMIT 1   [ RunTime:0.000141s ]
SQL: SELECT `id` FROM `sign` WHERE ( addtime = 1456156800 AND status = 0 AND uid = 2106 ) LIMIT 1   [ RunTime:0.000140s ]
SQL: SELECT `id` FROM `sign` WHERE ( addtime = 1456243200 AND status = 0 AND uid = 2106 ) LIMIT 1   [ RunTime:0.000140s ]
SQL: SELECT `id` FROM `sign` WHERE ( addtime = 1456329600 AND status = 0 AND uid = 2106 ) LIMIT 1   [ RunTime:0.000142s ]
SQL: SELECT `id` FROM `sign` WHERE ( addtime = 1456416000 AND status = 0 AND uid = 2106 ) LIMIT 1   [ RunTime:0.000143s ]
INFO: Run Behavior\ParseTemplateBehavior [ RunTime:0.031782s ]
INFO: [ view_parse ] --END-- [ RunTime:0.031850s ]
INFO: [ view_filter ] --START--
INFO: Run Behavior\WriteHtmlCacheBehavior [ RunTime:0.000212s ]
INFO: [ view_filter ] --END-- [ RunTime:0.000254s ]
INFO: [ app_end ] --START--
INFO: Run Behavior\ShowPageTraceBehavior [ RunTime:0.000427s ]
INFO: [ app_end ] --END-- [ RunTime:0.000501s ]

[ 2016-02-26T14:37:33+08:00 ] 171.213.22.216 /jquery/5/512/demo/
INFO: [ app_init ] --START--
INFO: Run Behavior\BuildLiteBehavior [ RunTime:0.000019s ]
INFO: [ app_init ] --END-- [ RunTime:0.000342s ]
INFO: [ app_begin ] --START--
INFO: Run Behavior\ReadHtmlCacheBehavior [ RunTime:0.000386s ]
INFO: [ app_begin ] --END-- [ RunTime:0.000432s ]
INFO: [ view_parse ] --START--
NOTIC: [2] file_get_contents(./Application/Home/View/Member/right.html): failed to open stream: No such file or directory /data/www/jquery/5/512/demo/ThinkPHP/Library/Think/Template.class.php 第 696 行.
INFO: [ template_filter ] --START--
INFO: Run Behavior\ContentReplaceBehavior [ RunTime:0.000039s ]
INFO: [ template_filter ] --END-- [ RunTime:0.000088s ]
NOTIC: [8] Undefined variable: keywords /data/www/jquery/5/512/demo/Application/Runtime/Cache/Home/2a94b8bda04ff446dcedd42276fc99ee.php 第 6 行.
NOTIC: [8] Undefined variable: description /data/www/jquery/5/512/demo/Application/Runtime/Cache/Home/2a94b8bda04ff446dcedd42276fc99ee.php 第 7 行.
NOTIC: [8192] mysql_connect(): The mysql extension is deprecated and will be removed in the future: use mysqli or PDO instead /data/www/jquery/5/512/demo/ThinkPHP/Library/Think/Db/Driver/Mysql.class.php 第 52 行.
SQL: SHOW COLUMNS FROM `sign` [ RunTime:0.000615s ]
SQL: SELECT `id` FROM `sign` WHERE ( addtime = 1454256000 AND status = 0 AND uid = 2106 ) LIMIT 1   [ RunTime:0.000221s ]
SQL: SELECT `id` FROM `sign` WHERE ( addtime = 1454342400 AND status = 0 AND uid = 2106 ) LIMIT 1   [ RunTime:0.000152s ]
SQL: SELECT `id` FROM `sign` WHERE ( addtime = 1454428800 AND status = 0 AND uid = 2106 ) LIMIT 1   [ RunTime:0.000150s ]
SQL: SELECT `id` FROM `sign` WHERE ( addtime = 1454515200 AND status = 0 AND uid = 2106 ) LIMIT 1   [ RunTime:0.000149s ]
SQL: SELECT `id` FROM `sign` WHERE ( addtime = 1454601600 AND status = 0 AND uid = 2106 ) LIMIT 1   [ RunTime:0.000149s ]
SQL: SELECT `id` FROM `sign` WHERE ( addtime = 1454688000 AND status = 0 AND uid = 2106 ) LIMIT 1   [ RunTime:0.000176s ]
SQL: SELECT `id` FROM `sign` WHERE ( addtime = 1454774400 AND status = 0 AND uid = 2106 ) LIMIT 1   [ RunTime:0.000147s ]
SQL: SELECT `id` FROM `sign` WHERE ( addtime = 1454860800 AND status = 0 AND uid = 2106 ) LIMIT 1   [ RunTime:0.000154s ]
SQL: SELECT `id` FROM `sign` WHERE ( addtime = 1454947200 AND status = 0 AND uid = 2106 ) LIMIT 1   [ RunTime:0.000145s ]
SQL: SELECT `id` FROM `sign` WHERE ( addtime = 1455033600 AND status = 0 AND uid = 2106 ) LIMIT 1   [ RunTime:0.000144s ]
SQL: SELECT `id` FROM `sign` WHERE ( addtime = 1455120000 AND status = 0 AND uid = 2106 ) LIMIT 1   [ RunTime:0.000146s ]
SQL: SELECT `id` FROM `sign` WHERE ( addtime = 1455206400 AND status = 0 AND uid = 2106 ) LIMIT 1   [ RunTime:0.000144s ]
SQL: SELECT `id` FROM `sign` WHERE ( addtime = 1455292800 AND status = 0 AND uid = 2106 ) LIMIT 1   [ RunTime:0.000161s ]
SQL: SELECT `id` FROM `sign` WHERE ( addtime = 1455379200 AND status = 0 AND uid = 2106 ) LIMIT 1   [ RunTime:0.000143s ]
SQL: SELECT `id` FROM `sign` WHERE ( addtime = 1455465600 AND status = 0 AND uid = 2106 ) LIMIT 1   [ RunTime:0.000174s ]
SQL: SELECT `id` FROM `sign` WHERE ( addtime = 1455552000 AND status = 0 AND uid = 2106 ) LIMIT 1   [ RunTime:0.000142s ]
SQL: SELECT `id` FROM `sign` WHERE ( addtime = 1455638400 AND status = 0 AND uid = 2106 ) LIMIT 1   [ RunTime:0.000142s ]
SQL: SELECT `id` FROM `sign` WHERE ( addtime = 1455724800 AND status = 0 AND uid = 2106 ) LIMIT 1   [ RunTime:0.000142s ]
SQL: SELECT `id` FROM `sign` WHERE ( addtime = 1455811200 AND status = 0 AND uid = 2106 ) LIMIT 1   [ RunTime:0.000142s ]
SQL: SELECT `id` FROM `sign` WHERE ( addtime = 1455897600 AND status = 0 AND uid = 2106 ) LIMIT 1   [ RunTime:0.000140s ]
SQL: SELECT `id` FROM `sign` WHERE ( addtime = 1455984000 AND status = 0 AND uid = 2106 ) LIMIT 1   [ RunTime:0.000141s ]
SQL: SELECT `id` FROM `sign` WHERE ( addtime = 1456070400 AND status = 0 AND uid = 2106 ) LIMIT 1   [ RunTime:0.000148s ]
SQL: SELECT `id` FROM `sign` WHERE ( addtime = 1456156800 AND status = 0 AND uid = 2106 ) LIMIT 1   [ RunTime:0.000141s ]
SQL: SELECT `id` FROM `sign` WHERE ( addtime = 1456243200 AND status = 0 AND uid = 2106 ) LIMIT 1   [ RunTime:0.000170s ]
SQL: SELECT `id` FROM `sign` WHERE ( addtime = 1456329600 AND status = 0 AND uid = 2106 ) LIMIT 1   [ RunTime:0.000141s ]
SQL: SELECT `id` FROM `sign` WHERE ( addtime = 1456416000 AND status = 0 AND uid = 2106 ) LIMIT 1   [ RunTime:0.000157s ]
INFO: Run Behavior\ParseTemplateBehavior [ RunTime:0.022042s ]
INFO: [ view_parse ] --END-- [ RunTime:0.022087s ]
INFO: [ view_filter ] --START--
INFO: Run Behavior\WriteHtmlCacheBehavior [ RunTime:0.000166s ]
INFO: [ view_filter ] --END-- [ RunTime:0.000209s ]
INFO: [ app_end ] --START--
INFO: Run Behavior\ShowPageTraceBehavior [ RunTime:0.000427s ]
INFO: [ app_end ] --END-- [ RunTime:0.000478s ]

[ 2016-02-26T14:37:34+08:00 ] 171.213.22.216 /jquery/5/512/demo/
INFO: [ app_init ] --START--
INFO: Run Behavior\BuildLiteBehavior [ RunTime:0.000015s ]
INFO: [ app_init ] --END-- [ RunTime:0.000280s ]
INFO: [ app_begin ] --START--
INFO: Run Behavior\ReadHtmlCacheBehavior [ RunTime:0.000358s ]
INFO: [ app_begin ] --END-- [ RunTime:0.000404s ]
INFO: [ view_parse ] --START--
NOTIC: [2] file_get_contents(./Application/Home/View/Member/right.html): failed to open stream: No such file or directory /data/www/jquery/5/512/demo/ThinkPHP/Library/Think/Template.class.php 第 696 行.
INFO: [ template_filter ] --START--
INFO: Run Behavior\ContentReplaceBehavior [ RunTime:0.000045s ]
INFO: [ template_filter ] --END-- [ RunTime:0.000107s ]
NOTIC: [8] Undefined variable: keywords /data/www/jquery/5/512/demo/Application/Runtime/Cache/Home/2a94b8bda04ff446dcedd42276fc99ee.php 第 6 行.
NOTIC: [8] Undefined variable: description /data/www/jquery/5/512/demo/Application/Runtime/Cache/Home/2a94b8bda04ff446dcedd42276fc99ee.php 第 7 行.
NOTIC: [8192] mysql_connect(): The mysql extension is deprecated and will be removed in the future: use mysqli or PDO instead /data/www/jquery/5/512/demo/ThinkPHP/Library/Think/Db/Driver/Mysql.class.php 第 52 行.
SQL: SHOW COLUMNS FROM `sign` [ RunTime:0.000598s ]
SQL: SELECT `id` FROM `sign` WHERE ( addtime = 1454256000 AND status = 0 AND uid = 2106 ) LIMIT 1   [ RunTime:0.000232s ]
SQL: SELECT `id` FROM `sign` WHERE ( addtime = 1454342400 AND status = 0 AND uid = 2106 ) LIMIT 1   [ RunTime:0.000153s ]
SQL: SELECT `id` FROM `sign` WHERE ( addtime = 1454428800 AND status = 0 AND uid = 2106 ) LIMIT 1   [ RunTime:0.000150s ]
SQL: SELECT `id` FROM `sign` WHERE ( addtime = 1454515200 AND status = 0 AND uid = 2106 ) LIMIT 1   [ RunTime:0.000152s ]
SQL: SELECT `id` FROM `sign` WHERE ( addtime = 1454601600 AND status = 0 AND uid = 2106 ) LIMIT 1   [ RunTime:0.000149s ]
SQL: SELECT `id` FROM `sign` WHERE ( addtime = 1454688000 AND status = 0 AND uid = 2106 ) LIMIT 1   [ RunTime:0.000146s ]
SQL: SELECT `id` FROM `sign` WHERE ( addtime = 1454774400 AND status = 0 AND uid = 2106 ) LIMIT 1   [ RunTime:0.000147s ]
SQL: SELECT `id` FROM `sign` WHERE ( addtime = 1454860800 AND status = 0 AND uid = 2106 ) LIMIT 1   [ RunTime:0.000164s ]
SQL: SELECT `id` FROM `sign` WHERE ( addtime = 1454947200 AND status = 0 AND uid = 2106 ) LIMIT 1   [ RunTime:0.000146s ]
SQL: SELECT `id` FROM `sign` WHERE ( addtime = 1455033600 AND status = 0 AND uid = 2106 ) LIMIT 1   [ RunTime:0.000168s ]
SQL: SELECT `id` FROM `sign` WHERE ( addtime = 1455120000 AND status = 0 AND uid = 2106 ) LIMIT 1   [ RunTime:0.000145s ]
SQL: SELECT `id` FROM `sign` WHERE ( addtime = 1455206400 AND status = 0 AND uid = 2106 ) LIMIT 1   [ RunTime:0.000148s ]
SQL: SELECT `id` FROM `sign` WHERE ( addtime = 1455292800 AND status = 0 AND uid = 2106 ) LIMIT 1   [ RunTime:0.000154s ]
SQL: SELECT `id` FROM `sign` WHERE ( addtime = 1455379200 AND status = 0 AND uid = 2106 ) LIMIT 1   [ RunTime:0.000148s ]
SQL: SELECT `id` FROM `sign` WHERE ( addtime = 1455465600 AND status = 0 AND uid = 2106 ) LIMIT 1   [ RunTime:0.000162s ]
SQL: SELECT `id` FROM `sign` WHERE ( addtime = 1455552000 AND status = 0 AND uid = 2106 ) LIMIT 1   [ RunTime:0.000143s ]
SQL: SELECT `id` FROM `sign` WHERE ( addtime = 1455638400 AND status = 0 AND uid = 2106 ) LIMIT 1   [ RunTime:0.000147s ]
SQL: SELECT `id` FROM `sign` WHERE ( addtime = 1455724800 AND status = 0 AND uid = 2106 ) LIMIT 1   [ RunTime:0.000143s ]
SQL: SELECT `id` FROM `sign` WHERE ( addtime = 1455811200 AND status = 0 AND uid = 2106 ) LIMIT 1   [ RunTime:0.000147s ]
SQL: SELECT `id` FROM `sign` WHERE ( addtime = 1455897600 AND status = 0 AND uid = 2106 ) LIMIT 1   [ RunTime:0.000144s ]
SQL: SELECT `id` FROM `sign` WHERE ( addtime = 1455984000 AND status = 0 AND uid = 2106 ) LIMIT 1   [ RunTime:0.000144s ]
SQL: SELECT `id` FROM `sign` WHERE ( addtime = 1456070400 AND status = 0 AND uid = 2106 ) LIMIT 1   [ RunTime:0.000143s ]
SQL: SELECT `id` FROM `sign` WHERE ( addtime = 1456156800 AND status = 0 AND uid = 2106 ) LIMIT 1   [ RunTime:0.000142s ]
SQL: SELECT `id` FROM `sign` WHERE ( addtime = 1456243200 AND status = 0 AND uid = 2106 ) LIMIT 1   [ RunTime:0.000182s ]
SQL: SELECT `id` FROM `sign` WHERE ( addtime = 1456329600 AND status = 0 AND uid = 2106 ) LIMIT 1   [ RunTime:0.000142s ]
SQL: SELECT `id` FROM `sign` WHERE ( addtime = 1456416000 AND status = 0 AND uid = 2106 ) LIMIT 1   [ RunTime:0.000145s ]
INFO: Run Behavior\ParseTemplateBehavior [ RunTime:0.025562s ]
INFO: [ view_parse ] --END-- [ RunTime:0.025615s ]
INFO: [ view_filter ] --START--
INFO: Run Behavior\WriteHtmlCacheBehavior [ RunTime:0.000198s ]
INFO: [ view_filter ] --END-- [ RunTime:0.000245s ]
INFO: [ app_end ] --START--
INFO: Run Behavior\ShowPageTraceBehavior [ RunTime:0.000446s ]
INFO: [ app_end ] --END-- [ RunTime:0.000501s ]

[ 2016-02-26T14:37:40+08:00 ] 171.213.22.216 /jquery/5/512/demo/
INFO: [ app_init ] --START--
INFO: Run Behavior\BuildLiteBehavior [ RunTime:0.000025s ]
INFO: [ app_init ] --END-- [ RunTime:0.000460s ]
INFO: [ app_begin ] --START--
INFO: Run Behavior\ReadHtmlCacheBehavior [ RunTime:0.001098s ]
INFO: [ app_begin ] --END-- [ RunTime:0.001205s ]
INFO: [ view_parse ] --START--
NOTIC: [2] file_get_contents(./Application/Home/View/Member/right.html): failed to open stream: No such file or directory /data/www/jquery/5/512/demo/ThinkPHP/Library/Think/Template.class.php 第 696 行.
INFO: [ template_filter ] --START--
INFO: Run Behavior\ContentReplaceBehavior [ RunTime:0.000053s ]
INFO: [ template_filter ] --END-- [ RunTime:0.000124s ]
NOTIC: [8] Undefined variable: keywords /data/www/jquery/5/512/demo/Application/Runtime/Cache/Home/2a94b8bda04ff446dcedd42276fc99ee.php 第 6 行.
NOTIC: [8] Undefined variable: description /data/www/jquery/5/512/demo/Application/Runtime/Cache/Home/2a94b8bda04ff446dcedd42276fc99ee.php 第 7 行.
NOTIC: [8192] mysql_connect(): The mysql extension is deprecated and will be removed in the future: use mysqli or PDO instead /data/www/jquery/5/512/demo/ThinkPHP/Library/Think/Db/Driver/Mysql.class.php 第 52 行.
SQL: SHOW COLUMNS FROM `sign` [ RunTime:0.000593s ]
SQL: SELECT `id` FROM `sign` WHERE ( addtime = 1454256000 AND status = 0 AND uid = 2106 ) LIMIT 1   [ RunTime:0.000212s ]
SQL: SELECT `id` FROM `sign` WHERE ( addtime = 1454342400 AND status = 0 AND uid = 2106 ) LIMIT 1   [ RunTime:0.000152s ]
SQL: SELECT `id` FROM `sign` WHERE ( addtime = 1454428800 AND status = 0 AND uid = 2106 ) LIMIT 1   [ RunTime:0.000151s ]
SQL: SELECT `id` FROM `sign` WHERE ( addtime = 1454515200 AND status = 0 AND uid = 2106 ) LIMIT 1   [ RunTime:0.000149s ]
SQL: SELECT `id` FROM `sign` WHERE ( addtime = 1454601600 AND status = 0 AND uid = 2106 ) LIMIT 1   [ RunTime:0.000152s ]
SQL: SELECT `id` FROM `sign` WHERE ( addtime = 1454688000 AND status = 0 AND uid = 2106 ) LIMIT 1   [ RunTime:0.000167s ]
SQL: SELECT `id` FROM `sign` WHERE ( addtime = 1454774400 AND status = 0 AND uid = 2106 ) LIMIT 1   [ RunTime:0.000146s ]
SQL: SELECT `id` FROM `sign` WHERE ( addtime = 1454860800 AND status = 0 AND uid = 2106 ) LIMIT 1   [ RunTime:0.000177s ]
SQL: SELECT `id` FROM `sign` WHERE ( addtime = 1454947200 AND status = 0 AND uid = 2106 ) LIMIT 1   [ RunTime:0.000161s ]
SQL: SELECT `id` FROM `sign` WHERE ( addtime = 1455033600 AND status = 0 AND uid = 2106 ) LIMIT 1   [ RunTime:0.000145s ]
SQL: SELECT `id` FROM `sign` WHERE ( addtime = 1455120000 AND status = 0 AND uid = 2106 ) LIMIT 1   [ RunTime:0.000143s ]
SQL: SELECT `id` FROM `sign` WHERE ( addtime = 1455206400 AND status = 0 AND uid = 2106 ) LIMIT 1   [ RunTime:0.000142s ]
SQL: SELECT `id` FROM `sign` WHERE ( addtime = 1455292800 AND status = 0 AND uid = 2106 ) LIMIT 1   [ RunTime:0.000173s ]
SQL: SELECT `id` FROM `sign` WHERE ( addtime = 1455379200 AND status = 0 AND uid = 2106 ) LIMIT 1   [ RunTime:0.000143s ]
SQL: SELECT `id` FROM `sign` WHERE ( addtime = 1455465600 AND status = 0 AND uid = 2106 ) LIMIT 1   [ RunTime:0.000142s ]
SQL: SELECT `id` FROM `sign` WHERE ( addtime = 1455552000 AND status = 0 AND uid = 2106 ) LIMIT 1   [ RunTime:0.000142s ]
SQL: SELECT `id` FROM `sign` WHERE ( addtime = 1455638400 AND status = 0 AND uid = 2106 ) LIMIT 1   [ RunTime:0.000143s ]
SQL: SELECT `id` FROM `sign` WHERE ( addtime = 1455724800 AND status = 0 AND uid = 2106 ) LIMIT 1   [ RunTime:0.000143s ]
SQL: SELECT `id` FROM `sign` WHERE ( addtime = 1455811200 AND status = 0 AND uid = 2106 ) LIMIT 1   [ RunTime:0.000141s ]
SQL: SELECT `id` FROM `sign` WHERE ( addtime = 1455897600 AND status = 0 AND uid = 2106 ) LIMIT 1   [ RunTime:0.000142s ]
SQL: SELECT `id` FROM `sign` WHERE ( addtime = 1455984000 AND status = 0 AND uid = 2106 ) LIMIT 1   [ RunTime:0.000142s ]
SQL: SELECT `id` FROM `sign` WHERE ( addtime = 1456070400 AND status = 0 AND uid = 2106 ) LIMIT 1   [ RunTime:0.000141s ]
SQL: SELECT `id` FROM `sign` WHERE ( addtime = 1456156800 AND status = 0 AND uid = 2106 ) LIMIT 1   [ RunTime:0.000141s ]
SQL: SELECT `id` FROM `sign` WHERE ( addtime = 1456243200 AND status = 0 AND uid = 2106 ) LIMIT 1   [ RunTime:0.000190s ]
SQL: SELECT `id` FROM `sign` WHERE ( addtime = 1456329600 AND status = 0 AND uid = 2106 ) LIMIT 1   [ RunTime:0.000144s ]
SQL: SELECT `id` FROM `sign` WHERE ( addtime = 1456416000 AND status = 0 AND uid = 2106 ) LIMIT 1   [ RunTime:0.000149s ]
INFO: Run Behavior\ParseTemplateBehavior [ RunTime:0.025923s ]
INFO: [ view_parse ] --END-- [ RunTime:0.025985s ]
INFO: [ view_filter ] --START--
INFO: Run Behavior\WriteHtmlCacheBehavior [ RunTime:0.000178s ]
INFO: [ view_filter ] --END-- [ RunTime:0.000219s ]
INFO: [ app_end ] --START--
INFO: Run Behavior\ShowPageTraceBehavior [ RunTime:0.000438s ]
INFO: [ app_end ] --END-- [ RunTime:0.000488s ]

[ 2016-02-26T15:45:01+08:00 ] 59.57.217.3 /jquery/5/512/demo/
INFO: [ app_init ] --START--
INFO: Run Behavior\BuildLiteBehavior [ RunTime:0.000017s ]
INFO: [ app_init ] --END-- [ RunTime:0.000316s ]
INFO: [ app_begin ] --START--
INFO: Run Behavior\ReadHtmlCacheBehavior [ RunTime:0.000361s ]
INFO: [ app_begin ] --END-- [ RunTime:0.000411s ]
INFO: [ view_parse ] --START--
NOTIC: [2] file_get_contents(./Application/Home/View/Member/right.html): failed to open stream: No such file or directory /data/www/jquery/5/512/demo/ThinkPHP/Library/Think/Template.class.php 第 696 行.
INFO: [ template_filter ] --START--
INFO: Run Behavior\ContentReplaceBehavior [ RunTime:0.000052s ]
INFO: [ template_filter ] --END-- [ RunTime:0.000131s ]
NOTIC: [8] Undefined variable: keywords /data/www/jquery/5/512/demo/Application/Runtime/Cache/Home/2a94b8bda04ff446dcedd42276fc99ee.php 第 6 行.
NOTIC: [8] Undefined variable: description /data/www/jquery/5/512/demo/Application/Runtime/Cache/Home/2a94b8bda04ff446dcedd42276fc99ee.php 第 7 行.
NOTIC: [8192] mysql_connect(): The mysql extension is deprecated and will be removed in the future: use mysqli or PDO instead /data/www/jquery/5/512/demo/ThinkPHP/Library/Think/Db/Driver/Mysql.class.php 第 52 行.
SQL: SHOW COLUMNS FROM `sign` [ RunTime:0.000619s ]
SQL: SELECT `id` FROM `sign` WHERE ( addtime = 1454256000 AND status = 0 AND uid =  ) LIMIT 1   [ RunTime:0.000124s ]
ERR: 1064:You have an error in your SQL syntax; check the manual that corresponds to your MySQL server version for the right syntax to use near ') LIMIT 1' at line 1
 [ SQL语句 ] : SELECT `id` FROM `sign` WHERE ( addtime = 1454256000 AND status = 0 AND uid =  ) LIMIT 1  
SQL: SELECT `id` FROM `sign` WHERE ( addtime = 1454342400 AND status = 0 AND uid =  ) LIMIT 1   [ RunTime:0.000081s ]
ERR: 1064:You have an error in your SQL syntax; check the manual that corresponds to your MySQL server version for the right syntax to use near ') LIMIT 1' at line 1
 [ SQL语句 ] : SELECT `id` FROM `sign` WHERE ( addtime = 1454342400 AND status = 0 AND uid =  ) LIMIT 1  
SQL: SELECT `id` FROM `sign` WHERE ( addtime = 1454428800 AND status = 0 AND uid =  ) LIMIT 1   [ RunTime:0.000079s ]
ERR: 1064:You have an error in your SQL syntax; check the manual that corresponds to your MySQL server version for the right syntax to use near ') LIMIT 1' at line 1
 [ SQL语句 ] : SELECT `id` FROM `sign` WHERE ( addtime = 1454428800 AND status = 0 AND uid =  ) LIMIT 1  
SQL: SELECT `id` FROM `sign` WHERE ( addtime = 1454515200 AND status = 0 AND uid =  ) LIMIT 1   [ RunTime:0.000079s ]
ERR: 1064:You have an error in your SQL syntax; check the manual that corresponds to your MySQL server version for the right syntax to use near ') LIMIT 1' at line 1
 [ SQL语句 ] : SELECT `id` FROM `sign` WHERE ( addtime = 1454515200 AND status = 0 AND uid =  ) LIMIT 1  
SQL: SELECT `id` FROM `sign` WHERE ( addtime = 1454601600 AND status = 0 AND uid =  ) LIMIT 1   [ RunTime:0.000078s ]
ERR: 1064:You have an error in your SQL syntax; check the manual that corresponds to your MySQL server version for the right syntax to use near ') LIMIT 1' at line 1
 [ SQL语句 ] : SELECT `id` FROM `sign` WHERE ( addtime = 1454601600 AND status = 0 AND uid =  ) LIMIT 1  
SQL: SELECT `id` FROM `sign` WHERE ( addtime = 1454688000 AND status = 0 AND uid =  ) LIMIT 1   [ RunTime:0.000078s ]
ERR: 1064:You have an error in your SQL syntax; check the manual that corresponds to your MySQL server version for the right syntax to use near ') LIMIT 1' at line 1
 [ SQL语句 ] : SELECT `id` FROM `sign` WHERE ( addtime = 1454688000 AND status = 0 AND uid =  ) LIMIT 1  
SQL: SELECT `id` FROM `sign` WHERE ( addtime = 1454774400 AND status = 0 AND uid =  ) LIMIT 1   [ RunTime:0.000077s ]
ERR: 1064:You have an error in your SQL syntax; check the manual that corresponds to your MySQL server version for the right syntax to use near ') LIMIT 1' at line 1
 [ SQL语句 ] : SELECT `id` FROM `sign` WHERE ( addtime = 1454774400 AND status = 0 AND uid =  ) LIMIT 1  
SQL: SELECT `id` FROM `sign` WHERE ( addtime = 1454860800 AND status = 0 AND uid =  ) LIMIT 1   [ RunTime:0.000079s ]
ERR: 1064:You have an error in your SQL syntax; check the manual that corresponds to your MySQL server version for the right syntax to use near ') LIMIT 1' at line 1
 [ SQL语句 ] : SELECT `id` FROM `sign` WHERE ( addtime = 1454860800 AND status = 0 AND uid =  ) LIMIT 1  
SQL: SELECT `id` FROM `sign` WHERE ( addtime = 1454947200 AND status = 0 AND uid =  ) LIMIT 1   [ RunTime:0.000077s ]
ERR: 1064:You have an error in your SQL syntax; check the manual that corresponds to your MySQL server version for the right syntax to use near ') LIMIT 1' at line 1
 [ SQL语句 ] : SELECT `id` FROM `sign` WHERE ( addtime = 1454947200 AND status = 0 AND uid =  ) LIMIT 1  
SQL: SELECT `id` FROM `sign` WHERE ( addtime = 1455033600 AND status = 0 AND uid =  ) LIMIT 1   [ RunTime:0.000077s ]
ERR: 1064:You have an error in your SQL syntax; check the manual that corresponds to your MySQL server version for the right syntax to use near ') LIMIT 1' at line 1
 [ SQL语句 ] : SELECT `id` FROM `sign` WHERE ( addtime = 1455033600 AND status = 0 AND uid =  ) LIMIT 1  
SQL: SELECT `id` FROM `sign` WHERE ( addtime = 1455120000 AND status = 0 AND uid =  ) LIMIT 1   [ RunTime:0.000077s ]
ERR: 1064:You have an error in your SQL syntax; check the manual that corresponds to your MySQL server version for the right syntax to use near ') LIMIT 1' at line 1
 [ SQL语句 ] : SELECT `id` FROM `sign` WHERE ( addtime = 1455120000 AND status = 0 AND uid =  ) LIMIT 1  
SQL: SELECT `id` FROM `sign` WHERE ( addtime = 1455206400 AND status = 0 AND uid =  ) LIMIT 1   [ RunTime:0.000077s ]
ERR: 1064:You have an error in your SQL syntax; check the manual that corresponds to your MySQL server version for the right syntax to use near ') LIMIT 1' at line 1
 [ SQL语句 ] : SELECT `id` FROM `sign` WHERE ( addtime = 1455206400 AND status = 0 AND uid =  ) LIMIT 1  
SQL: SELECT `id` FROM `sign` WHERE ( addtime = 1455292800 AND status = 0 AND uid =  ) LIMIT 1   [ RunTime:0.000077s ]
ERR: 1064:You have an error in your SQL syntax; check the manual that corresponds to your MySQL server version for the right syntax to use near ') LIMIT 1' at line 1
 [ SQL语句 ] : SELECT `id` FROM `sign` WHERE ( addtime = 1455292800 AND status = 0 AND uid =  ) LIMIT 1  
SQL: SELECT `id` FROM `sign` WHERE ( addtime = 1455379200 AND status = 0 AND uid =  ) LIMIT 1   [ RunTime:0.000076s ]
ERR: 1064:You have an error in your SQL syntax; check the manual that corresponds to your MySQL server version for the right syntax to use near ') LIMIT 1' at line 1
 [ SQL语句 ] : SELECT `id` FROM `sign` WHERE ( addtime = 1455379200 AND status = 0 AND uid =  ) LIMIT 1  
SQL: SELECT `id` FROM `sign` WHERE ( addtime = 1455465600 AND status = 0 AND uid =  ) LIMIT 1   [ RunTime:0.000076s ]
ERR: 1064:You have an error in your SQL syntax; check the manual that corresponds to your MySQL server version for the right syntax to use near ') LIMIT 1' at line 1
 [ SQL语句 ] : SELECT `id` FROM `sign` WHERE ( addtime = 1455465600 AND status = 0 AND uid =  ) LIMIT 1  
SQL: SELECT `id` FROM `sign` WHERE ( addtime = 1455552000 AND status = 0 AND uid =  ) LIMIT 1   [ RunTime:0.000076s ]
ERR: 1064:You have an error in your SQL syntax; check the manual that corresponds to your MySQL server version for the right syntax to use near ') LIMIT 1' at line 1
 [ SQL语句 ] : SELECT `id` FROM `sign` WHERE ( addtime = 1455552000 AND status = 0 AND uid =  ) LIMIT 1  
SQL: SELECT `id` FROM `sign` WHERE ( addtime = 1455638400 AND status = 0 AND uid =  ) LIMIT 1   [ RunTime:0.000076s ]
ERR: 1064:You have an error in your SQL syntax; check the manual that corresponds to your MySQL server version for the right syntax to use near ') LIMIT 1' at line 1
 [ SQL语句 ] : SELECT `id` FROM `sign` WHERE ( addtime = 1455638400 AND status = 0 AND uid =  ) LIMIT 1  
SQL: SELECT `id` FROM `sign` WHERE ( addtime = 1455724800 AND status = 0 AND uid =  ) LIMIT 1   [ RunTime:0.000076s ]
ERR: 1064:You have an error in your SQL syntax; check the manual that corresponds to your MySQL server version for the right syntax to use near ') LIMIT 1' at line 1
 [ SQL语句 ] : SELECT `id` FROM `sign` WHERE ( addtime = 1455724800 AND status = 0 AND uid =  ) LIMIT 1  
SQL: SELECT `id` FROM `sign` WHERE ( addtime = 1455811200 AND status = 0 AND uid =  ) LIMIT 1   [ RunTime:0.000076s ]
ERR: 1064:You have an error in your SQL syntax; check the manual that corresponds to your MySQL server version for the right syntax to use near ') LIMIT 1' at line 1
 [ SQL语句 ] : SELECT `id` FROM `sign` WHERE ( addtime = 1455811200 AND status = 0 AND uid =  ) LIMIT 1  
SQL: SELECT `id` FROM `sign` WHERE ( addtime = 1455897600 AND status = 0 AND uid =  ) LIMIT 1   [ RunTime:0.000080s ]
ERR: 1064:You have an error in your SQL syntax; check the manual that corresponds to your MySQL server version for the right syntax to use near ') LIMIT 1' at line 1
 [ SQL语句 ] : SELECT `id` FROM `sign` WHERE ( addtime = 1455897600 AND status = 0 AND uid =  ) LIMIT 1  
SQL: SELECT `id` FROM `sign` WHERE ( addtime = 1455984000 AND status = 0 AND uid =  ) LIMIT 1   [ RunTime:0.000077s ]
ERR: 1064:You have an error in your SQL syntax; check the manual that corresponds to your MySQL server version for the right syntax to use near ') LIMIT 1' at line 1
 [ SQL语句 ] : SELECT `id` FROM `sign` WHERE ( addtime = 1455984000 AND status = 0 AND uid =  ) LIMIT 1  
SQL: SELECT `id` FROM `sign` WHERE ( addtime = 1456070400 AND status = 0 AND uid =  ) LIMIT 1   [ RunTime:0.000075s ]
ERR: 1064:You have an error in your SQL syntax; check the manual that corresponds to your MySQL server version for the right syntax to use near ') LIMIT 1' at line 1
 [ SQL语句 ] : SELECT `id` FROM `sign` WHERE ( addtime = 1456070400 AND status = 0 AND uid =  ) LIMIT 1  
SQL: SELECT `id` FROM `sign` WHERE ( addtime = 1456156800 AND status = 0 AND uid =  ) LIMIT 1   [ RunTime:0.000077s ]
ERR: 1064:You have an error in your SQL syntax; check the manual that corresponds to your MySQL server version for the right syntax to use near ') LIMIT 1' at line 1
 [ SQL语句 ] : SELECT `id` FROM `sign` WHERE ( addtime = 1456156800 AND status = 0 AND uid =  ) LIMIT 1  
SQL: SELECT `id` FROM `sign` WHERE ( addtime = 1456243200 AND status = 0 AND uid =  ) LIMIT 1   [ RunTime:0.000076s ]
ERR: 1064:You have an error in your SQL syntax; check the manual that corresponds to your MySQL server version for the right syntax to use near ') LIMIT 1' at line 1
 [ SQL语句 ] : SELECT `id` FROM `sign` WHERE ( addtime = 1456243200 AND status = 0 AND uid =  ) LIMIT 1  
SQL: SELECT `id` FROM `sign` WHERE ( addtime = 1456329600 AND status = 0 AND uid =  ) LIMIT 1   [ RunTime:0.000075s ]
ERR: 1064:You have an error in your SQL syntax; check the manual that corresponds to your MySQL server version for the right syntax to use near ') LIMIT 1' at line 1
 [ SQL语句 ] : SELECT `id` FROM `sign` WHERE ( addtime = 1456329600 AND status = 0 AND uid =  ) LIMIT 1  
SQL: SELECT `id` FROM `sign` WHERE ( addtime = 1456416000 AND status = 0 AND uid =  ) LIMIT 1   [ RunTime:0.000076s ]
ERR: 1064:You have an error in your SQL syntax; check the manual that corresponds to your MySQL server version for the right syntax to use near ') LIMIT 1' at line 1
 [ SQL语句 ] : SELECT `id` FROM `sign` WHERE ( addtime = 1456416000 AND status = 0 AND uid =  ) LIMIT 1  
INFO: Run Behavior\ParseTemplateBehavior [ RunTime:0.034610s ]
INFO: [ view_parse ] --END-- [ RunTime:0.034655s ]
INFO: [ view_filter ] --START--
INFO: Run Behavior\WriteHtmlCacheBehavior [ RunTime:0.000153s ]
INFO: [ view_filter ] --END-- [ RunTime:0.000193s ]
INFO: [ app_end ] --START--
INFO: Run Behavior\ShowPageTraceBehavior [ RunTime:0.000438s ]
INFO: [ app_end ] --END-- [ RunTime:0.000488s ]

[ 2016-02-26T15:45:03+08:00 ] 59.57.217.3 /jquery/5/512/demo/Ajax/signDay
INFO: [ app_init ] --START--
INFO: Run Behavior\BuildLiteBehavior [ RunTime:0.000019s ]
INFO: [ app_init ] --END-- [ RunTime:0.000362s ]
INFO: [ app_begin ] --START--
INFO: Run Behavior\ReadHtmlCacheBehavior [ RunTime:0.000515s ]
INFO: [ app_begin ] --END-- [ RunTime:0.000581s ]

