[ 2016-09-18T08:20:32+08:00 ] 182.145.126.95 /jquery/5/512/demo/
INFO: [ app_init ] --START--
INFO: Run Behavior\BuildLiteBehavior [ RunTime:0.000019s ]
INFO: [ app_init ] --END-- [ RunTime:0.009160s ]
INFO: [ app_begin ] --START--
INFO: Run Behavior\ReadHtmlCacheBehavior [ RunTime:0.001937s ]
INFO: [ app_begin ] --END-- [ RunTime:0.002009s ]
INFO: [ view_parse ] --START--
NOTIC: [2] file_get_contents(./Application/Home/View/Member/right.html): failed to open stream: No such file or directory /data/www/jquery/5/512/demo/ThinkPHP/Library/Think/Template.class.php 第 696 行.
INFO: [ template_filter ] --START--
INFO: Run Behavior\ContentReplaceBehavior [ RunTime:0.000047s ]
INFO: [ template_filter ] --END-- [ RunTime:0.000107s ]
NOTIC: [8] Undefined variable: keywords /data/www/jquery/5/512/demo/Application/Runtime/Cache/Home/2a94b8bda04ff446dcedd42276fc99ee.php 第 6 行.
NOTIC: [8] Undefined variable: description /data/www/jquery/5/512/demo/Application/Runtime/Cache/Home/2a94b8bda04ff446dcedd42276fc99ee.php 第 7 行.
NOTIC: [8192] mysql_connect(): The mysql extension is deprecated and will be removed in the future: use mysqli or PDO instead /data/www/jquery/5/512/demo/ThinkPHP/Library/Think/Db/Driver/Mysql.class.php 第 52 行.
SQL: SHOW COLUMNS FROM `sign` [ RunTime:0.015522s ]
SQL: SELECT `id` FROM `sign` WHERE ( addtime = 1472659200 AND status = 0 AND uid = 5295 ) LIMIT 1   [ RunTime:0.029750s ]
SQL: SELECT `id` FROM `sign` WHERE ( addtime = 1472745600 AND status = 0 AND uid = 5295 ) LIMIT 1   [ RunTime:0.000305s ]
SQL: SELECT `id` FROM `sign` WHERE ( addtime = 1472832000 AND status = 0 AND uid = 5295 ) LIMIT 1   [ RunTime:0.000216s ]
SQL: SELECT `id` FROM `sign` WHERE ( addtime = 1472918400 AND status = 0 AND uid = 5295 ) LIMIT 1   [ RunTime:0.000173s ]
SQL: SELECT `id` FROM `sign` WHERE ( addtime = 1473004800 AND status = 0 AND uid = 5295 ) LIMIT 1   [ RunTime:0.000171s ]
SQL: SELECT `id` FROM `sign` WHERE ( addtime = 1473091200 AND status = 0 AND uid = 5295 ) LIMIT 1   [ RunTime:0.000210s ]
SQL: SELECT `id` FROM `sign` WHERE ( addtime = 1473177600 AND status = 0 AND uid = 5295 ) LIMIT 1   [ RunTime:0.000167s ]
SQL: SELECT `id` FROM `sign` WHERE ( addtime = 1473264000 AND status = 0 AND uid = 5295 ) LIMIT 1   [ RunTime:0.000168s ]
SQL: SELECT `id` FROM `sign` WHERE ( addtime = 1473350400 AND status = 0 AND uid = 5295 ) LIMIT 1   [ RunTime:0.000203s ]
SQL: SELECT `id` FROM `sign` WHERE ( addtime = 1473436800 AND status = 0 AND uid = 5295 ) LIMIT 1   [ RunTime:0.000165s ]
SQL: SELECT `id` FROM `sign` WHERE ( addtime = 1473523200 AND status = 0 AND uid = 5295 ) LIMIT 1   [ RunTime:0.000177s ]
SQL: SELECT `id` FROM `sign` WHERE ( addtime = 1473609600 AND status = 0 AND uid = 5295 ) LIMIT 1   [ RunTime:0.000163s ]
SQL: SELECT `id` FROM `sign` WHERE ( addtime = 1473696000 AND status = 0 AND uid = 5295 ) LIMIT 1   [ RunTime:0.000165s ]
SQL: SELECT `id` FROM `sign` WHERE ( addtime = 1473782400 AND status = 0 AND uid = 5295 ) LIMIT 1   [ RunTime:0.000162s ]
SQL: SELECT `id` FROM `sign` WHERE ( addtime = 1473868800 AND status = 0 AND uid = 5295 ) LIMIT 1   [ RunTime:0.000163s ]
SQL: SELECT `id` FROM `sign` WHERE ( addtime = 1473955200 AND status = 0 AND uid = 5295 ) LIMIT 1   [ RunTime:0.000211s ]
SQL: SELECT `id` FROM `sign` WHERE ( addtime = 1474041600 AND status = 0 AND uid = 5295 ) LIMIT 1   [ RunTime:0.000162s ]
SQL: SELECT `id` FROM `sign` WHERE ( addtime = 1474128000 AND status = 0 AND uid = 5295 ) LIMIT 1   [ RunTime:0.000168s ]
INFO: Run Behavior\ParseTemplateBehavior [ RunTime:0.115093s ]
INFO: [ view_parse ] --END-- [ RunTime:0.115146s ]
INFO: [ view_filter ] --START--
INFO: Run Behavior\WriteHtmlCacheBehavior [ RunTime:0.001972s ]
INFO: [ view_filter ] --END-- [ RunTime:0.002010s ]
INFO: [ app_end ] --START--
INFO: Run Behavior\ShowPageTraceBehavior [ RunTime:0.001693s ]
INFO: [ app_end ] --END-- [ RunTime:0.001737s ]

[ 2016-09-18T08:23:06+08:00 ] 182.145.126.95 /jquery/5/512/demo/Ajax/signDay
INFO: [ app_init ] --START--
INFO: Run Behavior\BuildLiteBehavior [ RunTime:0.000016s ]
INFO: [ app_init ] --END-- [ RunTime:0.000309s ]
INFO: [ app_begin ] --START--
INFO: Run Behavior\ReadHtmlCacheBehavior [ RunTime:0.000343s ]
INFO: [ app_begin ] --END-- [ RunTime:0.000391s ]
NOTIC: [8192] mysql_connect(): The mysql extension is deprecated and will be removed in the future: use mysqli or PDO instead /data/www/jquery/5/512/demo/ThinkPHP/Library/Think/Db/Driver/Mysql.class.php 第 52 行.
SQL: SHOW COLUMNS FROM `sign` [ RunTime:0.001288s ]
SQL: SELECT `id` FROM `sign` WHERE ( addtime = 1474128000 AND uid = 5295 AND status = 0 ) LIMIT 1   [ RunTime:0.000265s ]
SQL: INSERT INTO `sign` (`addtime`,`uid`,`money`) VALUES (1474128000,5295,20) [ RunTime:0.000178s ]
INFO: [ app_end ] --START--
INFO: Run Behavior\ShowPageTraceBehavior [ RunTime:0.000429s ]
INFO: [ app_end ] --END-- [ RunTime:0.000472s ]

[ 2016-09-18T09:05:04+08:00 ] 123.139.37.108 /jquery/5/512/demo/
INFO: [ app_init ] --START--
INFO: Run Behavior\BuildLiteBehavior [ RunTime:0.000016s ]
INFO: [ app_init ] --END-- [ RunTime:0.000284s ]
INFO: [ app_begin ] --START--
INFO: Run Behavior\ReadHtmlCacheBehavior [ RunTime:0.000352s ]
INFO: [ app_begin ] --END-- [ RunTime:0.000394s ]
INFO: [ view_parse ] --START--
NOTIC: [2] file_get_contents(./Application/Home/View/Member/right.html): failed to open stream: No such file or directory /data/www/jquery/5/512/demo/ThinkPHP/Library/Think/Template.class.php 第 696 行.
INFO: [ template_filter ] --START--
INFO: Run Behavior\ContentReplaceBehavior [ RunTime:0.000043s ]
INFO: [ template_filter ] --END-- [ RunTime:0.000099s ]
NOTIC: [8] Undefined variable: keywords /data/www/jquery/5/512/demo/Application/Runtime/Cache/Home/2a94b8bda04ff446dcedd42276fc99ee.php 第 6 行.
NOTIC: [8] Undefined variable: description /data/www/jquery/5/512/demo/Application/Runtime/Cache/Home/2a94b8bda04ff446dcedd42276fc99ee.php 第 7 行.
NOTIC: [8192] mysql_connect(): The mysql extension is deprecated and will be removed in the future: use mysqli or PDO instead /data/www/jquery/5/512/demo/ThinkPHP/Library/Think/Db/Driver/Mysql.class.php 第 52 行.
SQL: SHOW COLUMNS FROM `sign` [ RunTime:0.001329s ]
SQL: SELECT `id` FROM `sign` WHERE ( addtime = 1472659200 AND status = 0 AND uid = 4909 ) LIMIT 1   [ RunTime:0.000341s ]
SQL: SELECT `id` FROM `sign` WHERE ( addtime = 1472745600 AND status = 0 AND uid = 4909 ) LIMIT 1   [ RunTime:0.000279s ]
SQL: SELECT `id` FROM `sign` WHERE ( addtime = 1472832000 AND status = 0 AND uid = 4909 ) LIMIT 1   [ RunTime:0.000258s ]
SQL: SELECT `id` FROM `sign` WHERE ( addtime = 1472918400 AND status = 0 AND uid = 4909 ) LIMIT 1   [ RunTime:0.000274s ]
SQL: SELECT `id` FROM `sign` WHERE ( addtime = 1473004800 AND status = 0 AND uid = 4909 ) LIMIT 1   [ RunTime:0.000253s ]
SQL: SELECT `id` FROM `sign` WHERE ( addtime = 1473091200 AND status = 0 AND uid = 4909 ) LIMIT 1   [ RunTime:0.000251s ]
SQL: SELECT `id` FROM `sign` WHERE ( addtime = 1473177600 AND status = 0 AND uid = 4909 ) LIMIT 1   [ RunTime:0.000253s ]
SQL: SELECT `id` FROM `sign` WHERE ( addtime = 1473264000 AND status = 0 AND uid = 4909 ) LIMIT 1   [ RunTime:0.000252s ]
SQL: SELECT `id` FROM `sign` WHERE ( addtime = 1473350400 AND status = 0 AND uid = 4909 ) LIMIT 1   [ RunTime:0.000250s ]
SQL: SELECT `id` FROM `sign` WHERE ( addtime = 1473436800 AND status = 0 AND uid = 4909 ) LIMIT 1   [ RunTime:0.000249s ]
SQL: SELECT `id` FROM `sign` WHERE ( addtime = 1473523200 AND status = 0 AND uid = 4909 ) LIMIT 1   [ RunTime:0.000267s ]
SQL: SELECT `id` FROM `sign` WHERE ( addtime = 1473609600 AND status = 0 AND uid = 4909 ) LIMIT 1   [ RunTime:0.000253s ]
SQL: SELECT `id` FROM `sign` WHERE ( addtime = 1473696000 AND status = 0 AND uid = 4909 ) LIMIT 1   [ RunTime:0.000202s ]
SQL: SELECT `id` FROM `sign` WHERE ( addtime = 1473782400 AND status = 0 AND uid = 4909 ) LIMIT 1   [ RunTime:0.000166s ]
SQL: SELECT `id` FROM `sign` WHERE ( addtime = 1473868800 AND status = 0 AND uid = 4909 ) LIMIT 1   [ RunTime:0.000165s ]
SQL: SELECT `id` FROM `sign` WHERE ( addtime = 1473955200 AND status = 0 AND uid = 4909 ) LIMIT 1   [ RunTime:0.000176s ]
SQL: SELECT `id` FROM `sign` WHERE ( addtime = 1474041600 AND status = 0 AND uid = 4909 ) LIMIT 1   [ RunTime:0.000245s ]
SQL: SELECT `id` FROM `sign` WHERE ( addtime = 1474128000 AND status = 0 AND uid = 4909 ) LIMIT 1   [ RunTime:0.000253s ]
INFO: Run Behavior\ParseTemplateBehavior [ RunTime:0.030923s ]
INFO: [ view_parse ] --END-- [ RunTime:0.030999s ]
INFO: [ view_filter ] --START--
INFO: Run Behavior\WriteHtmlCacheBehavior [ RunTime:0.000259s ]
INFO: [ view_filter ] --END-- [ RunTime:0.000379s ]
INFO: [ app_end ] --START--
INFO: Run Behavior\ShowPageTraceBehavior [ RunTime:0.000581s ]
INFO: [ app_end ] --END-- [ RunTime:0.000642s ]

[ 2016-09-18T09:05:06+08:00 ] 123.139.37.108 /jquery/5/512/demo/Ajax/signDay
INFO: [ app_init ] --START--
INFO: Run Behavior\BuildLiteBehavior [ RunTime:0.000022s ]
INFO: [ app_init ] --END-- [ RunTime:0.000349s ]
INFO: [ app_begin ] --START--
INFO: Run Behavior\ReadHtmlCacheBehavior [ RunTime:0.000759s ]
INFO: [ app_begin ] --END-- [ RunTime:0.000801s ]
NOTIC: [8192] mysql_connect(): The mysql extension is deprecated and will be removed in the future: use mysqli or PDO instead /data/www/jquery/5/512/demo/ThinkPHP/Library/Think/Db/Driver/Mysql.class.php 第 52 行.
SQL: SHOW COLUMNS FROM `sign` [ RunTime:0.001112s ]
SQL: SELECT `id` FROM `sign` WHERE ( addtime = 1474128000 AND uid = 4909 AND status = 0 ) LIMIT 1   [ RunTime:0.000236s ]
SQL: INSERT INTO `sign` (`addtime`,`uid`,`money`) VALUES (1474128000,4909,20) [ RunTime:0.000169s ]
INFO: [ app_end ] --START--
INFO: Run Behavior\ShowPageTraceBehavior [ RunTime:0.000499s ]
INFO: [ app_end ] --END-- [ RunTime:0.000541s ]

[ 2016-09-18T10:21:17+08:00 ] 180.168.69.154 /jquery/5/512/demo/
INFO: [ app_init ] --START--
INFO: Run Behavior\BuildLiteBehavior [ RunTime:0.000012s ]
INFO: [ app_init ] --END-- [ RunTime:0.000285s ]
INFO: [ app_begin ] --START--
INFO: Run Behavior\ReadHtmlCacheBehavior [ RunTime:0.000371s ]
INFO: [ app_begin ] --END-- [ RunTime:0.000413s ]
INFO: [ view_parse ] --START--
NOTIC: [2] file_get_contents(./Application/Home/View/Member/right.html): failed to open stream: No such file or directory /data/www/jquery/5/512/demo/ThinkPHP/Library/Think/Template.class.php 第 696 行.
INFO: [ template_filter ] --START--
INFO: Run Behavior\ContentReplaceBehavior [ RunTime:0.000035s ]
INFO: [ template_filter ] --END-- [ RunTime:0.000074s ]
NOTIC: [8] Undefined variable: keywords /data/www/jquery/5/512/demo/Application/Runtime/Cache/Home/2a94b8bda04ff446dcedd42276fc99ee.php 第 6 行.
NOTIC: [8] Undefined variable: description /data/www/jquery/5/512/demo/Application/Runtime/Cache/Home/2a94b8bda04ff446dcedd42276fc99ee.php 第 7 行.
NOTIC: [8192] mysql_connect(): The mysql extension is deprecated and will be removed in the future: use mysqli or PDO instead /data/www/jquery/5/512/demo/ThinkPHP/Library/Think/Db/Driver/Mysql.class.php 第 52 行.
SQL: SHOW COLUMNS FROM `sign` [ RunTime:0.001045s ]
SQL: SELECT `id` FROM `sign` WHERE ( addtime = 1472659200 AND status = 0 AND uid =  ) LIMIT 1   [ RunTime:0.000123s ]
ERR: 1064:You have an error in your SQL syntax; check the manual that corresponds to your MySQL server version for the right syntax to use near ') LIMIT 1' at line 1
 [ SQL语句 ] : SELECT `id` FROM `sign` WHERE ( addtime = 1472659200 AND status = 0 AND uid =  ) LIMIT 1  
SQL: SELECT `id` FROM `sign` WHERE ( addtime = 1472745600 AND status = 0 AND uid =  ) LIMIT 1   [ RunTime:0.000079s ]
ERR: 1064:You have an error in your SQL syntax; check the manual that corresponds to your MySQL server version for the right syntax to use near ') LIMIT 1' at line 1
 [ SQL语句 ] : SELECT `id` FROM `sign` WHERE ( addtime = 1472745600 AND status = 0 AND uid =  ) LIMIT 1  
SQL: SELECT `id` FROM `sign` WHERE ( addtime = 1472832000 AND status = 0 AND uid =  ) LIMIT 1   [ RunTime:0.000079s ]
ERR: 1064:You have an error in your SQL syntax; check the manual that corresponds to your MySQL server version for the right syntax to use near ') LIMIT 1' at line 1
 [ SQL语句 ] : SELECT `id` FROM `sign` WHERE ( addtime = 1472832000 AND status = 0 AND uid =  ) LIMIT 1  
SQL: SELECT `id` FROM `sign` WHERE ( addtime = 1472918400 AND status = 0 AND uid =  ) LIMIT 1   [ RunTime:0.000097s ]
ERR: 1064:You have an error in your SQL syntax; check the manual that corresponds to your MySQL server version for the right syntax to use near ') LIMIT 1' at line 1
 [ SQL语句 ] : SELECT `id` FROM `sign` WHERE ( addtime = 1472918400 AND status = 0 AND uid =  ) LIMIT 1  
SQL: SELECT `id` FROM `sign` WHERE ( addtime = 1473004800 AND status = 0 AND uid =  ) LIMIT 1   [ RunTime:0.000078s ]
ERR: 1064:You have an error in your SQL syntax; check the manual that corresponds to your MySQL server version for the right syntax to use near ') LIMIT 1' at line 1
 [ SQL语句 ] : SELECT `id` FROM `sign` WHERE ( addtime = 1473004800 AND status = 0 AND uid =  ) LIMIT 1  
SQL: SELECT `id` FROM `sign` WHERE ( addtime = 1473091200 AND status = 0 AND uid =  ) LIMIT 1   [ RunTime:0.000077s ]
ERR: 1064:You have an error in your SQL syntax; check the manual that corresponds to your MySQL server version for the right syntax to use near ') LIMIT 1' at line 1
 [ SQL语句 ] : SELECT `id` FROM `sign` WHERE ( addtime = 1473091200 AND status = 0 AND uid =  ) LIMIT 1  
SQL: SELECT `id` FROM `sign` WHERE ( addtime = 1473177600 AND status = 0 AND uid =  ) LIMIT 1   [ RunTime:0.000105s ]
ERR: 1064:You have an error in your SQL syntax; check the manual that corresponds to your MySQL server version for the right syntax to use near ') LIMIT 1' at line 1
 [ SQL语句 ] : SELECT `id` FROM `sign` WHERE ( addtime = 1473177600 AND status = 0 AND uid =  ) LIMIT 1  
SQL: SELECT `id` FROM `sign` WHERE ( addtime = 1473264000 AND status = 0 AND uid =  ) LIMIT 1   [ RunTime:0.000078s ]
ERR: 1064:You have an error in your SQL syntax; check the manual that corresponds to your MySQL server version for the right syntax to use near ') LIMIT 1' at line 1
 [ SQL语句 ] : SELECT `id` FROM `sign` WHERE ( addtime = 1473264000 AND status = 0 AND uid =  ) LIMIT 1  
SQL: SELECT `id` FROM `sign` WHERE ( addtime = 1473350400 AND status = 0 AND uid =  ) LIMIT 1   [ RunTime:0.000077s ]
ERR: 1064:You have an error in your SQL syntax; check the manual that corresponds to your MySQL server version for the right syntax to use near ') LIMIT 1' at line 1
 [ SQL语句 ] : SELECT `id` FROM `sign` WHERE ( addtime = 1473350400 AND status = 0 AND uid =  ) LIMIT 1  
SQL: SELECT `id` FROM `sign` WHERE ( addtime = 1473436800 AND status = 0 AND uid =  ) LIMIT 1   [ RunTime:0.000076s ]
ERR: 1064:You have an error in your SQL syntax; check the manual that corresponds to your MySQL server version for the right syntax to use near ') LIMIT 1' at line 1
 [ SQL语句 ] : SELECT `id` FROM `sign` WHERE ( addtime = 1473436800 AND status = 0 AND uid =  ) LIMIT 1  
SQL: SELECT `id` FROM `sign` WHERE ( addtime = 1473523200 AND status = 0 AND uid =  ) LIMIT 1   [ RunTime:0.000076s ]
ERR: 1064:You have an error in your SQL syntax; check the manual that corresponds to your MySQL server version for the right syntax to use near ') LIMIT 1' at line 1
 [ SQL语句 ] : SELECT `id` FROM `sign` WHERE ( addtime = 1473523200 AND status = 0 AND uid =  ) LIMIT 1  
SQL: SELECT `id` FROM `sign` WHERE ( addtime = 1473609600 AND status = 0 AND uid =  ) LIMIT 1   [ RunTime:0.000075s ]
ERR: 1064:You have an error in your SQL syntax; check the manual that corresponds to your MySQL server version for the right syntax to use near ') LIMIT 1' at line 1
 [ SQL语句 ] : SELECT `id` FROM `sign` WHERE ( addtime = 1473609600 AND status = 0 AND uid =  ) LIMIT 1  
SQL: SELECT `id` FROM `sign` WHERE ( addtime = 1473696000 AND status = 0 AND uid =  ) LIMIT 1   [ RunTime:0.000095s ]
ERR: 1064:You have an error in your SQL syntax; check the manual that corresponds to your MySQL server version for the right syntax to use near ') LIMIT 1' at line 1
 [ SQL语句 ] : SELECT `id` FROM `sign` WHERE ( addtime = 1473696000 AND status = 0 AND uid =  ) LIMIT 1  
SQL: SELECT `id` FROM `sign` WHERE ( addtime = 1473782400 AND status = 0 AND uid =  ) LIMIT 1   [ RunTime:0.000075s ]
ERR: 1064:You have an error in your SQL syntax; check the manual that corresponds to your MySQL server version for the right syntax to use near ') LIMIT 1' at line 1
 [ SQL语句 ] : SELECT `id` FROM `sign` WHERE ( addtime = 1473782400 AND status = 0 AND uid =  ) LIMIT 1  
SQL: SELECT `id` FROM `sign` WHERE ( addtime = 1473868800 AND status = 0 AND uid =  ) LIMIT 1   [ RunTime:0.000075s ]
ERR: 1064:You have an error in your SQL syntax; check the manual that corresponds to your MySQL server version for the right syntax to use near ') LIMIT 1' at line 1
 [ SQL语句 ] : SELECT `id` FROM `sign` WHERE ( addtime = 1473868800 AND status = 0 AND uid =  ) LIMIT 1  
SQL: SELECT `id` FROM `sign` WHERE ( addtime = 1473955200 AND status = 0 AND uid =  ) LIMIT 1   [ RunTime:0.000075s ]
ERR: 1064:You have an error in your SQL syntax; check the manual that corresponds to your MySQL server version for the right syntax to use near ') LIMIT 1' at line 1
 [ SQL语句 ] : SELECT `id` FROM `sign` WHERE ( addtime = 1473955200 AND status = 0 AND uid =  ) LIMIT 1  
SQL: SELECT `id` FROM `sign` WHERE ( addtime = 1474041600 AND status = 0 AND uid =  ) LIMIT 1   [ RunTime:0.000074s ]
ERR: 1064:You have an error in your SQL syntax; check the manual that corresponds to your MySQL server version for the right syntax to use near ') LIMIT 1' at line 1
 [ SQL语句 ] : SELECT `id` FROM `sign` WHERE ( addtime = 1474041600 AND status = 0 AND uid =  ) LIMIT 1  
SQL: SELECT `id` FROM `sign` WHERE ( addtime = 1474128000 AND status = 0 AND uid =  ) LIMIT 1   [ RunTime:0.000145s ]
ERR: 1064:You have an error in your SQL syntax; check the manual that corresponds to your MySQL server version for the right syntax to use near ') LIMIT 1' at line 1
 [ SQL语句 ] : SELECT `id` FROM `sign` WHERE ( addtime = 1474128000 AND status = 0 AND uid =  ) LIMIT 1  
INFO: Run Behavior\ParseTemplateBehavior [ RunTime:0.019623s ]
INFO: [ view_parse ] --END-- [ RunTime:0.019665s ]
INFO: [ view_filter ] --START--
INFO: Run Behavior\WriteHtmlCacheBehavior [ RunTime:0.000148s ]
INFO: [ view_filter ] --END-- [ RunTime:0.000183s ]
INFO: [ app_end ] --START--
INFO: Run Behavior\ShowPageTraceBehavior [ RunTime:0.000437s ]
INFO: [ app_end ] --END-- [ RunTime:0.000481s ]

[ 2016-09-18T10:21:20+08:00 ] 180.168.69.154 /jquery/5/512/demo/Ajax/signDay
INFO: [ app_init ] --START--
INFO: Run Behavior\BuildLiteBehavior [ RunTime:0.000016s ]
INFO: [ app_init ] --END-- [ RunTime:0.000311s ]
INFO: [ app_begin ] --START--
INFO: Run Behavior\ReadHtmlCacheBehavior [ RunTime:0.000353s ]
INFO: [ app_begin ] --END-- [ RunTime:0.000401s ]

[ 2016-09-18T13:45:35+08:00 ] 101.205.214.40 /jquery/5/512/demo/
INFO: [ app_init ] --START--
INFO: Run Behavior\BuildLiteBehavior [ RunTime:0.000028s ]
INFO: [ app_init ] --END-- [ RunTime:0.000716s ]
INFO: [ app_begin ] --START--
INFO: Run Behavior\ReadHtmlCacheBehavior [ RunTime:0.000445s ]
INFO: [ app_begin ] --END-- [ RunTime:0.000522s ]
INFO: [ view_parse ] --START--
NOTIC: [2] file_get_contents(./Application/Home/View/Member/right.html): failed to open stream: No such file or directory /data/www/jquery/5/512/demo/ThinkPHP/Library/Think/Template.class.php 第 696 行.
INFO: [ template_filter ] --START--
INFO: Run Behavior\ContentReplaceBehavior [ RunTime:0.000040s ]
INFO: [ template_filter ] --END-- [ RunTime:0.000091s ]
NOTIC: [8] Undefined variable: keywords /data/www/jquery/5/512/demo/Application/Runtime/Cache/Home/2a94b8bda04ff446dcedd42276fc99ee.php 第 6 行.
NOTIC: [8] Undefined variable: description /data/www/jquery/5/512/demo/Application/Runtime/Cache/Home/2a94b8bda04ff446dcedd42276fc99ee.php 第 7 行.
NOTIC: [8192] mysql_connect(): The mysql extension is deprecated and will be removed in the future: use mysqli or PDO instead /data/www/jquery/5/512/demo/ThinkPHP/Library/Think/Db/Driver/Mysql.class.php 第 52 行.
SQL: SHOW COLUMNS FROM `sign` [ RunTime:0.001106s ]
SQL: SELECT `id` FROM `sign` WHERE ( addtime = 1472659200 AND status = 0 AND uid = 8204 ) LIMIT 1   [ RunTime:0.000257s ]
SQL: SELECT `id` FROM `sign` WHERE ( addtime = 1472745600 AND status = 0 AND uid = 8204 ) LIMIT 1   [ RunTime:0.000177s ]
SQL: SELECT `id` FROM `sign` WHERE ( addtime = 1472832000 AND status = 0 AND uid = 8204 ) LIMIT 1   [ RunTime:0.000171s ]
SQL: SELECT `id` FROM `sign` WHERE ( addtime = 1472918400 AND status = 0 AND uid = 8204 ) LIMIT 1   [ RunTime:0.000168s ]
SQL: SELECT `id` FROM `sign` WHERE ( addtime = 1473004800 AND status = 0 AND uid = 8204 ) LIMIT 1   [ RunTime:0.000255s ]
SQL: SELECT `id` FROM `sign` WHERE ( addtime = 1473091200 AND status = 0 AND uid = 8204 ) LIMIT 1   [ RunTime:0.000168s ]
SQL: SELECT `id` FROM `sign` WHERE ( addtime = 1473177600 AND status = 0 AND uid = 8204 ) LIMIT 1   [ RunTime:0.000181s ]
SQL: SELECT `id` FROM `sign` WHERE ( addtime = 1473264000 AND status = 0 AND uid = 8204 ) LIMIT 1   [ RunTime:0.000168s ]
SQL: SELECT `id` FROM `sign` WHERE ( addtime = 1473350400 AND status = 0 AND uid = 8204 ) LIMIT 1   [ RunTime:0.000164s ]
SQL: SELECT `id` FROM `sign` WHERE ( addtime = 1473436800 AND status = 0 AND uid = 8204 ) LIMIT 1   [ RunTime:0.000193s ]
SQL: SELECT `id` FROM `sign` WHERE ( addtime = 1473523200 AND status = 0 AND uid = 8204 ) LIMIT 1   [ RunTime:0.000162s ]
SQL: SELECT `id` FROM `sign` WHERE ( addtime = 1473609600 AND status = 0 AND uid = 8204 ) LIMIT 1   [ RunTime:0.000164s ]
SQL: SELECT `id` FROM `sign` WHERE ( addtime = 1473696000 AND status = 0 AND uid = 8204 ) LIMIT 1   [ RunTime:0.000181s ]
SQL: SELECT `id` FROM `sign` WHERE ( addtime = 1473782400 AND status = 0 AND uid = 8204 ) LIMIT 1   [ RunTime:0.000162s ]
SQL: SELECT `id` FROM `sign` WHERE ( addtime = 1473868800 AND status = 0 AND uid = 8204 ) LIMIT 1   [ RunTime:0.000173s ]
SQL: SELECT `id` FROM `sign` WHERE ( addtime = 1473955200 AND status = 0 AND uid = 8204 ) LIMIT 1   [ RunTime:0.000161s ]
SQL: SELECT `id` FROM `sign` WHERE ( addtime = 1474041600 AND status = 0 AND uid = 8204 ) LIMIT 1   [ RunTime:0.000162s ]
SQL: SELECT `id` FROM `sign` WHERE ( addtime = 1474128000 AND status = 0 AND uid = 8204 ) LIMIT 1   [ RunTime:0.000169s ]
INFO: Run Behavior\ParseTemplateBehavior [ RunTime:0.023824s ]
INFO: [ view_parse ] --END-- [ RunTime:0.023870s ]
INFO: [ view_filter ] --START--
INFO: Run Behavior\WriteHtmlCacheBehavior [ RunTime:0.000187s ]
INFO: [ view_filter ] --END-- [ RunTime:0.000224s ]
INFO: [ app_end ] --START--
INFO: Run Behavior\ShowPageTraceBehavior [ RunTime:0.000468s ]
INFO: [ app_end ] --END-- [ RunTime:0.000516s ]

[ 2016-09-18T13:45:43+08:00 ] 101.205.214.40 /jquery/5/512/demo/Ajax/signDay
INFO: [ app_init ] --START--
INFO: Run Behavior\BuildLiteBehavior [ RunTime:0.000015s ]
INFO: [ app_init ] --END-- [ RunTime:0.000276s ]
INFO: [ app_begin ] --START--
INFO: Run Behavior\ReadHtmlCacheBehavior [ RunTime:0.000428s ]
INFO: [ app_begin ] --END-- [ RunTime:0.000501s ]
NOTIC: [8192] mysql_connect(): The mysql extension is deprecated and will be removed in the future: use mysqli or PDO instead /data/www/jquery/5/512/demo/ThinkPHP/Library/Think/Db/Driver/Mysql.class.php 第 52 行.
SQL: SHOW COLUMNS FROM `sign` [ RunTime:0.001126s ]
SQL: SELECT `id` FROM `sign` WHERE ( addtime = 1474128000 AND uid = 8204 AND status = 0 ) LIMIT 1   [ RunTime:0.000242s ]
SQL: INSERT INTO `sign` (`addtime`,`uid`,`money`) VALUES (1474128000,8204,20) [ RunTime:0.000162s ]
INFO: [ app_end ] --START--
INFO: Run Behavior\ShowPageTraceBehavior [ RunTime:0.000492s ]
INFO: [ app_end ] --END-- [ RunTime:0.000535s ]

[ 2016-09-18T17:01:52+08:00 ] 112.66.40.131 /jquery/5/512/demo/
INFO: [ app_init ] --START--
INFO: Run Behavior\BuildLiteBehavior [ RunTime:0.000020s ]
INFO: [ app_init ] --END-- [ RunTime:0.000335s ]
INFO: [ app_begin ] --START--
INFO: Run Behavior\ReadHtmlCacheBehavior [ RunTime:0.000371s ]
INFO: [ app_begin ] --END-- [ RunTime:0.000420s ]
INFO: [ view_parse ] --START--
NOTIC: [2] file_get_contents(./Application/Home/View/Member/right.html): failed to open stream: No such file or directory /data/www/jquery/5/512/demo/ThinkPHP/Library/Think/Template.class.php 第 696 行.
INFO: [ template_filter ] --START--
INFO: Run Behavior\ContentReplaceBehavior [ RunTime:0.000039s ]
INFO: [ template_filter ] --END-- [ RunTime:0.000092s ]
NOTIC: [8] Undefined variable: keywords /data/www/jquery/5/512/demo/Application/Runtime/Cache/Home/2a94b8bda04ff446dcedd42276fc99ee.php 第 6 行.
NOTIC: [8] Undefined variable: description /data/www/jquery/5/512/demo/Application/Runtime/Cache/Home/2a94b8bda04ff446dcedd42276fc99ee.php 第 7 行.
NOTIC: [8192] mysql_connect(): The mysql extension is deprecated and will be removed in the future: use mysqli or PDO instead /data/www/jquery/5/512/demo/ThinkPHP/Library/Think/Db/Driver/Mysql.class.php 第 52 行.
SQL: SHOW COLUMNS FROM `sign` [ RunTime:0.001444s ]
SQL: SELECT `id` FROM `sign` WHERE ( addtime = 1472659200 AND status = 0 AND uid = 6593 ) LIMIT 1   [ RunTime:0.000251s ]
SQL: SELECT `id` FROM `sign` WHERE ( addtime = 1472745600 AND status = 0 AND uid = 6593 ) LIMIT 1   [ RunTime:0.000174s ]
SQL: SELECT `id` FROM `sign` WHERE ( addtime = 1472832000 AND status = 0 AND uid = 6593 ) LIMIT 1   [ RunTime:0.000196s ]
SQL: SELECT `id` FROM `sign` WHERE ( addtime = 1472918400 AND status = 0 AND uid = 6593 ) LIMIT 1   [ RunTime:0.000195s ]
SQL: SELECT `id` FROM `sign` WHERE ( addtime = 1473004800 AND status = 0 AND uid = 6593 ) LIMIT 1   [ RunTime:0.000168s ]
SQL: SELECT `id` FROM `sign` WHERE ( addtime = 1473091200 AND status = 0 AND uid = 6593 ) LIMIT 1   [ RunTime:0.000171s ]
SQL: SELECT `id` FROM `sign` WHERE ( addtime = 1473177600 AND status = 0 AND uid = 6593 ) LIMIT 1   [ RunTime:0.000163s ]
SQL: SELECT `id` FROM `sign` WHERE ( addtime = 1473264000 AND status = 0 AND uid = 6593 ) LIMIT 1   [ RunTime:0.000189s ]
SQL: SELECT `id` FROM `sign` WHERE ( addtime = 1473350400 AND status = 0 AND uid = 6593 ) LIMIT 1   [ RunTime:0.000164s ]
SQL: SELECT `id` FROM `sign` WHERE ( addtime = 1473436800 AND status = 0 AND uid = 6593 ) LIMIT 1   [ RunTime:0.000169s ]
SQL: SELECT `id` FROM `sign` WHERE ( addtime = 1473523200 AND status = 0 AND uid = 6593 ) LIMIT 1   [ RunTime:0.000160s ]
SQL: SELECT `id` FROM `sign` WHERE ( addtime = 1473609600 AND status = 0 AND uid = 6593 ) LIMIT 1   [ RunTime:0.000162s ]
SQL: SELECT `id` FROM `sign` WHERE ( addtime = 1473696000 AND status = 0 AND uid = 6593 ) LIMIT 1   [ RunTime:0.000174s ]
SQL: SELECT `id` FROM `sign` WHERE ( addtime = 1473782400 AND status = 0 AND uid = 6593 ) LIMIT 1   [ RunTime:0.000182s ]
SQL: SELECT `id` FROM `sign` WHERE ( addtime = 1473868800 AND status = 0 AND uid = 6593 ) LIMIT 1   [ RunTime:0.000169s ]
SQL: SELECT `id` FROM `sign` WHERE ( addtime = 1473955200 AND status = 0 AND uid = 6593 ) LIMIT 1   [ RunTime:0.000168s ]
SQL: SELECT `id` FROM `sign` WHERE ( addtime = 1474041600 AND status = 0 AND uid = 6593 ) LIMIT 1   [ RunTime:0.000188s ]
SQL: SELECT `id` FROM `sign` WHERE ( addtime = 1474128000 AND status = 0 AND uid = 6593 ) LIMIT 1   [ RunTime:0.000160s ]
INFO: Run Behavior\ParseTemplateBehavior [ RunTime:0.024111s ]
INFO: [ view_parse ] --END-- [ RunTime:0.024159s ]
INFO: [ view_filter ] --START--
INFO: Run Behavior\WriteHtmlCacheBehavior [ RunTime:0.000209s ]
INFO: [ view_filter ] --END-- [ RunTime:0.000254s ]
INFO: [ app_end ] --START--
INFO: Run Behavior\ShowPageTraceBehavior [ RunTime:0.000474s ]
INFO: [ app_end ] --END-- [ RunTime:0.000555s ]

[ 2016-09-18T17:01:53+08:00 ] 112.66.40.131 /jquery/5/512/demo/Ajax/signDay
INFO: [ app_init ] --START--
INFO: Run Behavior\BuildLiteBehavior [ RunTime:0.000014s ]
INFO: [ app_init ] --END-- [ RunTime:0.000271s ]
INFO: [ app_begin ] --START--
INFO: Run Behavior\ReadHtmlCacheBehavior [ RunTime:0.000327s ]
INFO: [ app_begin ] --END-- [ RunTime:0.000367s ]
NOTIC: [8192] mysql_connect(): The mysql extension is deprecated and will be removed in the future: use mysqli or PDO instead /data/www/jquery/5/512/demo/ThinkPHP/Library/Think/Db/Driver/Mysql.class.php 第 52 行.
SQL: SHOW COLUMNS FROM `sign` [ RunTime:0.001100s ]
SQL: SELECT `id` FROM `sign` WHERE ( addtime = 1474128000 AND uid = 6593 AND status = 0 ) LIMIT 1   [ RunTime:0.000231s ]
SQL: INSERT INTO `sign` (`addtime`,`uid`,`money`) VALUES (1474128000,6593,20) [ RunTime:0.000167s ]
INFO: [ app_end ] --START--
INFO: Run Behavior\ShowPageTraceBehavior [ RunTime:0.000519s ]
INFO: [ app_end ] --END-- [ RunTime:0.000561s ]

[ 2016-09-18T17:01:56+08:00 ] 112.66.40.131 /jquery/5/512/demo/
INFO: [ app_init ] --START--
INFO: Run Behavior\BuildLiteBehavior [ RunTime:0.000015s ]
INFO: [ app_init ] --END-- [ RunTime:0.000282s ]
INFO: [ app_begin ] --START--
INFO: Run Behavior\ReadHtmlCacheBehavior [ RunTime:0.000461s ]
INFO: [ app_begin ] --END-- [ RunTime:0.000514s ]
INFO: [ view_parse ] --START--
NOTIC: [2] file_get_contents(./Application/Home/View/Member/right.html): failed to open stream: No such file or directory /data/www/jquery/5/512/demo/ThinkPHP/Library/Think/Template.class.php 第 696 行.
INFO: [ template_filter ] --START--
INFO: Run Behavior\ContentReplaceBehavior [ RunTime:0.000036s ]
INFO: [ template_filter ] --END-- [ RunTime:0.000077s ]
NOTIC: [8] Undefined variable: keywords /data/www/jquery/5/512/demo/Application/Runtime/Cache/Home/2a94b8bda04ff446dcedd42276fc99ee.php 第 6 行.
NOTIC: [8] Undefined variable: description /data/www/jquery/5/512/demo/Application/Runtime/Cache/Home/2a94b8bda04ff446dcedd42276fc99ee.php 第 7 行.
NOTIC: [8192] mysql_connect(): The mysql extension is deprecated and will be removed in the future: use mysqli or PDO instead /data/www/jquery/5/512/demo/ThinkPHP/Library/Think/Db/Driver/Mysql.class.php 第 52 行.
SQL: SHOW COLUMNS FROM `sign` [ RunTime:0.001054s ]
SQL: SELECT `id` FROM `sign` WHERE ( addtime = 1472659200 AND status = 0 AND uid = 6593 ) LIMIT 1   [ RunTime:0.000241s ]
SQL: SELECT `id` FROM `sign` WHERE ( addtime = 1472745600 AND status = 0 AND uid = 6593 ) LIMIT 1   [ RunTime:0.000174s ]
SQL: SELECT `id` FROM `sign` WHERE ( addtime = 1472832000 AND status = 0 AND uid = 6593 ) LIMIT 1   [ RunTime:0.000169s ]
SQL: SELECT `id` FROM `sign` WHERE ( addtime = 1472918400 AND status = 0 AND uid = 6593 ) LIMIT 1   [ RunTime:0.000168s ]
SQL: SELECT `id` FROM `sign` WHERE ( addtime = 1473004800 AND status = 0 AND uid = 6593 ) LIMIT 1   [ RunTime:0.000164s ]
SQL: SELECT `id` FROM `sign` WHERE ( addtime = 1473091200 AND status = 0 AND uid = 6593 ) LIMIT 1   [ RunTime:0.000183s ]
SQL: SELECT `id` FROM `sign` WHERE ( addtime = 1473177600 AND status = 0 AND uid = 6593 ) LIMIT 1   [ RunTime:0.000166s ]
SQL: SELECT `id` FROM `sign` WHERE ( addtime = 1473264000 AND status = 0 AND uid = 6593 ) LIMIT 1   [ RunTime:0.000165s ]
SQL: SELECT `id` FROM `sign` WHERE ( addtime = 1473350400 AND status = 0 AND uid = 6593 ) LIMIT 1   [ RunTime:0.000178s ]
SQL: SELECT `id` FROM `sign` WHERE ( addtime = 1473436800 AND status = 0 AND uid = 6593 ) LIMIT 1   [ RunTime:0.000212s ]
SQL: SELECT `id` FROM `sign` WHERE ( addtime = 1473523200 AND status = 0 AND uid = 6593 ) LIMIT 1   [ RunTime:0.000164s ]
SQL: SELECT `id` FROM `sign` WHERE ( addtime = 1473609600 AND status = 0 AND uid = 6593 ) LIMIT 1   [ RunTime:0.000161s ]
SQL: SELECT `id` FROM `sign` WHERE ( addtime = 1473696000 AND status = 0 AND uid = 6593 ) LIMIT 1   [ RunTime:0.000177s ]
SQL: SELECT `id` FROM `sign` WHERE ( addtime = 1473782400 AND status = 0 AND uid = 6593 ) LIMIT 1   [ RunTime:0.000216s ]
SQL: SELECT `id` FROM `sign` WHERE ( addtime = 1473868800 AND status = 0 AND uid = 6593 ) LIMIT 1   [ RunTime:0.000216s ]
SQL: SELECT `id` FROM `sign` WHERE ( addtime = 1473955200 AND status = 0 AND uid = 6593 ) LIMIT 1   [ RunTime:0.000170s ]
SQL: SELECT `id` FROM `sign` WHERE ( addtime = 1474041600 AND status = 0 AND uid = 6593 ) LIMIT 1   [ RunTime:0.000176s ]
SQL: SELECT `id` FROM `sign` WHERE ( addtime = 1474128000 AND status = 0 AND uid = 6593 ) LIMIT 1   [ RunTime:0.000177s ]
INFO: Run Behavior\ParseTemplateBehavior [ RunTime:0.019997s ]
INFO: [ view_parse ] --END-- [ RunTime:0.020045s ]
INFO: [ view_filter ] --START--
INFO: Run Behavior\WriteHtmlCacheBehavior [ RunTime:0.000155s ]
INFO: [ view_filter ] --END-- [ RunTime:0.000204s ]
INFO: [ app_end ] --START--
INFO: Run Behavior\ShowPageTraceBehavior [ RunTime:0.000480s ]
INFO: [ app_end ] --END-- [ RunTime:0.000530s ]

[ 2016-09-18T17:01:58+08:00 ] 112.66.40.131 /jquery/5/512/demo/
INFO: [ app_init ] --START--
INFO: Run Behavior\BuildLiteBehavior [ RunTime:0.000016s ]
INFO: [ app_init ] --END-- [ RunTime:0.000399s ]
INFO: [ app_begin ] --START--
INFO: Run Behavior\ReadHtmlCacheBehavior [ RunTime:0.000352s ]
INFO: [ app_begin ] --END-- [ RunTime:0.000414s ]
INFO: [ view_parse ] --START--
NOTIC: [2] file_get_contents(./Application/Home/View/Member/right.html): failed to open stream: No such file or directory /data/www/jquery/5/512/demo/ThinkPHP/Library/Think/Template.class.php 第 696 行.
INFO: [ template_filter ] --START--
INFO: Run Behavior\ContentReplaceBehavior [ RunTime:0.000044s ]
INFO: [ template_filter ] --END-- [ RunTime:0.000105s ]
NOTIC: [8] Undefined variable: keywords /data/www/jquery/5/512/demo/Application/Runtime/Cache/Home/2a94b8bda04ff446dcedd42276fc99ee.php 第 6 行.
NOTIC: [8] Undefined variable: description /data/www/jquery/5/512/demo/Application/Runtime/Cache/Home/2a94b8bda04ff446dcedd42276fc99ee.php 第 7 行.
NOTIC: [8192] mysql_connect(): The mysql extension is deprecated and will be removed in the future: use mysqli or PDO instead /data/www/jquery/5/512/demo/ThinkPHP/Library/Think/Db/Driver/Mysql.class.php 第 52 行.
SQL: SHOW COLUMNS FROM `sign` [ RunTime:0.001086s ]
SQL: SELECT `id` FROM `sign` WHERE ( addtime = 1472659200 AND status = 0 AND uid = 6593 ) LIMIT 1   [ RunTime:0.000242s ]
SQL: SELECT `id` FROM `sign` WHERE ( addtime = 1472745600 AND status = 0 AND uid = 6593 ) LIMIT 1   [ RunTime:0.000171s ]
SQL: SELECT `id` FROM `sign` WHERE ( addtime = 1472832000 AND status = 0 AND uid = 6593 ) LIMIT 1   [ RunTime:0.000169s ]
SQL: SELECT `id` FROM `sign` WHERE ( addtime = 1472918400 AND status = 0 AND uid = 6593 ) LIMIT 1   [ RunTime:0.000172s ]
SQL: SELECT `id` FROM `sign` WHERE ( addtime = 1473004800 AND status = 0 AND uid = 6593 ) LIMIT 1   [ RunTime:0.000167s ]
SQL: SELECT `id` FROM `sign` WHERE ( addtime = 1473091200 AND status = 0 AND uid = 6593 ) LIMIT 1   [ RunTime:0.000196s ]
SQL: SELECT `id` FROM `sign` WHERE ( addtime = 1473177600 AND status = 0 AND uid = 6593 ) LIMIT 1   [ RunTime:0.000176s ]
SQL: SELECT `id` FROM `sign` WHERE ( addtime = 1473264000 AND status = 0 AND uid = 6593 ) LIMIT 1   [ RunTime:0.000164s ]
SQL: SELECT `id` FROM `sign` WHERE ( addtime = 1473350400 AND status = 0 AND uid = 6593 ) LIMIT 1   [ RunTime:0.000187s ]
SQL: SELECT `id` FROM `sign` WHERE ( addtime = 1473436800 AND status = 0 AND uid = 6593 ) LIMIT 1   [ RunTime:0.000163s ]
SQL: SELECT `id` FROM `sign` WHERE ( addtime = 1473523200 AND status = 0 AND uid = 6593 ) LIMIT 1   [ RunTime:0.000164s ]
SQL: SELECT `id` FROM `sign` WHERE ( addtime = 1473609600 AND status = 0 AND uid = 6593 ) LIMIT 1   [ RunTime:0.000164s ]
SQL: SELECT `id` FROM `sign` WHERE ( addtime = 1473696000 AND status = 0 AND uid = 6593 ) LIMIT 1   [ RunTime:0.000168s ]
SQL: SELECT `id` FROM `sign` WHERE ( addtime = 1473782400 AND status = 0 AND uid = 6593 ) LIMIT 1   [ RunTime:0.000167s ]
SQL: SELECT `id` FROM `sign` WHERE ( addtime = 1473868800 AND status = 0 AND uid = 6593 ) LIMIT 1   [ RunTime:0.000163s ]
SQL: SELECT `id` FROM `sign` WHERE ( addtime = 1473955200 AND status = 0 AND uid = 6593 ) LIMIT 1   [ RunTime:0.000194s ]
SQL: SELECT `id` FROM `sign` WHERE ( addtime = 1474041600 AND status = 0 AND uid = 6593 ) LIMIT 1   [ RunTime:0.000173s ]
SQL: SELECT `id` FROM `sign` WHERE ( addtime = 1474128000 AND status = 0 AND uid = 6593 ) LIMIT 1   [ RunTime:0.000165s ]
INFO: Run Behavior\ParseTemplateBehavior [ RunTime:0.022142s ]
INFO: [ view_parse ] --END-- [ RunTime:0.022187s ]
INFO: [ view_filter ] --START--
INFO: Run Behavior\WriteHtmlCacheBehavior [ RunTime:0.000225s ]
INFO: [ view_filter ] --END-- [ RunTime:0.000261s ]
INFO: [ app_end ] --START--
INFO: Run Behavior\ShowPageTraceBehavior [ RunTime:0.000440s ]
INFO: [ app_end ] --END-- [ RunTime:0.000484s ]

[ 2016-09-18T22:44:10+08:00 ] 93.158.152.75 /jquery/5/512/demo/
INFO: [ app_init ] --START--
INFO: Run Behavior\BuildLiteBehavior [ RunTime:0.000017s ]
INFO: [ app_init ] --END-- [ RunTime:0.000320s ]
INFO: [ app_begin ] --START--
INFO: Run Behavior\ReadHtmlCacheBehavior [ RunTime:0.000355s ]
INFO: [ app_begin ] --END-- [ RunTime:0.000406s ]
INFO: [ view_parse ] --START--
NOTIC: [2] file_get_contents(./Application/Home/View/Member/right.html): failed to open stream: No such file or directory /data/www/jquery/5/512/demo/ThinkPHP/Library/Think/Template.class.php 第 696 行.
INFO: [ template_filter ] --START--
INFO: Run Behavior\ContentReplaceBehavior [ RunTime:0.000065s ]
INFO: [ template_filter ] --END-- [ RunTime:0.000144s ]
NOTIC: [8] Undefined variable: keywords /data/www/jquery/5/512/demo/Application/Runtime/Cache/Home/2a94b8bda04ff446dcedd42276fc99ee.php 第 6 行.
NOTIC: [8] Undefined variable: description /data/www/jquery/5/512/demo/Application/Runtime/Cache/Home/2a94b8bda04ff446dcedd42276fc99ee.php 第 7 行.
NOTIC: [8192] mysql_connect(): The mysql extension is deprecated and will be removed in the future: use mysqli or PDO instead /data/www/jquery/5/512/demo/ThinkPHP/Library/Think/Db/Driver/Mysql.class.php 第 52 行.
SQL: SHOW COLUMNS FROM `sign` [ RunTime:0.001834s ]
SQL: SELECT `id` FROM `sign` WHERE ( addtime = 1472659200 AND status = 0 AND uid =  ) LIMIT 1   [ RunTime:0.000149s ]
ERR: 1064:You have an error in your SQL syntax; check the manual that corresponds to your MySQL server version for the right syntax to use near ') LIMIT 1' at line 1
 [ SQL语句 ] : SELECT `id` FROM `sign` WHERE ( addtime = 1472659200 AND status = 0 AND uid =  ) LIMIT 1  
SQL: SELECT `id` FROM `sign` WHERE ( addtime = 1472745600 AND status = 0 AND uid =  ) LIMIT 1   [ RunTime:0.000086s ]
ERR: 1064:You have an error in your SQL syntax; check the manual that corresponds to your MySQL server version for the right syntax to use near ') LIMIT 1' at line 1
 [ SQL语句 ] : SELECT `id` FROM `sign` WHERE ( addtime = 1472745600 AND status = 0 AND uid =  ) LIMIT 1  
SQL: SELECT `id` FROM `sign` WHERE ( addtime = 1472832000 AND status = 0 AND uid =  ) LIMIT 1   [ RunTime:0.000083s ]
ERR: 1064:You have an error in your SQL syntax; check the manual that corresponds to your MySQL server version for the right syntax to use near ') LIMIT 1' at line 1
 [ SQL语句 ] : SELECT `id` FROM `sign` WHERE ( addtime = 1472832000 AND status = 0 AND uid =  ) LIMIT 1  
SQL: SELECT `id` FROM `sign` WHERE ( addtime = 1472918400 AND status = 0 AND uid =  ) LIMIT 1   [ RunTime:0.000082s ]
ERR: 1064:You have an error in your SQL syntax; check the manual that corresponds to your MySQL server version for the right syntax to use near ') LIMIT 1' at line 1
 [ SQL语句 ] : SELECT `id` FROM `sign` WHERE ( addtime = 1472918400 AND status = 0 AND uid =  ) LIMIT 1  
SQL: SELECT `id` FROM `sign` WHERE ( addtime = 1473004800 AND status = 0 AND uid =  ) LIMIT 1   [ RunTime:0.000081s ]
ERR: 1064:You have an error in your SQL syntax; check the manual that corresponds to your MySQL server version for the right syntax to use near ') LIMIT 1' at line 1
 [ SQL语句 ] : SELECT `id` FROM `sign` WHERE ( addtime = 1473004800 AND status = 0 AND uid =  ) LIMIT 1  
SQL: SELECT `id` FROM `sign` WHERE ( addtime = 1473091200 AND status = 0 AND uid =  ) LIMIT 1   [ RunTime:0.000092s ]
ERR: 1064:You have an error in your SQL syntax; check the manual that corresponds to your MySQL server version for the right syntax to use near ') LIMIT 1' at line 1
 [ SQL语句 ] : SELECT `id` FROM `sign` WHERE ( addtime = 1473091200 AND status = 0 AND uid =  ) LIMIT 1  
SQL: SELECT `id` FROM `sign` WHERE ( addtime = 1473177600 AND status = 0 AND uid =  ) LIMIT 1   [ RunTime:0.000080s ]
ERR: 1064:You have an error in your SQL syntax; check the manual that corresponds to your MySQL server version for the right syntax to use near ') LIMIT 1' at line 1
 [ SQL语句 ] : SELECT `id` FROM `sign` WHERE ( addtime = 1473177600 AND status = 0 AND uid =  ) LIMIT 1  
SQL: SELECT `id` FROM `sign` WHERE ( addtime = 1473264000 AND status = 0 AND uid =  ) LIMIT 1   [ RunTime:0.000079s ]
ERR: 1064:You have an error in your SQL syntax; check the manual that corresponds to your MySQL server version for the right syntax to use near ') LIMIT 1' at line 1
 [ SQL语句 ] : SELECT `id` FROM `sign` WHERE ( addtime = 1473264000 AND status = 0 AND uid =  ) LIMIT 1  
SQL: SELECT `id` FROM `sign` WHERE ( addtime = 1473350400 AND status = 0 AND uid =  ) LIMIT 1   [ RunTime:0.000079s ]
ERR: 1064:You have an error in your SQL syntax; check the manual that corresponds to your MySQL server version for the right syntax to use near ') LIMIT 1' at line 1
 [ SQL语句 ] : SELECT `id` FROM `sign` WHERE ( addtime = 1473350400 AND status = 0 AND uid =  ) LIMIT 1  
SQL: SELECT `id` FROM `sign` WHERE ( addtime = 1473436800 AND status = 0 AND uid =  ) LIMIT 1   [ RunTime:0.000078s ]
ERR: 1064:You have an error in your SQL syntax; check the manual that corresponds to your MySQL server version for the right syntax to use near ') LIMIT 1' at line 1
 [ SQL语句 ] : SELECT `id` FROM `sign` WHERE ( addtime = 1473436800 AND status = 0 AND uid =  ) LIMIT 1  
SQL: SELECT `id` FROM `sign` WHERE ( addtime = 1473523200 AND status = 0 AND uid =  ) LIMIT 1   [ RunTime:0.000079s ]
ERR: 1064:You have an error in your SQL syntax; check the manual that corresponds to your MySQL server version for the right syntax to use near ') LIMIT 1' at line 1
 [ SQL语句 ] : SELECT `id` FROM `sign` WHERE ( addtime = 1473523200 AND status = 0 AND uid =  ) LIMIT 1  
SQL: SELECT `id` FROM `sign` WHERE ( addtime = 1473609600 AND status = 0 AND uid =  ) LIMIT 1   [ RunTime:0.000078s ]
ERR: 1064:You have an error in your SQL syntax; check the manual that corresponds to your MySQL server version for the right syntax to use near ') LIMIT 1' at line 1
 [ SQL语句 ] : SELECT `id` FROM `sign` WHERE ( addtime = 1473609600 AND status = 0 AND uid =  ) LIMIT 1  
SQL: SELECT `id` FROM `sign` WHERE ( addtime = 1473696000 AND status = 0 AND uid =  ) LIMIT 1   [ RunTime:0.000077s ]
ERR: 1064:You have an error in your SQL syntax; check the manual that corresponds to your MySQL server version for the right syntax to use near ') LIMIT 1' at line 1
 [ SQL语句 ] : SELECT `id` FROM `sign` WHERE ( addtime = 1473696000 AND status = 0 AND uid =  ) LIMIT 1  
SQL: SELECT `id` FROM `sign` WHERE ( addtime = 1473782400 AND status = 0 AND uid =  ) LIMIT 1   [ RunTime:0.000077s ]
ERR: 1064:You have an error in your SQL syntax; check the manual that corresponds to your MySQL server version for the right syntax to use near ') LIMIT 1' at line 1
 [ SQL语句 ] : SELECT `id` FROM `sign` WHERE ( addtime = 1473782400 AND status = 0 AND uid =  ) LIMIT 1  
SQL: SELECT `id` FROM `sign` WHERE ( addtime = 1473868800 AND status = 0 AND uid =  ) LIMIT 1   [ RunTime:0.000077s ]
ERR: 1064:You have an error in your SQL syntax; check the manual that corresponds to your MySQL server version for the right syntax to use near ') LIMIT 1' at line 1
 [ SQL语句 ] : SELECT `id` FROM `sign` WHERE ( addtime = 1473868800 AND status = 0 AND uid =  ) LIMIT 1  
SQL: SELECT `id` FROM `sign` WHERE ( addtime = 1473955200 AND status = 0 AND uid =  ) LIMIT 1   [ RunTime:0.000078s ]
ERR: 1064:You have an error in your SQL syntax; check the manual that corresponds to your MySQL server version for the right syntax to use near ') LIMIT 1' at line 1
 [ SQL语句 ] : SELECT `id` FROM `sign` WHERE ( addtime = 1473955200 AND status = 0 AND uid =  ) LIMIT 1  
SQL: SELECT `id` FROM `sign` WHERE ( addtime = 1474041600 AND status = 0 AND uid =  ) LIMIT 1   [ RunTime:0.000077s ]
ERR: 1064:You have an error in your SQL syntax; check the manual that corresponds to your MySQL server version for the right syntax to use near ') LIMIT 1' at line 1
 [ SQL语句 ] : SELECT `id` FROM `sign` WHERE ( addtime = 1474041600 AND status = 0 AND uid =  ) LIMIT 1  
SQL: SELECT `id` FROM `sign` WHERE ( addtime = 1474128000 AND status = 0 AND uid =  ) LIMIT 1   [ RunTime:0.000077s ]
ERR: 1064:You have an error in your SQL syntax; check the manual that corresponds to your MySQL server version for the right syntax to use near ') LIMIT 1' at line 1
 [ SQL语句 ] : SELECT `id` FROM `sign` WHERE ( addtime = 1474128000 AND status = 0 AND uid =  ) LIMIT 1  
INFO: Run Behavior\ParseTemplateBehavior [ RunTime:0.025496s ]
INFO: [ view_parse ] --END-- [ RunTime:0.025544s ]
INFO: [ view_filter ] --START--
INFO: Run Behavior\WriteHtmlCacheBehavior [ RunTime:0.000202s ]
INFO: [ view_filter ] --END-- [ RunTime:0.000259s ]
INFO: [ app_end ] --START--
INFO: Run Behavior\ShowPageTraceBehavior [ RunTime:0.000472s ]
INFO: [ app_end ] --END-- [ RunTime:0.000520s ]

