[ 2016-07-17T19:46:04+08:00 ] 93.158.152.75 /jquery/5/512/demo/
INFO: [ app_init ] --START--
INFO: Run Behavior\BuildLiteBehavior [ RunTime:0.000023s ]
INFO: [ app_init ] --END-- [ RunTime:0.006334s ]
INFO: [ app_begin ] --START--
INFO: Run Behavior\ReadHtmlCacheBehavior [ RunTime:0.001585s ]
INFO: [ app_begin ] --END-- [ RunTime:0.001670s ]
NOTIC: [8] Undefined variable: other /data/www/jquery/5/512/demo/Application/Home/Controller/IndexController.class.php 第 33 行.
INFO: [ view_parse ] --START--
NOTIC: [2] file_get_contents(./Application/Home/View/Member/right.html): failed to open stream: No such file or directory /data/www/jquery/5/512/demo/ThinkPHP/Library/Think/Template.class.php 第 696 行.
INFO: [ template_filter ] --START--
INFO: Run Behavior\ContentReplaceBehavior [ RunTime:0.000060s ]
INFO: [ template_filter ] --END-- [ RunTime:0.000108s ]
NOTIC: [8] Undefined variable: keywords /data/www/jquery/5/512/demo/Application/Runtime/Cache/Home/2a94b8bda04ff446dcedd42276fc99ee.php 第 6 行.
NOTIC: [8] Undefined variable: description /data/www/jquery/5/512/demo/Application/Runtime/Cache/Home/2a94b8bda04ff446dcedd42276fc99ee.php 第 7 行.
NOTIC: [8192] mysql_connect(): The mysql extension is deprecated and will be removed in the future: use mysqli or PDO instead /data/www/jquery/5/512/demo/ThinkPHP/Library/Think/Db/Driver/Mysql.class.php 第 52 行.
SQL: SHOW COLUMNS FROM `sign` [ RunTime:0.025079s ]
SQL: SELECT `id` FROM `sign` WHERE ( addtime = 1467302400 AND status = 0 AND uid =  ) LIMIT 1   [ RunTime:0.000139s ]
ERR: 1064:You have an error in your SQL syntax; check the manual that corresponds to your MySQL server version for the right syntax to use near ') LIMIT 1' at line 1
 [ SQL语句 ] : SELECT `id` FROM `sign` WHERE ( addtime = 1467302400 AND status = 0 AND uid =  ) LIMIT 1  
SQL: SELECT `id` FROM `sign` WHERE ( addtime = 1467388800 AND status = 0 AND uid =  ) LIMIT 1   [ RunTime:0.000082s ]
ERR: 1064:You have an error in your SQL syntax; check the manual that corresponds to your MySQL server version for the right syntax to use near ') LIMIT 1' at line 1
 [ SQL语句 ] : SELECT `id` FROM `sign` WHERE ( addtime = 1467388800 AND status = 0 AND uid =  ) LIMIT 1  
SQL: SELECT `id` FROM `sign` WHERE ( addtime = 1467475200 AND status = 0 AND uid =  ) LIMIT 1   [ RunTime:0.000080s ]
ERR: 1064:You have an error in your SQL syntax; check the manual that corresponds to your MySQL server version for the right syntax to use near ') LIMIT 1' at line 1
 [ SQL语句 ] : SELECT `id` FROM `sign` WHERE ( addtime = 1467475200 AND status = 0 AND uid =  ) LIMIT 1  
SQL: SELECT `id` FROM `sign` WHERE ( addtime = 1467561600 AND status = 0 AND uid =  ) LIMIT 1   [ RunTime:0.000081s ]
ERR: 1064:You have an error in your SQL syntax; check the manual that corresponds to your MySQL server version for the right syntax to use near ') LIMIT 1' at line 1
 [ SQL语句 ] : SELECT `id` FROM `sign` WHERE ( addtime = 1467561600 AND status = 0 AND uid =  ) LIMIT 1  
SQL: SELECT `id` FROM `sign` WHERE ( addtime = 1467648000 AND status = 0 AND uid =  ) LIMIT 1   [ RunTime:0.000080s ]
ERR: 1064:You have an error in your SQL syntax; check the manual that corresponds to your MySQL server version for the right syntax to use near ') LIMIT 1' at line 1
 [ SQL语句 ] : SELECT `id` FROM `sign` WHERE ( addtime = 1467648000 AND status = 0 AND uid =  ) LIMIT 1  
SQL: SELECT `id` FROM `sign` WHERE ( addtime = 1467734400 AND status = 0 AND uid =  ) LIMIT 1   [ RunTime:0.000079s ]
ERR: 1064:You have an error in your SQL syntax; check the manual that corresponds to your MySQL server version for the right syntax to use near ') LIMIT 1' at line 1
 [ SQL语句 ] : SELECT `id` FROM `sign` WHERE ( addtime = 1467734400 AND status = 0 AND uid =  ) LIMIT 1  
SQL: SELECT `id` FROM `sign` WHERE ( addtime = 1467820800 AND status = 0 AND uid =  ) LIMIT 1   [ RunTime:0.000079s ]
ERR: 1064:You have an error in your SQL syntax; check the manual that corresponds to your MySQL server version for the right syntax to use near ') LIMIT 1' at line 1
 [ SQL语句 ] : SELECT `id` FROM `sign` WHERE ( addtime = 1467820800 AND status = 0 AND uid =  ) LIMIT 1  
SQL: SELECT `id` FROM `sign` WHERE ( addtime = 1467907200 AND status = 0 AND uid =  ) LIMIT 1   [ RunTime:0.000111s ]
ERR: 1064:You have an error in your SQL syntax; check the manual that corresponds to your MySQL server version for the right syntax to use near ') LIMIT 1' at line 1
 [ SQL语句 ] : SELECT `id` FROM `sign` WHERE ( addtime = 1467907200 AND status = 0 AND uid =  ) LIMIT 1  
SQL: SELECT `id` FROM `sign` WHERE ( addtime = 1467993600 AND status = 0 AND uid =  ) LIMIT 1   [ RunTime:0.000078s ]
ERR: 1064:You have an error in your SQL syntax; check the manual that corresponds to your MySQL server version for the right syntax to use near ') LIMIT 1' at line 1
 [ SQL语句 ] : SELECT `id` FROM `sign` WHERE ( addtime = 1467993600 AND status = 0 AND uid =  ) LIMIT 1  
SQL: SELECT `id` FROM `sign` WHERE ( addtime = 1468080000 AND status = 0 AND uid =  ) LIMIT 1   [ RunTime:0.000078s ]
ERR: 1064:You have an error in your SQL syntax; check the manual that corresponds to your MySQL server version for the right syntax to use near ') LIMIT 1' at line 1
 [ SQL语句 ] : SELECT `id` FROM `sign` WHERE ( addtime = 1468080000 AND status = 0 AND uid =  ) LIMIT 1  
SQL: SELECT `id` FROM `sign` WHERE ( addtime = 1468166400 AND status = 0 AND uid =  ) LIMIT 1   [ RunTime:0.000077s ]
ERR: 1064:You have an error in your SQL syntax; check the manual that corresponds to your MySQL server version for the right syntax to use near ') LIMIT 1' at line 1
 [ SQL语句 ] : SELECT `id` FROM `sign` WHERE ( addtime = 1468166400 AND status = 0 AND uid =  ) LIMIT 1  
SQL: SELECT `id` FROM `sign` WHERE ( addtime = 1468252800 AND status = 0 AND uid =  ) LIMIT 1   [ RunTime:0.000077s ]
ERR: 1064:You have an error in your SQL syntax; check the manual that corresponds to your MySQL server version for the right syntax to use near ') LIMIT 1' at line 1
 [ SQL语句 ] : SELECT `id` FROM `sign` WHERE ( addtime = 1468252800 AND status = 0 AND uid =  ) LIMIT 1  
SQL: SELECT `id` FROM `sign` WHERE ( addtime = 1468339200 AND status = 0 AND uid =  ) LIMIT 1   [ RunTime:0.000077s ]
ERR: 1064:You have an error in your SQL syntax; check the manual that corresponds to your MySQL server version for the right syntax to use near ') LIMIT 1' at line 1
 [ SQL语句 ] : SELECT `id` FROM `sign` WHERE ( addtime = 1468339200 AND status = 0 AND uid =  ) LIMIT 1  
SQL: SELECT `id` FROM `sign` WHERE ( addtime = 1468425600 AND status = 0 AND uid =  ) LIMIT 1   [ RunTime:0.000075s ]
ERR: 1064:You have an error in your SQL syntax; check the manual that corresponds to your MySQL server version for the right syntax to use near ') LIMIT 1' at line 1
 [ SQL语句 ] : SELECT `id` FROM `sign` WHERE ( addtime = 1468425600 AND status = 0 AND uid =  ) LIMIT 1  
SQL: SELECT `id` FROM `sign` WHERE ( addtime = 1468512000 AND status = 0 AND uid =  ) LIMIT 1   [ RunTime:0.000075s ]
ERR: 1064:You have an error in your SQL syntax; check the manual that corresponds to your MySQL server version for the right syntax to use near ') LIMIT 1' at line 1
 [ SQL语句 ] : SELECT `id` FROM `sign` WHERE ( addtime = 1468512000 AND status = 0 AND uid =  ) LIMIT 1  
SQL: SELECT `id` FROM `sign` WHERE ( addtime = 1468598400 AND status = 0 AND uid =  ) LIMIT 1   [ RunTime:0.000075s ]
ERR: 1064:You have an error in your SQL syntax; check the manual that corresponds to your MySQL server version for the right syntax to use near ') LIMIT 1' at line 1
 [ SQL语句 ] : SELECT `id` FROM `sign` WHERE ( addtime = 1468598400 AND status = 0 AND uid =  ) LIMIT 1  
SQL: SELECT `id` FROM `sign` WHERE ( addtime = 1468684800 AND status = 0 AND uid =  ) LIMIT 1   [ RunTime:0.000076s ]
ERR: 1064:You have an error in your SQL syntax; check the manual that corresponds to your MySQL server version for the right syntax to use near ') LIMIT 1' at line 1
 [ SQL语句 ] : SELECT `id` FROM `sign` WHERE ( addtime = 1468684800 AND status = 0 AND uid =  ) LIMIT 1  
INFO: Run Behavior\ParseTemplateBehavior [ RunTime:0.085194s ]
INFO: [ view_parse ] --END-- [ RunTime:0.085238s ]
INFO: [ view_filter ] --START--
INFO: Run Behavior\WriteHtmlCacheBehavior [ RunTime:0.002040s ]
INFO: [ view_filter ] --END-- [ RunTime:0.002077s ]
INFO: [ app_end ] --START--
INFO: Run Behavior\ShowPageTraceBehavior [ RunTime:0.001507s ]
INFO: [ app_end ] --END-- [ RunTime:0.001550s ]

[ 2016-07-17T20:45:51+08:00 ] 123.163.217.134 /jquery/5/512/demo/
INFO: [ app_init ] --START--
INFO: Run Behavior\BuildLiteBehavior [ RunTime:0.000013s ]
INFO: [ app_init ] --END-- [ RunTime:0.000269s ]
INFO: [ app_begin ] --START--
INFO: Run Behavior\ReadHtmlCacheBehavior [ RunTime:0.000361s ]
INFO: [ app_begin ] --END-- [ RunTime:0.000403s ]
NOTIC: [8] Undefined variable: other /data/www/jquery/5/512/demo/Application/Home/Controller/IndexController.class.php 第 33 行.
INFO: [ view_parse ] --START--
NOTIC: [2] file_get_contents(./Application/Home/View/Member/right.html): failed to open stream: No such file or directory /data/www/jquery/5/512/demo/ThinkPHP/Library/Think/Template.class.php 第 696 行.
INFO: [ template_filter ] --START--
INFO: Run Behavior\ContentReplaceBehavior [ RunTime:0.000036s ]
INFO: [ template_filter ] --END-- [ RunTime:0.000075s ]
NOTIC: [8] Undefined variable: keywords /data/www/jquery/5/512/demo/Application/Runtime/Cache/Home/2a94b8bda04ff446dcedd42276fc99ee.php 第 6 行.
NOTIC: [8] Undefined variable: description /data/www/jquery/5/512/demo/Application/Runtime/Cache/Home/2a94b8bda04ff446dcedd42276fc99ee.php 第 7 行.
NOTIC: [8192] mysql_connect(): The mysql extension is deprecated and will be removed in the future: use mysqli or PDO instead /data/www/jquery/5/512/demo/ThinkPHP/Library/Think/Db/Driver/Mysql.class.php 第 52 行.
SQL: SHOW COLUMNS FROM `sign` [ RunTime:0.001063s ]
SQL: SELECT `id` FROM `sign` WHERE ( addtime = 1467302400 AND status = 0 AND uid =  ) LIMIT 1   [ RunTime:0.000124s ]
ERR: 1064:You have an error in your SQL syntax; check the manual that corresponds to your MySQL server version for the right syntax to use near ') LIMIT 1' at line 1
 [ SQL语句 ] : SELECT `id` FROM `sign` WHERE ( addtime = 1467302400 AND status = 0 AND uid =  ) LIMIT 1  
SQL: SELECT `id` FROM `sign` WHERE ( addtime = 1467388800 AND status = 0 AND uid =  ) LIMIT 1   [ RunTime:0.000083s ]
ERR: 1064:You have an error in your SQL syntax; check the manual that corresponds to your MySQL server version for the right syntax to use near ') LIMIT 1' at line 1
 [ SQL语句 ] : SELECT `id` FROM `sign` WHERE ( addtime = 1467388800 AND status = 0 AND uid =  ) LIMIT 1  
SQL: SELECT `id` FROM `sign` WHERE ( addtime = 1467475200 AND status = 0 AND uid =  ) LIMIT 1   [ RunTime:0.000101s ]
ERR: 1064:You have an error in your SQL syntax; check the manual that corresponds to your MySQL server version for the right syntax to use near ') LIMIT 1' at line 1
 [ SQL语句 ] : SELECT `id` FROM `sign` WHERE ( addtime = 1467475200 AND status = 0 AND uid =  ) LIMIT 1  
SQL: SELECT `id` FROM `sign` WHERE ( addtime = 1467561600 AND status = 0 AND uid =  ) LIMIT 1   [ RunTime:0.000081s ]
ERR: 1064:You have an error in your SQL syntax; check the manual that corresponds to your MySQL server version for the right syntax to use near ') LIMIT 1' at line 1
 [ SQL语句 ] : SELECT `id` FROM `sign` WHERE ( addtime = 1467561600 AND status = 0 AND uid =  ) LIMIT 1  
SQL: SELECT `id` FROM `sign` WHERE ( addtime = 1467648000 AND status = 0 AND uid =  ) LIMIT 1   [ RunTime:0.000079s ]
ERR: 1064:You have an error in your SQL syntax; check the manual that corresponds to your MySQL server version for the right syntax to use near ') LIMIT 1' at line 1
 [ SQL语句 ] : SELECT `id` FROM `sign` WHERE ( addtime = 1467648000 AND status = 0 AND uid =  ) LIMIT 1  
SQL: SELECT `id` FROM `sign` WHERE ( addtime = 1467734400 AND status = 0 AND uid =  ) LIMIT 1   [ RunTime:0.000080s ]
ERR: 1064:You have an error in your SQL syntax; check the manual that corresponds to your MySQL server version for the right syntax to use near ') LIMIT 1' at line 1
 [ SQL语句 ] : SELECT `id` FROM `sign` WHERE ( addtime = 1467734400 AND status = 0 AND uid =  ) LIMIT 1  
SQL: SELECT `id` FROM `sign` WHERE ( addtime = 1467820800 AND status = 0 AND uid =  ) LIMIT 1   [ RunTime:0.000080s ]
ERR: 1064:You have an error in your SQL syntax; check the manual that corresponds to your MySQL server version for the right syntax to use near ') LIMIT 1' at line 1
 [ SQL语句 ] : SELECT `id` FROM `sign` WHERE ( addtime = 1467820800 AND status = 0 AND uid =  ) LIMIT 1  
SQL: SELECT `id` FROM `sign` WHERE ( addtime = 1467907200 AND status = 0 AND uid =  ) LIMIT 1   [ RunTime:0.000078s ]
ERR: 1064:You have an error in your SQL syntax; check the manual that corresponds to your MySQL server version for the right syntax to use near ') LIMIT 1' at line 1
 [ SQL语句 ] : SELECT `id` FROM `sign` WHERE ( addtime = 1467907200 AND status = 0 AND uid =  ) LIMIT 1  
SQL: SELECT `id` FROM `sign` WHERE ( addtime = 1467993600 AND status = 0 AND uid =  ) LIMIT 1   [ RunTime:0.000077s ]
ERR: 1064:You have an error in your SQL syntax; check the manual that corresponds to your MySQL server version for the right syntax to use near ') LIMIT 1' at line 1
 [ SQL语句 ] : SELECT `id` FROM `sign` WHERE ( addtime = 1467993600 AND status = 0 AND uid =  ) LIMIT 1  
SQL: SELECT `id` FROM `sign` WHERE ( addtime = 1468080000 AND status = 0 AND uid =  ) LIMIT 1   [ RunTime:0.000077s ]
ERR: 1064:You have an error in your SQL syntax; check the manual that corresponds to your MySQL server version for the right syntax to use near ') LIMIT 1' at line 1
 [ SQL语句 ] : SELECT `id` FROM `sign` WHERE ( addtime = 1468080000 AND status = 0 AND uid =  ) LIMIT 1  
SQL: SELECT `id` FROM `sign` WHERE ( addtime = 1468166400 AND status = 0 AND uid =  ) LIMIT 1   [ RunTime:0.000078s ]
ERR: 1064:You have an error in your SQL syntax; check the manual that corresponds to your MySQL server version for the right syntax to use near ') LIMIT 1' at line 1
 [ SQL语句 ] : SELECT `id` FROM `sign` WHERE ( addtime = 1468166400 AND status = 0 AND uid =  ) LIMIT 1  
SQL: SELECT `id` FROM `sign` WHERE ( addtime = 1468252800 AND status = 0 AND uid =  ) LIMIT 1   [ RunTime:0.000077s ]
ERR: 1064:You have an error in your SQL syntax; check the manual that corresponds to your MySQL server version for the right syntax to use near ') LIMIT 1' at line 1
 [ SQL语句 ] : SELECT `id` FROM `sign` WHERE ( addtime = 1468252800 AND status = 0 AND uid =  ) LIMIT 1  
SQL: SELECT `id` FROM `sign` WHERE ( addtime = 1468339200 AND status = 0 AND uid =  ) LIMIT 1   [ RunTime:0.000077s ]
ERR: 1064:You have an error in your SQL syntax; check the manual that corresponds to your MySQL server version for the right syntax to use near ') LIMIT 1' at line 1
 [ SQL语句 ] : SELECT `id` FROM `sign` WHERE ( addtime = 1468339200 AND status = 0 AND uid =  ) LIMIT 1  
SQL: SELECT `id` FROM `sign` WHERE ( addtime = 1468425600 AND status = 0 AND uid =  ) LIMIT 1   [ RunTime:0.000076s ]
ERR: 1064:You have an error in your SQL syntax; check the manual that corresponds to your MySQL server version for the right syntax to use near ') LIMIT 1' at line 1
 [ SQL语句 ] : SELECT `id` FROM `sign` WHERE ( addtime = 1468425600 AND status = 0 AND uid =  ) LIMIT 1  
SQL: SELECT `id` FROM `sign` WHERE ( addtime = 1468512000 AND status = 0 AND uid =  ) LIMIT 1   [ RunTime:0.000084s ]
ERR: 1064:You have an error in your SQL syntax; check the manual that corresponds to your MySQL server version for the right syntax to use near ') LIMIT 1' at line 1
 [ SQL语句 ] : SELECT `id` FROM `sign` WHERE ( addtime = 1468512000 AND status = 0 AND uid =  ) LIMIT 1  
SQL: SELECT `id` FROM `sign` WHERE ( addtime = 1468598400 AND status = 0 AND uid =  ) LIMIT 1   [ RunTime:0.000077s ]
ERR: 1064:You have an error in your SQL syntax; check the manual that corresponds to your MySQL server version for the right syntax to use near ') LIMIT 1' at line 1
 [ SQL语句 ] : SELECT `id` FROM `sign` WHERE ( addtime = 1468598400 AND status = 0 AND uid =  ) LIMIT 1  
SQL: SELECT `id` FROM `sign` WHERE ( addtime = 1468684800 AND status = 0 AND uid =  ) LIMIT 1   [ RunTime:0.000076s ]
ERR: 1064:You have an error in your SQL syntax; check the manual that corresponds to your MySQL server version for the right syntax to use near ') LIMIT 1' at line 1
 [ SQL语句 ] : SELECT `id` FROM `sign` WHERE ( addtime = 1468684800 AND status = 0 AND uid =  ) LIMIT 1  
INFO: Run Behavior\ParseTemplateBehavior [ RunTime:0.019470s ]
INFO: [ view_parse ] --END-- [ RunTime:0.019510s ]
INFO: [ view_filter ] --START--
INFO: Run Behavior\WriteHtmlCacheBehavior [ RunTime:0.000177s ]
INFO: [ view_filter ] --END-- [ RunTime:0.000213s ]
INFO: [ app_end ] --START--
INFO: Run Behavior\ShowPageTraceBehavior [ RunTime:0.000441s ]
INFO: [ app_end ] --END-- [ RunTime:0.000484s ]

[ 2016-07-17T20:45:53+08:00 ] 123.163.217.134 /jquery/5/512/demo/Ajax/signDay
INFO: [ app_init ] --START--
INFO: Run Behavior\BuildLiteBehavior [ RunTime:0.000014s ]
INFO: [ app_init ] --END-- [ RunTime:0.000284s ]
INFO: [ app_begin ] --START--
INFO: Run Behavior\ReadHtmlCacheBehavior [ RunTime:0.000339s ]
INFO: [ app_begin ] --END-- [ RunTime:0.000380s ]

[ 2016-07-17T21:08:44+08:00 ] 123.163.217.134 /jquery/5/512/demo/
INFO: [ app_init ] --START--
INFO: Run Behavior\BuildLiteBehavior [ RunTime:0.000014s ]
INFO: [ app_init ] --END-- [ RunTime:0.000274s ]
INFO: [ app_begin ] --START--
INFO: Run Behavior\ReadHtmlCacheBehavior [ RunTime:0.000347s ]
INFO: [ app_begin ] --END-- [ RunTime:0.000388s ]
NOTIC: [8] Undefined variable: other /data/www/jquery/5/512/demo/Application/Home/Controller/IndexController.class.php 第 33 行.
INFO: [ view_parse ] --START--
NOTIC: [2] file_get_contents(./Application/Home/View/Member/right.html): failed to open stream: No such file or directory /data/www/jquery/5/512/demo/ThinkPHP/Library/Think/Template.class.php 第 696 行.
INFO: [ template_filter ] --START--
INFO: Run Behavior\ContentReplaceBehavior [ RunTime:0.000035s ]
INFO: [ template_filter ] --END-- [ RunTime:0.000075s ]
NOTIC: [8] Undefined variable: keywords /data/www/jquery/5/512/demo/Application/Runtime/Cache/Home/2a94b8bda04ff446dcedd42276fc99ee.php 第 6 行.
NOTIC: [8] Undefined variable: description /data/www/jquery/5/512/demo/Application/Runtime/Cache/Home/2a94b8bda04ff446dcedd42276fc99ee.php 第 7 行.
NOTIC: [8192] mysql_connect(): The mysql extension is deprecated and will be removed in the future: use mysqli or PDO instead /data/www/jquery/5/512/demo/ThinkPHP/Library/Think/Db/Driver/Mysql.class.php 第 52 行.
SQL: SHOW COLUMNS FROM `sign` [ RunTime:0.001043s ]
SQL: SELECT `id` FROM `sign` WHERE ( addtime = 1467302400 AND status = 0 AND uid =  ) LIMIT 1   [ RunTime:0.000143s ]
ERR: 1064:You have an error in your SQL syntax; check the manual that corresponds to your MySQL server version for the right syntax to use near ') LIMIT 1' at line 1
 [ SQL语句 ] : SELECT `id` FROM `sign` WHERE ( addtime = 1467302400 AND status = 0 AND uid =  ) LIMIT 1  
SQL: SELECT `id` FROM `sign` WHERE ( addtime = 1467388800 AND status = 0 AND uid =  ) LIMIT 1   [ RunTime:0.000090s ]
ERR: 1064:You have an error in your SQL syntax; check the manual that corresponds to your MySQL server version for the right syntax to use near ') LIMIT 1' at line 1
 [ SQL语句 ] : SELECT `id` FROM `sign` WHERE ( addtime = 1467388800 AND status = 0 AND uid =  ) LIMIT 1  
SQL: SELECT `id` FROM `sign` WHERE ( addtime = 1467475200 AND status = 0 AND uid =  ) LIMIT 1   [ RunTime:0.000081s ]
ERR: 1064:You have an error in your SQL syntax; check the manual that corresponds to your MySQL server version for the right syntax to use near ') LIMIT 1' at line 1
 [ SQL语句 ] : SELECT `id` FROM `sign` WHERE ( addtime = 1467475200 AND status = 0 AND uid =  ) LIMIT 1  
SQL: SELECT `id` FROM `sign` WHERE ( addtime = 1467561600 AND status = 0 AND uid =  ) LIMIT 1   [ RunTime:0.000080s ]
ERR: 1064:You have an error in your SQL syntax; check the manual that corresponds to your MySQL server version for the right syntax to use near ') LIMIT 1' at line 1
 [ SQL语句 ] : SELECT `id` FROM `sign` WHERE ( addtime = 1467561600 AND status = 0 AND uid =  ) LIMIT 1  
SQL: SELECT `id` FROM `sign` WHERE ( addtime = 1467648000 AND status = 0 AND uid =  ) LIMIT 1   [ RunTime:0.000084s ]
ERR: 1064:You have an error in your SQL syntax; check the manual that corresponds to your MySQL server version for the right syntax to use near ') LIMIT 1' at line 1
 [ SQL语句 ] : SELECT `id` FROM `sign` WHERE ( addtime = 1467648000 AND status = 0 AND uid =  ) LIMIT 1  
SQL: SELECT `id` FROM `sign` WHERE ( addtime = 1467734400 AND status = 0 AND uid =  ) LIMIT 1   [ RunTime:0.000084s ]
ERR: 1064:You have an error in your SQL syntax; check the manual that corresponds to your MySQL server version for the right syntax to use near ') LIMIT 1' at line 1
 [ SQL语句 ] : SELECT `id` FROM `sign` WHERE ( addtime = 1467734400 AND status = 0 AND uid =  ) LIMIT 1  
SQL: SELECT `id` FROM `sign` WHERE ( addtime = 1467820800 AND status = 0 AND uid =  ) LIMIT 1   [ RunTime:0.000081s ]
ERR: 1064:You have an error in your SQL syntax; check the manual that corresponds to your MySQL server version for the right syntax to use near ') LIMIT 1' at line 1
 [ SQL语句 ] : SELECT `id` FROM `sign` WHERE ( addtime = 1467820800 AND status = 0 AND uid =  ) LIMIT 1  
SQL: SELECT `id` FROM `sign` WHERE ( addtime = 1467907200 AND status = 0 AND uid =  ) LIMIT 1   [ RunTime:0.000079s ]
ERR: 1064:You have an error in your SQL syntax; check the manual that corresponds to your MySQL server version for the right syntax to use near ') LIMIT 1' at line 1
 [ SQL语句 ] : SELECT `id` FROM `sign` WHERE ( addtime = 1467907200 AND status = 0 AND uid =  ) LIMIT 1  
SQL: SELECT `id` FROM `sign` WHERE ( addtime = 1467993600 AND status = 0 AND uid =  ) LIMIT 1   [ RunTime:0.000099s ]
ERR: 1064:You have an error in your SQL syntax; check the manual that corresponds to your MySQL server version for the right syntax to use near ') LIMIT 1' at line 1
 [ SQL语句 ] : SELECT `id` FROM `sign` WHERE ( addtime = 1467993600 AND status = 0 AND uid =  ) LIMIT 1  
SQL: SELECT `id` FROM `sign` WHERE ( addtime = 1468080000 AND status = 0 AND uid =  ) LIMIT 1   [ RunTime:0.000091s ]
ERR: 1064:You have an error in your SQL syntax; check the manual that corresponds to your MySQL server version for the right syntax to use near ') LIMIT 1' at line 1
 [ SQL语句 ] : SELECT `id` FROM `sign` WHERE ( addtime = 1468080000 AND status = 0 AND uid =  ) LIMIT 1  
SQL: SELECT `id` FROM `sign` WHERE ( addtime = 1468166400 AND status = 0 AND uid =  ) LIMIT 1   [ RunTime:0.000080s ]
ERR: 1064:You have an error in your SQL syntax; check the manual that corresponds to your MySQL server version for the right syntax to use near ') LIMIT 1' at line 1
 [ SQL语句 ] : SELECT `id` FROM `sign` WHERE ( addtime = 1468166400 AND status = 0 AND uid =  ) LIMIT 1  
SQL: SELECT `id` FROM `sign` WHERE ( addtime = 1468252800 AND status = 0 AND uid =  ) LIMIT 1   [ RunTime:0.000083s ]
ERR: 1064:You have an error in your SQL syntax; check the manual that corresponds to your MySQL server version for the right syntax to use near ') LIMIT 1' at line 1
 [ SQL语句 ] : SELECT `id` FROM `sign` WHERE ( addtime = 1468252800 AND status = 0 AND uid =  ) LIMIT 1  
SQL: SELECT `id` FROM `sign` WHERE ( addtime = 1468339200 AND status = 0 AND uid =  ) LIMIT 1   [ RunTime:0.000077s ]
ERR: 1064:You have an error in your SQL syntax; check the manual that corresponds to your MySQL server version for the right syntax to use near ') LIMIT 1' at line 1
 [ SQL语句 ] : SELECT `id` FROM `sign` WHERE ( addtime = 1468339200 AND status = 0 AND uid =  ) LIMIT 1  
SQL: SELECT `id` FROM `sign` WHERE ( addtime = 1468425600 AND status = 0 AND uid =  ) LIMIT 1   [ RunTime:0.000081s ]
ERR: 1064:You have an error in your SQL syntax; check the manual that corresponds to your MySQL server version for the right syntax to use near ') LIMIT 1' at line 1
 [ SQL语句 ] : SELECT `id` FROM `sign` WHERE ( addtime = 1468425600 AND status = 0 AND uid =  ) LIMIT 1  
SQL: SELECT `id` FROM `sign` WHERE ( addtime = 1468512000 AND status = 0 AND uid =  ) LIMIT 1   [ RunTime:0.000081s ]
ERR: 1064:You have an error in your SQL syntax; check the manual that corresponds to your MySQL server version for the right syntax to use near ') LIMIT 1' at line 1
 [ SQL语句 ] : SELECT `id` FROM `sign` WHERE ( addtime = 1468512000 AND status = 0 AND uid =  ) LIMIT 1  
SQL: SELECT `id` FROM `sign` WHERE ( addtime = 1468598400 AND status = 0 AND uid =  ) LIMIT 1   [ RunTime:0.000077s ]
ERR: 1064:You have an error in your SQL syntax; check the manual that corresponds to your MySQL server version for the right syntax to use near ') LIMIT 1' at line 1
 [ SQL语句 ] : SELECT `id` FROM `sign` WHERE ( addtime = 1468598400 AND status = 0 AND uid =  ) LIMIT 1  
SQL: SELECT `id` FROM `sign` WHERE ( addtime = 1468684800 AND status = 0 AND uid =  ) LIMIT 1   [ RunTime:0.000077s ]
ERR: 1064:You have an error in your SQL syntax; check the manual that corresponds to your MySQL server version for the right syntax to use near ') LIMIT 1' at line 1
 [ SQL语句 ] : SELECT `id` FROM `sign` WHERE ( addtime = 1468684800 AND status = 0 AND uid =  ) LIMIT 1  
INFO: Run Behavior\ParseTemplateBehavior [ RunTime:0.019607s ]
INFO: [ view_parse ] --END-- [ RunTime:0.019646s ]
INFO: [ view_filter ] --START--
INFO: Run Behavior\WriteHtmlCacheBehavior [ RunTime:0.000142s ]
INFO: [ view_filter ] --END-- [ RunTime:0.000177s ]
INFO: [ app_end ] --START--
INFO: Run Behavior\ShowPageTraceBehavior [ RunTime:0.000414s ]
INFO: [ app_end ] --END-- [ RunTime:0.000464s ]

[ 2016-07-17T21:08:45+08:00 ] 101.226.89.115 /jquery/5/512/demo/
INFO: [ app_init ] --START--
INFO: Run Behavior\BuildLiteBehavior [ RunTime:0.000018s ]
INFO: [ app_init ] --END-- [ RunTime:0.000314s ]
INFO: [ app_begin ] --START--
INFO: Run Behavior\ReadHtmlCacheBehavior [ RunTime:0.000374s ]
INFO: [ app_begin ] --END-- [ RunTime:0.000434s ]
NOTIC: [8] Undefined variable: other /data/www/jquery/5/512/demo/Application/Home/Controller/IndexController.class.php 第 33 行.
INFO: [ view_parse ] --START--
NOTIC: [2] file_get_contents(./Application/Home/View/Member/right.html): failed to open stream: No such file or directory /data/www/jquery/5/512/demo/ThinkPHP/Library/Think/Template.class.php 第 696 行.
INFO: [ template_filter ] --START--
INFO: Run Behavior\ContentReplaceBehavior [ RunTime:0.000039s ]
INFO: [ template_filter ] --END-- [ RunTime:0.000089s ]
NOTIC: [8] Undefined variable: keywords /data/www/jquery/5/512/demo/Application/Runtime/Cache/Home/2a94b8bda04ff446dcedd42276fc99ee.php 第 6 行.
NOTIC: [8] Undefined variable: description /data/www/jquery/5/512/demo/Application/Runtime/Cache/Home/2a94b8bda04ff446dcedd42276fc99ee.php 第 7 行.
NOTIC: [8192] mysql_connect(): The mysql extension is deprecated and will be removed in the future: use mysqli or PDO instead /data/www/jquery/5/512/demo/ThinkPHP/Library/Think/Db/Driver/Mysql.class.php 第 52 行.
SQL: SHOW COLUMNS FROM `sign` [ RunTime:0.001046s ]
SQL: SELECT `id` FROM `sign` WHERE ( addtime = 1467302400 AND status = 0 AND uid =  ) LIMIT 1   [ RunTime:0.000123s ]
ERR: 1064:You have an error in your SQL syntax; check the manual that corresponds to your MySQL server version for the right syntax to use near ') LIMIT 1' at line 1
 [ SQL语句 ] : SELECT `id` FROM `sign` WHERE ( addtime = 1467302400 AND status = 0 AND uid =  ) LIMIT 1  
SQL: SELECT `id` FROM `sign` WHERE ( addtime = 1467388800 AND status = 0 AND uid =  ) LIMIT 1   [ RunTime:0.000081s ]
ERR: 1064:You have an error in your SQL syntax; check the manual that corresponds to your MySQL server version for the right syntax to use near ') LIMIT 1' at line 1
 [ SQL语句 ] : SELECT `id` FROM `sign` WHERE ( addtime = 1467388800 AND status = 0 AND uid =  ) LIMIT 1  
SQL: SELECT `id` FROM `sign` WHERE ( addtime = 1467475200 AND status = 0 AND uid =  ) LIMIT 1   [ RunTime:0.000080s ]
ERR: 1064:You have an error in your SQL syntax; check the manual that corresponds to your MySQL server version for the right syntax to use near ') LIMIT 1' at line 1
 [ SQL语句 ] : SELECT `id` FROM `sign` WHERE ( addtime = 1467475200 AND status = 0 AND uid =  ) LIMIT 1  
SQL: SELECT `id` FROM `sign` WHERE ( addtime = 1467561600 AND status = 0 AND uid =  ) LIMIT 1   [ RunTime:0.000079s ]
ERR: 1064:You have an error in your SQL syntax; check the manual that corresponds to your MySQL server version for the right syntax to use near ') LIMIT 1' at line 1
 [ SQL语句 ] : SELECT `id` FROM `sign` WHERE ( addtime = 1467561600 AND status = 0 AND uid =  ) LIMIT 1  
SQL: SELECT `id` FROM `sign` WHERE ( addtime = 1467648000 AND status = 0 AND uid =  ) LIMIT 1   [ RunTime:0.000097s ]
ERR: 1064:You have an error in your SQL syntax; check the manual that corresponds to your MySQL server version for the right syntax to use near ') LIMIT 1' at line 1
 [ SQL语句 ] : SELECT `id` FROM `sign` WHERE ( addtime = 1467648000 AND status = 0 AND uid =  ) LIMIT 1  
SQL: SELECT `id` FROM `sign` WHERE ( addtime = 1467734400 AND status = 0 AND uid =  ) LIMIT 1   [ RunTime:0.000079s ]
ERR: 1064:You have an error in your SQL syntax; check the manual that corresponds to your MySQL server version for the right syntax to use near ') LIMIT 1' at line 1
 [ SQL语句 ] : SELECT `id` FROM `sign` WHERE ( addtime = 1467734400 AND status = 0 AND uid =  ) LIMIT 1  
SQL: SELECT `id` FROM `sign` WHERE ( addtime = 1467820800 AND status = 0 AND uid =  ) LIMIT 1   [ RunTime:0.000079s ]
ERR: 1064:You have an error in your SQL syntax; check the manual that corresponds to your MySQL server version for the right syntax to use near ') LIMIT 1' at line 1
 [ SQL语句 ] : SELECT `id` FROM `sign` WHERE ( addtime = 1467820800 AND status = 0 AND uid =  ) LIMIT 1  
SQL: SELECT `id` FROM `sign` WHERE ( addtime = 1467907200 AND status = 0 AND uid =  ) LIMIT 1   [ RunTime:0.000077s ]
ERR: 1064:You have an error in your SQL syntax; check the manual that corresponds to your MySQL server version for the right syntax to use near ') LIMIT 1' at line 1
 [ SQL语句 ] : SELECT `id` FROM `sign` WHERE ( addtime = 1467907200 AND status = 0 AND uid =  ) LIMIT 1  
SQL: SELECT `id` FROM `sign` WHERE ( addtime = 1467993600 AND status = 0 AND uid =  ) LIMIT 1   [ RunTime:0.000077s ]
ERR: 1064:You have an error in your SQL syntax; check the manual that corresponds to your MySQL server version for the right syntax to use near ') LIMIT 1' at line 1
 [ SQL语句 ] : SELECT `id` FROM `sign` WHERE ( addtime = 1467993600 AND status = 0 AND uid =  ) LIMIT 1  
SQL: SELECT `id` FROM `sign` WHERE ( addtime = 1468080000 AND status = 0 AND uid =  ) LIMIT 1   [ RunTime:0.000077s ]
ERR: 1064:You have an error in your SQL syntax; check the manual that corresponds to your MySQL server version for the right syntax to use near ') LIMIT 1' at line 1
 [ SQL语句 ] : SELECT `id` FROM `sign` WHERE ( addtime = 1468080000 AND status = 0 AND uid =  ) LIMIT 1  
SQL: SELECT `id` FROM `sign` WHERE ( addtime = 1468166400 AND status = 0 AND uid =  ) LIMIT 1   [ RunTime:0.000077s ]
ERR: 1064:You have an error in your SQL syntax; check the manual that corresponds to your MySQL server version for the right syntax to use near ') LIMIT 1' at line 1
 [ SQL语句 ] : SELECT `id` FROM `sign` WHERE ( addtime = 1468166400 AND status = 0 AND uid =  ) LIMIT 1  
SQL: SELECT `id` FROM `sign` WHERE ( addtime = 1468252800 AND status = 0 AND uid =  ) LIMIT 1   [ RunTime:0.000077s ]
ERR: 1064:You have an error in your SQL syntax; check the manual that corresponds to your MySQL server version for the right syntax to use near ') LIMIT 1' at line 1
 [ SQL语句 ] : SELECT `id` FROM `sign` WHERE ( addtime = 1468252800 AND status = 0 AND uid =  ) LIMIT 1  
SQL: SELECT `id` FROM `sign` WHERE ( addtime = 1468339200 AND status = 0 AND uid =  ) LIMIT 1   [ RunTime:0.000076s ]
ERR: 1064:You have an error in your SQL syntax; check the manual that corresponds to your MySQL server version for the right syntax to use near ') LIMIT 1' at line 1
 [ SQL语句 ] : SELECT `id` FROM `sign` WHERE ( addtime = 1468339200 AND status = 0 AND uid =  ) LIMIT 1  
SQL: SELECT `id` FROM `sign` WHERE ( addtime = 1468425600 AND status = 0 AND uid =  ) LIMIT 1   [ RunTime:0.000076s ]
ERR: 1064:You have an error in your SQL syntax; check the manual that corresponds to your MySQL server version for the right syntax to use near ') LIMIT 1' at line 1
 [ SQL语句 ] : SELECT `id` FROM `sign` WHERE ( addtime = 1468425600 AND status = 0 AND uid =  ) LIMIT 1  
SQL: SELECT `id` FROM `sign` WHERE ( addtime = 1468512000 AND status = 0 AND uid =  ) LIMIT 1   [ RunTime:0.000076s ]
ERR: 1064:You have an error in your SQL syntax; check the manual that corresponds to your MySQL server version for the right syntax to use near ') LIMIT 1' at line 1
 [ SQL语句 ] : SELECT `id` FROM `sign` WHERE ( addtime = 1468512000 AND status = 0 AND uid =  ) LIMIT 1  
SQL: SELECT `id` FROM `sign` WHERE ( addtime = 1468598400 AND status = 0 AND uid =  ) LIMIT 1   [ RunTime:0.000076s ]
ERR: 1064:You have an error in your SQL syntax; check the manual that corresponds to your MySQL server version for the right syntax to use near ') LIMIT 1' at line 1
 [ SQL语句 ] : SELECT `id` FROM `sign` WHERE ( addtime = 1468598400 AND status = 0 AND uid =  ) LIMIT 1  
SQL: SELECT `id` FROM `sign` WHERE ( addtime = 1468684800 AND status = 0 AND uid =  ) LIMIT 1   [ RunTime:0.000076s ]
ERR: 1064:You have an error in your SQL syntax; check the manual that corresponds to your MySQL server version for the right syntax to use near ') LIMIT 1' at line 1
 [ SQL语句 ] : SELECT `id` FROM `sign` WHERE ( addtime = 1468684800 AND status = 0 AND uid =  ) LIMIT 1  
INFO: Run Behavior\ParseTemplateBehavior [ RunTime:0.025221s ]
INFO: [ view_parse ] --END-- [ RunTime:0.025266s ]
INFO: [ view_filter ] --START--
INFO: Run Behavior\WriteHtmlCacheBehavior [ RunTime:0.000128s ]
INFO: [ view_filter ] --END-- [ RunTime:0.000164s ]
INFO: [ app_end ] --START--
INFO: Run Behavior\ShowPageTraceBehavior [ RunTime:0.000413s ]
INFO: [ app_end ] --END-- [ RunTime:0.000459s ]

[ 2016-07-17T21:08:53+08:00 ] 101.226.65.106 /jquery/5/512/demo/
INFO: [ app_init ] --START--
INFO: Run Behavior\BuildLiteBehavior [ RunTime:0.000014s ]
INFO: [ app_init ] --END-- [ RunTime:0.000287s ]
INFO: [ app_begin ] --START--
INFO: Run Behavior\ReadHtmlCacheBehavior [ RunTime:0.000338s ]
INFO: [ app_begin ] --END-- [ RunTime:0.000379s ]
NOTIC: [8] Undefined variable: other /data/www/jquery/5/512/demo/Application/Home/Controller/IndexController.class.php 第 33 行.
INFO: [ view_parse ] --START--
NOTIC: [2] file_get_contents(./Application/Home/View/Member/right.html): failed to open stream: No such file or directory /data/www/jquery/5/512/demo/ThinkPHP/Library/Think/Template.class.php 第 696 行.
INFO: [ template_filter ] --START--
INFO: Run Behavior\ContentReplaceBehavior [ RunTime:0.000035s ]
INFO: [ template_filter ] --END-- [ RunTime:0.000073s ]
NOTIC: [8] Undefined variable: keywords /data/www/jquery/5/512/demo/Application/Runtime/Cache/Home/2a94b8bda04ff446dcedd42276fc99ee.php 第 6 行.
NOTIC: [8] Undefined variable: description /data/www/jquery/5/512/demo/Application/Runtime/Cache/Home/2a94b8bda04ff446dcedd42276fc99ee.php 第 7 行.
NOTIC: [8192] mysql_connect(): The mysql extension is deprecated and will be removed in the future: use mysqli or PDO instead /data/www/jquery/5/512/demo/ThinkPHP/Library/Think/Db/Driver/Mysql.class.php 第 52 行.
SQL: SHOW COLUMNS FROM `sign` [ RunTime:0.001049s ]
SQL: SELECT `id` FROM `sign` WHERE ( addtime = 1467302400 AND status = 0 AND uid =  ) LIMIT 1   [ RunTime:0.000124s ]
ERR: 1064:You have an error in your SQL syntax; check the manual that corresponds to your MySQL server version for the right syntax to use near ') LIMIT 1' at line 1
 [ SQL语句 ] : SELECT `id` FROM `sign` WHERE ( addtime = 1467302400 AND status = 0 AND uid =  ) LIMIT 1  
SQL: SELECT `id` FROM `sign` WHERE ( addtime = 1467388800 AND status = 0 AND uid =  ) LIMIT 1   [ RunTime:0.000082s ]
ERR: 1064:You have an error in your SQL syntax; check the manual that corresponds to your MySQL server version for the right syntax to use near ') LIMIT 1' at line 1
 [ SQL语句 ] : SELECT `id` FROM `sign` WHERE ( addtime = 1467388800 AND status = 0 AND uid =  ) LIMIT 1  
SQL: SELECT `id` FROM `sign` WHERE ( addtime = 1467475200 AND status = 0 AND uid =  ) LIMIT 1   [ RunTime:0.000098s ]
ERR: 1064:You have an error in your SQL syntax; check the manual that corresponds to your MySQL server version for the right syntax to use near ') LIMIT 1' at line 1
 [ SQL语句 ] : SELECT `id` FROM `sign` WHERE ( addtime = 1467475200 AND status = 0 AND uid =  ) LIMIT 1  
SQL: SELECT `id` FROM `sign` WHERE ( addtime = 1467561600 AND status = 0 AND uid =  ) LIMIT 1   [ RunTime:0.000080s ]
ERR: 1064:You have an error in your SQL syntax; check the manual that corresponds to your MySQL server version for the right syntax to use near ') LIMIT 1' at line 1
 [ SQL语句 ] : SELECT `id` FROM `sign` WHERE ( addtime = 1467561600 AND status = 0 AND uid =  ) LIMIT 1  
SQL: SELECT `id` FROM `sign` WHERE ( addtime = 1467648000 AND status = 0 AND uid =  ) LIMIT 1   [ RunTime:0.000078s ]
ERR: 1064:You have an error in your SQL syntax; check the manual that corresponds to your MySQL server version for the right syntax to use near ') LIMIT 1' at line 1
 [ SQL语句 ] : SELECT `id` FROM `sign` WHERE ( addtime = 1467648000 AND status = 0 AND uid =  ) LIMIT 1  
SQL: SELECT `id` FROM `sign` WHERE ( addtime = 1467734400 AND status = 0 AND uid =  ) LIMIT 1   [ RunTime:0.000078s ]
ERR: 1064:You have an error in your SQL syntax; check the manual that corresponds to your MySQL server version for the right syntax to use near ') LIMIT 1' at line 1
 [ SQL语句 ] : SELECT `id` FROM `sign` WHERE ( addtime = 1467734400 AND status = 0 AND uid =  ) LIMIT 1  
SQL: SELECT `id` FROM `sign` WHERE ( addtime = 1467820800 AND status = 0 AND uid =  ) LIMIT 1   [ RunTime:0.000078s ]
ERR: 1064:You have an error in your SQL syntax; check the manual that corresponds to your MySQL server version for the right syntax to use near ') LIMIT 1' at line 1
 [ SQL语句 ] : SELECT `id` FROM `sign` WHERE ( addtime = 1467820800 AND status = 0 AND uid =  ) LIMIT 1  
SQL: SELECT `id` FROM `sign` WHERE ( addtime = 1467907200 AND status = 0 AND uid =  ) LIMIT 1   [ RunTime:0.000097s ]
ERR: 1064:You have an error in your SQL syntax; check the manual that corresponds to your MySQL server version for the right syntax to use near ') LIMIT 1' at line 1
 [ SQL语句 ] : SELECT `id` FROM `sign` WHERE ( addtime = 1467907200 AND status = 0 AND uid =  ) LIMIT 1  
SQL: SELECT `id` FROM `sign` WHERE ( addtime = 1467993600 AND status = 0 AND uid =  ) LIMIT 1   [ RunTime:0.000077s ]
ERR: 1064:You have an error in your SQL syntax; check the manual that corresponds to your MySQL server version for the right syntax to use near ') LIMIT 1' at line 1
 [ SQL语句 ] : SELECT `id` FROM `sign` WHERE ( addtime = 1467993600 AND status = 0 AND uid =  ) LIMIT 1  
SQL: SELECT `id` FROM `sign` WHERE ( addtime = 1468080000 AND status = 0 AND uid =  ) LIMIT 1   [ RunTime:0.000077s ]
ERR: 1064:You have an error in your SQL syntax; check the manual that corresponds to your MySQL server version for the right syntax to use near ') LIMIT 1' at line 1
 [ SQL语句 ] : SELECT `id` FROM `sign` WHERE ( addtime = 1468080000 AND status = 0 AND uid =  ) LIMIT 1  
SQL: SELECT `id` FROM `sign` WHERE ( addtime = 1468166400 AND status = 0 AND uid =  ) LIMIT 1   [ RunTime:0.000077s ]
ERR: 1064:You have an error in your SQL syntax; check the manual that corresponds to your MySQL server version for the right syntax to use near ') LIMIT 1' at line 1
 [ SQL语句 ] : SELECT `id` FROM `sign` WHERE ( addtime = 1468166400 AND status = 0 AND uid =  ) LIMIT 1  
SQL: SELECT `id` FROM `sign` WHERE ( addtime = 1468252800 AND status = 0 AND uid =  ) LIMIT 1   [ RunTime:0.000077s ]
ERR: 1064:You have an error in your SQL syntax; check the manual that corresponds to your MySQL server version for the right syntax to use near ') LIMIT 1' at line 1
 [ SQL语句 ] : SELECT `id` FROM `sign` WHERE ( addtime = 1468252800 AND status = 0 AND uid =  ) LIMIT 1  
SQL: SELECT `id` FROM `sign` WHERE ( addtime = 1468339200 AND status = 0 AND uid =  ) LIMIT 1   [ RunTime:0.000079s ]
ERR: 1064:You have an error in your SQL syntax; check the manual that corresponds to your MySQL server version for the right syntax to use near ') LIMIT 1' at line 1
 [ SQL语句 ] : SELECT `id` FROM `sign` WHERE ( addtime = 1468339200 AND status = 0 AND uid =  ) LIMIT 1  
SQL: SELECT `id` FROM `sign` WHERE ( addtime = 1468425600 AND status = 0 AND uid =  ) LIMIT 1   [ RunTime:0.000077s ]
ERR: 1064:You have an error in your SQL syntax; check the manual that corresponds to your MySQL server version for the right syntax to use near ') LIMIT 1' at line 1
 [ SQL语句 ] : SELECT `id` FROM `sign` WHERE ( addtime = 1468425600 AND status = 0 AND uid =  ) LIMIT 1  
SQL: SELECT `id` FROM `sign` WHERE ( addtime = 1468512000 AND status = 0 AND uid =  ) LIMIT 1   [ RunTime:0.000078s ]
ERR: 1064:You have an error in your SQL syntax; check the manual that corresponds to your MySQL server version for the right syntax to use near ') LIMIT 1' at line 1
 [ SQL语句 ] : SELECT `id` FROM `sign` WHERE ( addtime = 1468512000 AND status = 0 AND uid =  ) LIMIT 1  
SQL: SELECT `id` FROM `sign` WHERE ( addtime = 1468598400 AND status = 0 AND uid =  ) LIMIT 1   [ RunTime:0.000076s ]
ERR: 1064:You have an error in your SQL syntax; check the manual that corresponds to your MySQL server version for the right syntax to use near ') LIMIT 1' at line 1
 [ SQL语句 ] : SELECT `id` FROM `sign` WHERE ( addtime = 1468598400 AND status = 0 AND uid =  ) LIMIT 1  
SQL: SELECT `id` FROM `sign` WHERE ( addtime = 1468684800 AND status = 0 AND uid =  ) LIMIT 1   [ RunTime:0.000076s ]
ERR: 1064:You have an error in your SQL syntax; check the manual that corresponds to your MySQL server version for the right syntax to use near ') LIMIT 1' at line 1
 [ SQL语句 ] : SELECT `id` FROM `sign` WHERE ( addtime = 1468684800 AND status = 0 AND uid =  ) LIMIT 1  
INFO: Run Behavior\ParseTemplateBehavior [ RunTime:0.024470s ]
INFO: [ view_parse ] --END-- [ RunTime:0.024511s ]
INFO: [ view_filter ] --START--
INFO: Run Behavior\WriteHtmlCacheBehavior [ RunTime:0.000196s ]
INFO: [ view_filter ] --END-- [ RunTime:0.000233s ]
INFO: [ app_end ] --START--
INFO: Run Behavior\ShowPageTraceBehavior [ RunTime:0.000413s ]
INFO: [ app_end ] --END-- [ RunTime:0.000456s ]

[ 2016-07-17T21:10:41+08:00 ] 123.163.217.134 /jquery/5/512/demo/
INFO: [ app_init ] --START--
INFO: Run Behavior\BuildLiteBehavior [ RunTime:0.000018s ]
INFO: [ app_init ] --END-- [ RunTime:0.000322s ]
INFO: [ app_begin ] --START--
INFO: Run Behavior\ReadHtmlCacheBehavior [ RunTime:0.000346s ]
INFO: [ app_begin ] --END-- [ RunTime:0.000395s ]
NOTIC: [8] Undefined variable: other /data/www/jquery/5/512/demo/Application/Home/Controller/IndexController.class.php 第 33 行.
INFO: [ view_parse ] --START--
NOTIC: [2] file_get_contents(./Application/Home/View/Member/right.html): failed to open stream: No such file or directory /data/www/jquery/5/512/demo/ThinkPHP/Library/Think/Template.class.php 第 696 行.
INFO: [ template_filter ] --START--
INFO: Run Behavior\ContentReplaceBehavior [ RunTime:0.000053s ]
INFO: [ template_filter ] --END-- [ RunTime:0.000108s ]
NOTIC: [8] Undefined variable: keywords /data/www/jquery/5/512/demo/Application/Runtime/Cache/Home/2a94b8bda04ff446dcedd42276fc99ee.php 第 6 行.
NOTIC: [8] Undefined variable: description /data/www/jquery/5/512/demo/Application/Runtime/Cache/Home/2a94b8bda04ff446dcedd42276fc99ee.php 第 7 行.
NOTIC: [8192] mysql_connect(): The mysql extension is deprecated and will be removed in the future: use mysqli or PDO instead /data/www/jquery/5/512/demo/ThinkPHP/Library/Think/Db/Driver/Mysql.class.php 第 52 行.
SQL: SHOW COLUMNS FROM `sign` [ RunTime:0.001007s ]
SQL: SELECT `id` FROM `sign` WHERE ( addtime = 1467302400 AND status = 0 AND uid =  ) LIMIT 1   [ RunTime:0.000123s ]
ERR: 1064:You have an error in your SQL syntax; check the manual that corresponds to your MySQL server version for the right syntax to use near ') LIMIT 1' at line 1
 [ SQL语句 ] : SELECT `id` FROM `sign` WHERE ( addtime = 1467302400 AND status = 0 AND uid =  ) LIMIT 1  
SQL: SELECT `id` FROM `sign` WHERE ( addtime = 1467388800 AND status = 0 AND uid =  ) LIMIT 1   [ RunTime:0.000083s ]
ERR: 1064:You have an error in your SQL syntax; check the manual that corresponds to your MySQL server version for the right syntax to use near ') LIMIT 1' at line 1
 [ SQL语句 ] : SELECT `id` FROM `sign` WHERE ( addtime = 1467388800 AND status = 0 AND uid =  ) LIMIT 1  
SQL: SELECT `id` FROM `sign` WHERE ( addtime = 1467475200 AND status = 0 AND uid =  ) LIMIT 1   [ RunTime:0.000081s ]
ERR: 1064:You have an error in your SQL syntax; check the manual that corresponds to your MySQL server version for the right syntax to use near ') LIMIT 1' at line 1
 [ SQL语句 ] : SELECT `id` FROM `sign` WHERE ( addtime = 1467475200 AND status = 0 AND uid =  ) LIMIT 1  
SQL: SELECT `id` FROM `sign` WHERE ( addtime = 1467561600 AND status = 0 AND uid =  ) LIMIT 1   [ RunTime:0.000081s ]
ERR: 1064:You have an error in your SQL syntax; check the manual that corresponds to your MySQL server version for the right syntax to use near ') LIMIT 1' at line 1
 [ SQL语句 ] : SELECT `id` FROM `sign` WHERE ( addtime = 1467561600 AND status = 0 AND uid =  ) LIMIT 1  
SQL: SELECT `id` FROM `sign` WHERE ( addtime = 1467648000 AND status = 0 AND uid =  ) LIMIT 1   [ RunTime:0.000079s ]
ERR: 1064:You have an error in your SQL syntax; check the manual that corresponds to your MySQL server version for the right syntax to use near ') LIMIT 1' at line 1
 [ SQL语句 ] : SELECT `id` FROM `sign` WHERE ( addtime = 1467648000 AND status = 0 AND uid =  ) LIMIT 1  
SQL: SELECT `id` FROM `sign` WHERE ( addtime = 1467734400 AND status = 0 AND uid =  ) LIMIT 1   [ RunTime:0.000083s ]
ERR: 1064:You have an error in your SQL syntax; check the manual that corresponds to your MySQL server version for the right syntax to use near ') LIMIT 1' at line 1
 [ SQL语句 ] : SELECT `id` FROM `sign` WHERE ( addtime = 1467734400 AND status = 0 AND uid =  ) LIMIT 1  
SQL: SELECT `id` FROM `sign` WHERE ( addtime = 1467820800 AND status = 0 AND uid =  ) LIMIT 1   [ RunTime:0.000079s ]
ERR: 1064:You have an error in your SQL syntax; check the manual that corresponds to your MySQL server version for the right syntax to use near ') LIMIT 1' at line 1
 [ SQL语句 ] : SELECT `id` FROM `sign` WHERE ( addtime = 1467820800 AND status = 0 AND uid =  ) LIMIT 1  
SQL: SELECT `id` FROM `sign` WHERE ( addtime = 1467907200 AND status = 0 AND uid =  ) LIMIT 1   [ RunTime:0.000079s ]
ERR: 1064:You have an error in your SQL syntax; check the manual that corresponds to your MySQL server version for the right syntax to use near ') LIMIT 1' at line 1
 [ SQL语句 ] : SELECT `id` FROM `sign` WHERE ( addtime = 1467907200 AND status = 0 AND uid =  ) LIMIT 1  
SQL: SELECT `id` FROM `sign` WHERE ( addtime = 1467993600 AND status = 0 AND uid =  ) LIMIT 1   [ RunTime:0.000078s ]
ERR: 1064:You have an error in your SQL syntax; check the manual that corresponds to your MySQL server version for the right syntax to use near ') LIMIT 1' at line 1
 [ SQL语句 ] : SELECT `id` FROM `sign` WHERE ( addtime = 1467993600 AND status = 0 AND uid =  ) LIMIT 1  
SQL: SELECT `id` FROM `sign` WHERE ( addtime = 1468080000 AND status = 0 AND uid =  ) LIMIT 1   [ RunTime:0.000079s ]
ERR: 1064:You have an error in your SQL syntax; check the manual that corresponds to your MySQL server version for the right syntax to use near ') LIMIT 1' at line 1
 [ SQL语句 ] : SELECT `id` FROM `sign` WHERE ( addtime = 1468080000 AND status = 0 AND uid =  ) LIMIT 1  
SQL: SELECT `id` FROM `sign` WHERE ( addtime = 1468166400 AND status = 0 AND uid =  ) LIMIT 1   [ RunTime:0.000079s ]
ERR: 1064:You have an error in your SQL syntax; check the manual that corresponds to your MySQL server version for the right syntax to use near ') LIMIT 1' at line 1
 [ SQL语句 ] : SELECT `id` FROM `sign` WHERE ( addtime = 1468166400 AND status = 0 AND uid =  ) LIMIT 1  
SQL: SELECT `id` FROM `sign` WHERE ( addtime = 1468252800 AND status = 0 AND uid =  ) LIMIT 1   [ RunTime:0.000078s ]
ERR: 1064:You have an error in your SQL syntax; check the manual that corresponds to your MySQL server version for the right syntax to use near ') LIMIT 1' at line 1
 [ SQL语句 ] : SELECT `id` FROM `sign` WHERE ( addtime = 1468252800 AND status = 0 AND uid =  ) LIMIT 1  
SQL: SELECT `id` FROM `sign` WHERE ( addtime = 1468339200 AND status = 0 AND uid =  ) LIMIT 1   [ RunTime:0.000077s ]
ERR: 1064:You have an error in your SQL syntax; check the manual that corresponds to your MySQL server version for the right syntax to use near ') LIMIT 1' at line 1
 [ SQL语句 ] : SELECT `id` FROM `sign` WHERE ( addtime = 1468339200 AND status = 0 AND uid =  ) LIMIT 1  
SQL: SELECT `id` FROM `sign` WHERE ( addtime = 1468425600 AND status = 0 AND uid =  ) LIMIT 1   [ RunTime:0.000077s ]
ERR: 1064:You have an error in your SQL syntax; check the manual that corresponds to your MySQL server version for the right syntax to use near ') LIMIT 1' at line 1
 [ SQL语句 ] : SELECT `id` FROM `sign` WHERE ( addtime = 1468425600 AND status = 0 AND uid =  ) LIMIT 1  
SQL: SELECT `id` FROM `sign` WHERE ( addtime = 1468512000 AND status = 0 AND uid =  ) LIMIT 1   [ RunTime:0.000078s ]
ERR: 1064:You have an error in your SQL syntax; check the manual that corresponds to your MySQL server version for the right syntax to use near ') LIMIT 1' at line 1
 [ SQL语句 ] : SELECT `id` FROM `sign` WHERE ( addtime = 1468512000 AND status = 0 AND uid =  ) LIMIT 1  
SQL: SELECT `id` FROM `sign` WHERE ( addtime = 1468598400 AND status = 0 AND uid =  ) LIMIT 1   [ RunTime:0.000078s ]
ERR: 1064:You have an error in your SQL syntax; check the manual that corresponds to your MySQL server version for the right syntax to use near ') LIMIT 1' at line 1
 [ SQL语句 ] : SELECT `id` FROM `sign` WHERE ( addtime = 1468598400 AND status = 0 AND uid =  ) LIMIT 1  
SQL: SELECT `id` FROM `sign` WHERE ( addtime = 1468684800 AND status = 0 AND uid =  ) LIMIT 1   [ RunTime:0.000077s ]
ERR: 1064:You have an error in your SQL syntax; check the manual that corresponds to your MySQL server version for the right syntax to use near ') LIMIT 1' at line 1
 [ SQL语句 ] : SELECT `id` FROM `sign` WHERE ( addtime = 1468684800 AND status = 0 AND uid =  ) LIMIT 1  
INFO: Run Behavior\ParseTemplateBehavior [ RunTime:0.020143s ]
INFO: [ view_parse ] --END-- [ RunTime:0.020184s ]
INFO: [ view_filter ] --START--
INFO: Run Behavior\WriteHtmlCacheBehavior [ RunTime:0.000111s ]
INFO: [ view_filter ] --END-- [ RunTime:0.000146s ]
INFO: [ app_end ] --START--
INFO: Run Behavior\ShowPageTraceBehavior [ RunTime:0.000433s ]
INFO: [ app_end ] --END-- [ RunTime:0.000480s ]

[ 2016-07-17T21:10:44+08:00 ] 123.163.217.134 /jquery/5/512/demo/Ajax/signDay
INFO: [ app_init ] --START--
INFO: Run Behavior\BuildLiteBehavior [ RunTime:0.000014s ]
INFO: [ app_init ] --END-- [ RunTime:0.000263s ]
INFO: [ app_begin ] --START--
INFO: Run Behavior\ReadHtmlCacheBehavior [ RunTime:0.000324s ]
INFO: [ app_begin ] --END-- [ RunTime:0.000365s ]

