[ 2016-06-28T10:34:35+08:00 ] 111.175.95.47 /jquery/5/512/demo/
INFO: [ app_init ] --START--
INFO: Run Behavior\BuildLiteBehavior [ RunTime:0.000027s ]
INFO: [ app_init ] --END-- [ RunTime:0.003994s ]
INFO: [ app_begin ] --START--
INFO: Run Behavior\ReadHtmlCacheBehavior [ RunTime:0.001837s ]
INFO: [ app_begin ] --END-- [ RunTime:0.001897s ]
INFO: [ view_parse ] --START--
NOTIC: [2] file_get_contents(./Application/Home/View/Member/right.html): failed to open stream: No such file or directory /data/www/jquery/5/512/demo/ThinkPHP/Library/Think/Template.class.php 第 696 行.
INFO: [ template_filter ] --START--
INFO: Run Behavior\ContentReplaceBehavior [ RunTime:0.000042s ]
INFO: [ template_filter ] --END-- [ RunTime:0.000102s ]
NOTIC: [8] Undefined variable: keywords /data/www/jquery/5/512/demo/Application/Runtime/Cache/Home/2a94b8bda04ff446dcedd42276fc99ee.php 第 6 行.
NOTIC: [8] Undefined variable: description /data/www/jquery/5/512/demo/Application/Runtime/Cache/Home/2a94b8bda04ff446dcedd42276fc99ee.php 第 7 行.
NOTIC: [8192] mysql_connect(): The mysql extension is deprecated and will be removed in the future: use mysqli or PDO instead /data/www/jquery/5/512/demo/ThinkPHP/Library/Think/Db/Driver/Mysql.class.php 第 52 行.
SQL: SHOW COLUMNS FROM `sign` [ RunTime:0.014312s ]
SQL: SELECT `id` FROM `sign` WHERE ( addtime = 1464710400 AND status = 0 AND uid = 1615 ) LIMIT 1   [ RunTime:0.001638s ]
SQL: SELECT `id` FROM `sign` WHERE ( addtime = 1464796800 AND status = 0 AND uid = 1615 ) LIMIT 1   [ RunTime:0.000164s ]
SQL: SELECT `id` FROM `sign` WHERE ( addtime = 1464883200 AND status = 0 AND uid = 1615 ) LIMIT 1   [ RunTime:0.000162s ]
SQL: SELECT `id` FROM `sign` WHERE ( addtime = 1464969600 AND status = 0 AND uid = 1615 ) LIMIT 1   [ RunTime:0.000192s ]
SQL: SELECT `id` FROM `sign` WHERE ( addtime = 1465056000 AND status = 0 AND uid = 1615 ) LIMIT 1   [ RunTime:0.000157s ]
SQL: SELECT `id` FROM `sign` WHERE ( addtime = 1465142400 AND status = 0 AND uid = 1615 ) LIMIT 1   [ RunTime:0.000156s ]
SQL: SELECT `id` FROM `sign` WHERE ( addtime = 1465228800 AND status = 0 AND uid = 1615 ) LIMIT 1   [ RunTime:0.000159s ]
SQL: SELECT `id` FROM `sign` WHERE ( addtime = 1465315200 AND status = 0 AND uid = 1615 ) LIMIT 1   [ RunTime:0.000156s ]
SQL: SELECT `id` FROM `sign` WHERE ( addtime = 1465401600 AND status = 0 AND uid = 1615 ) LIMIT 1   [ RunTime:0.000152s ]
SQL: SELECT `id` FROM `sign` WHERE ( addtime = 1465488000 AND status = 0 AND uid = 1615 ) LIMIT 1   [ RunTime:0.000154s ]
SQL: SELECT `id` FROM `sign` WHERE ( addtime = 1465574400 AND status = 0 AND uid = 1615 ) LIMIT 1   [ RunTime:0.000175s ]
SQL: SELECT `id` FROM `sign` WHERE ( addtime = 1465660800 AND status = 0 AND uid = 1615 ) LIMIT 1   [ RunTime:0.000154s ]
SQL: SELECT `id` FROM `sign` WHERE ( addtime = 1465747200 AND status = 0 AND uid = 1615 ) LIMIT 1   [ RunTime:0.000154s ]
SQL: SELECT `id` FROM `sign` WHERE ( addtime = 1465833600 AND status = 0 AND uid = 1615 ) LIMIT 1   [ RunTime:0.000170s ]
SQL: SELECT `id` FROM `sign` WHERE ( addtime = 1465920000 AND status = 0 AND uid = 1615 ) LIMIT 1   [ RunTime:0.000152s ]
SQL: SELECT `id` FROM `sign` WHERE ( addtime = 1466006400 AND status = 0 AND uid = 1615 ) LIMIT 1   [ RunTime:0.000152s ]
SQL: SELECT `id` FROM `sign` WHERE ( addtime = 1466092800 AND status = 0 AND uid = 1615 ) LIMIT 1   [ RunTime:0.000153s ]
SQL: SELECT `id` FROM `sign` WHERE ( addtime = 1466179200 AND status = 0 AND uid = 1615 ) LIMIT 1   [ RunTime:0.000150s ]
SQL: SELECT `id` FROM `sign` WHERE ( addtime = 1466265600 AND status = 0 AND uid = 1615 ) LIMIT 1   [ RunTime:0.000150s ]
SQL: SELECT `id` FROM `sign` WHERE ( addtime = 1466352000 AND status = 0 AND uid = 1615 ) LIMIT 1   [ RunTime:0.000149s ]
SQL: SELECT `id` FROM `sign` WHERE ( addtime = 1466438400 AND status = 0 AND uid = 1615 ) LIMIT 1   [ RunTime:0.000149s ]
SQL: SELECT `id` FROM `sign` WHERE ( addtime = 1466524800 AND status = 0 AND uid = 1615 ) LIMIT 1   [ RunTime:0.000149s ]
SQL: SELECT `id` FROM `sign` WHERE ( addtime = 1466611200 AND status = 0 AND uid = 1615 ) LIMIT 1   [ RunTime:0.000150s ]
SQL: SELECT `id` FROM `sign` WHERE ( addtime = 1466697600 AND status = 0 AND uid = 1615 ) LIMIT 1   [ RunTime:0.000150s ]
SQL: SELECT `id` FROM `sign` WHERE ( addtime = 1466784000 AND status = 0 AND uid = 1615 ) LIMIT 1   [ RunTime:0.000183s ]
SQL: SELECT `id` FROM `sign` WHERE ( addtime = 1466870400 AND status = 0 AND uid = 1615 ) LIMIT 1   [ RunTime:0.000149s ]
SQL: SELECT `id` FROM `sign` WHERE ( addtime = 1466956800 AND status = 0 AND uid = 1615 ) LIMIT 1   [ RunTime:0.000150s ]
SQL: SELECT `id` FROM `sign` WHERE ( addtime = 1467043200 AND status = 0 AND uid = 1615 ) LIMIT 1   [ RunTime:0.000148s ]
INFO: Run Behavior\ParseTemplateBehavior [ RunTime:0.072691s ]
INFO: [ view_parse ] --END-- [ RunTime:0.072741s ]
INFO: [ view_filter ] --START--
INFO: Run Behavior\WriteHtmlCacheBehavior [ RunTime:0.003059s ]
INFO: [ view_filter ] --END-- [ RunTime:0.003098s ]
INFO: [ app_end ] --START--
INFO: Run Behavior\ShowPageTraceBehavior [ RunTime:0.001926s ]
INFO: [ app_end ] --END-- [ RunTime:0.001994s ]

[ 2016-06-28T10:34:46+08:00 ] 111.175.95.47 /jquery/5/512/demo/
INFO: [ app_init ] --START--
INFO: Run Behavior\BuildLiteBehavior [ RunTime:0.000014s ]
INFO: [ app_init ] --END-- [ RunTime:0.000307s ]
INFO: [ app_begin ] --START--
INFO: Run Behavior\ReadHtmlCacheBehavior [ RunTime:0.000488s ]
INFO: [ app_begin ] --END-- [ RunTime:0.000541s ]
INFO: [ view_parse ] --START--
NOTIC: [2] file_get_contents(./Application/Home/View/Member/right.html): failed to open stream: No such file or directory /data/www/jquery/5/512/demo/ThinkPHP/Library/Think/Template.class.php 第 696 行.
INFO: [ template_filter ] --START--
INFO: Run Behavior\ContentReplaceBehavior [ RunTime:0.000039s ]
INFO: [ template_filter ] --END-- [ RunTime:0.000084s ]
NOTIC: [8] Undefined variable: keywords /data/www/jquery/5/512/demo/Application/Runtime/Cache/Home/2a94b8bda04ff446dcedd42276fc99ee.php 第 6 行.
NOTIC: [8] Undefined variable: description /data/www/jquery/5/512/demo/Application/Runtime/Cache/Home/2a94b8bda04ff446dcedd42276fc99ee.php 第 7 行.
NOTIC: [8192] mysql_connect(): The mysql extension is deprecated and will be removed in the future: use mysqli or PDO instead /data/www/jquery/5/512/demo/ThinkPHP/Library/Think/Db/Driver/Mysql.class.php 第 52 行.
SQL: SHOW COLUMNS FROM `sign` [ RunTime:0.001166s ]
SQL: SELECT `id` FROM `sign` WHERE ( addtime = 1464710400 AND status = 0 AND uid = 1615 ) LIMIT 1   [ RunTime:0.000233s ]
SQL: SELECT `id` FROM `sign` WHERE ( addtime = 1464796800 AND status = 0 AND uid = 1615 ) LIMIT 1   [ RunTime:0.000162s ]
SQL: SELECT `id` FROM `sign` WHERE ( addtime = 1464883200 AND status = 0 AND uid = 1615 ) LIMIT 1   [ RunTime:0.000176s ]
SQL: SELECT `id` FROM `sign` WHERE ( addtime = 1464969600 AND status = 0 AND uid = 1615 ) LIMIT 1   [ RunTime:0.000159s ]
SQL: SELECT `id` FROM `sign` WHERE ( addtime = 1465056000 AND status = 0 AND uid = 1615 ) LIMIT 1   [ RunTime:0.000158s ]
SQL: SELECT `id` FROM `sign` WHERE ( addtime = 1465142400 AND status = 0 AND uid = 1615 ) LIMIT 1   [ RunTime:0.000157s ]
SQL: SELECT `id` FROM `sign` WHERE ( addtime = 1465228800 AND status = 0 AND uid = 1615 ) LIMIT 1   [ RunTime:0.000156s ]
SQL: SELECT `id` FROM `sign` WHERE ( addtime = 1465315200 AND status = 0 AND uid = 1615 ) LIMIT 1   [ RunTime:0.000156s ]
SQL: SELECT `id` FROM `sign` WHERE ( addtime = 1465401600 AND status = 0 AND uid = 1615 ) LIMIT 1   [ RunTime:0.000154s ]
SQL: SELECT `id` FROM `sign` WHERE ( addtime = 1465488000 AND status = 0 AND uid = 1615 ) LIMIT 1   [ RunTime:0.000185s ]
SQL: SELECT `id` FROM `sign` WHERE ( addtime = 1465574400 AND status = 0 AND uid = 1615 ) LIMIT 1   [ RunTime:0.000155s ]
SQL: SELECT `id` FROM `sign` WHERE ( addtime = 1465660800 AND status = 0 AND uid = 1615 ) LIMIT 1   [ RunTime:0.000153s ]
SQL: SELECT `id` FROM `sign` WHERE ( addtime = 1465747200 AND status = 0 AND uid = 1615 ) LIMIT 1   [ RunTime:0.000154s ]
SQL: SELECT `id` FROM `sign` WHERE ( addtime = 1465833600 AND status = 0 AND uid = 1615 ) LIMIT 1   [ RunTime:0.000153s ]
SQL: SELECT `id` FROM `sign` WHERE ( addtime = 1465920000 AND status = 0 AND uid = 1615 ) LIMIT 1   [ RunTime:0.000153s ]
SQL: SELECT `id` FROM `sign` WHERE ( addtime = 1466006400 AND status = 0 AND uid = 1615 ) LIMIT 1   [ RunTime:0.000153s ]
SQL: SELECT `id` FROM `sign` WHERE ( addtime = 1466092800 AND status = 0 AND uid = 1615 ) LIMIT 1   [ RunTime:0.000168s ]
SQL: SELECT `id` FROM `sign` WHERE ( addtime = 1466179200 AND status = 0 AND uid = 1615 ) LIMIT 1   [ RunTime:0.000153s ]
SQL: SELECT `id` FROM `sign` WHERE ( addtime = 1466265600 AND status = 0 AND uid = 1615 ) LIMIT 1   [ RunTime:0.000189s ]
SQL: SELECT `id` FROM `sign` WHERE ( addtime = 1466352000 AND status = 0 AND uid = 1615 ) LIMIT 1   [ RunTime:0.000153s ]
SQL: SELECT `id` FROM `sign` WHERE ( addtime = 1466438400 AND status = 0 AND uid = 1615 ) LIMIT 1   [ RunTime:0.000157s ]
SQL: SELECT `id` FROM `sign` WHERE ( addtime = 1466524800 AND status = 0 AND uid = 1615 ) LIMIT 1   [ RunTime:0.000152s ]
SQL: SELECT `id` FROM `sign` WHERE ( addtime = 1466611200 AND status = 0 AND uid = 1615 ) LIMIT 1   [ RunTime:0.000152s ]
SQL: SELECT `id` FROM `sign` WHERE ( addtime = 1466697600 AND status = 0 AND uid = 1615 ) LIMIT 1   [ RunTime:0.000195s ]
SQL: SELECT `id` FROM `sign` WHERE ( addtime = 1466784000 AND status = 0 AND uid = 1615 ) LIMIT 1   [ RunTime:0.000152s ]
SQL: SELECT `id` FROM `sign` WHERE ( addtime = 1466870400 AND status = 0 AND uid = 1615 ) LIMIT 1   [ RunTime:0.000152s ]
SQL: SELECT `id` FROM `sign` WHERE ( addtime = 1466956800 AND status = 0 AND uid = 1615 ) LIMIT 1   [ RunTime:0.000151s ]
SQL: SELECT `id` FROM `sign` WHERE ( addtime = 1467043200 AND status = 0 AND uid = 1615 ) LIMIT 1   [ RunTime:0.000181s ]
INFO: Run Behavior\ParseTemplateBehavior [ RunTime:0.026134s ]
INFO: [ view_parse ] --END-- [ RunTime:0.026178s ]
INFO: [ view_filter ] --START--
INFO: Run Behavior\WriteHtmlCacheBehavior [ RunTime:0.000195s ]
INFO: [ view_filter ] --END-- [ RunTime:0.000232s ]
INFO: [ app_end ] --START--
INFO: Run Behavior\ShowPageTraceBehavior [ RunTime:0.000466s ]
INFO: [ app_end ] --END-- [ RunTime:0.000513s ]

[ 2016-06-28T10:35:36+08:00 ] 111.175.95.47 /jquery/5/512/demo/
INFO: [ app_init ] --START--
INFO: Run Behavior\BuildLiteBehavior [ RunTime:0.000014s ]
INFO: [ app_init ] --END-- [ RunTime:0.000268s ]
INFO: [ app_begin ] --START--
INFO: Run Behavior\ReadHtmlCacheBehavior [ RunTime:0.000363s ]
INFO: [ app_begin ] --END-- [ RunTime:0.000404s ]
INFO: [ view_parse ] --START--
NOTIC: [2] file_get_contents(./Application/Home/View/Member/right.html): failed to open stream: No such file or directory /data/www/jquery/5/512/demo/ThinkPHP/Library/Think/Template.class.php 第 696 行.
INFO: [ template_filter ] --START--
INFO: Run Behavior\ContentReplaceBehavior [ RunTime:0.000038s ]
INFO: [ template_filter ] --END-- [ RunTime:0.000081s ]
NOTIC: [8] Undefined variable: keywords /data/www/jquery/5/512/demo/Application/Runtime/Cache/Home/2a94b8bda04ff446dcedd42276fc99ee.php 第 6 行.
NOTIC: [8] Undefined variable: description /data/www/jquery/5/512/demo/Application/Runtime/Cache/Home/2a94b8bda04ff446dcedd42276fc99ee.php 第 7 行.
NOTIC: [8192] mysql_connect(): The mysql extension is deprecated and will be removed in the future: use mysqli or PDO instead /data/www/jquery/5/512/demo/ThinkPHP/Library/Think/Db/Driver/Mysql.class.php 第 52 行.
SQL: SHOW COLUMNS FROM `sign` [ RunTime:0.001089s ]
SQL: SELECT `id` FROM `sign` WHERE ( addtime = 1464710400 AND status = 0 AND uid = 1615 ) LIMIT 1   [ RunTime:0.000234s ]
SQL: SELECT `id` FROM `sign` WHERE ( addtime = 1464796800 AND status = 0 AND uid = 1615 ) LIMIT 1   [ RunTime:0.000198s ]
SQL: SELECT `id` FROM `sign` WHERE ( addtime = 1464883200 AND status = 0 AND uid = 1615 ) LIMIT 1   [ RunTime:0.000158s ]
SQL: SELECT `id` FROM `sign` WHERE ( addtime = 1464969600 AND status = 0 AND uid = 1615 ) LIMIT 1   [ RunTime:0.000207s ]
SQL: SELECT `id` FROM `sign` WHERE ( addtime = 1465056000 AND status = 0 AND uid = 1615 ) LIMIT 1   [ RunTime:0.000186s ]
SQL: SELECT `id` FROM `sign` WHERE ( addtime = 1465142400 AND status = 0 AND uid = 1615 ) LIMIT 1   [ RunTime:0.000165s ]
SQL: SELECT `id` FROM `sign` WHERE ( addtime = 1465228800 AND status = 0 AND uid = 1615 ) LIMIT 1   [ RunTime:0.000172s ]
SQL: SELECT `id` FROM `sign` WHERE ( addtime = 1465315200 AND status = 0 AND uid = 1615 ) LIMIT 1   [ RunTime:0.000185s ]
SQL: SELECT `id` FROM `sign` WHERE ( addtime = 1465401600 AND status = 0 AND uid = 1615 ) LIMIT 1   [ RunTime:0.000155s ]
SQL: SELECT `id` FROM `sign` WHERE ( addtime = 1465488000 AND status = 0 AND uid = 1615 ) LIMIT 1   [ RunTime:0.000157s ]
SQL: SELECT `id` FROM `sign` WHERE ( addtime = 1465574400 AND status = 0 AND uid = 1615 ) LIMIT 1   [ RunTime:0.000155s ]
SQL: SELECT `id` FROM `sign` WHERE ( addtime = 1465660800 AND status = 0 AND uid = 1615 ) LIMIT 1   [ RunTime:0.000158s ]
SQL: SELECT `id` FROM `sign` WHERE ( addtime = 1465747200 AND status = 0 AND uid = 1615 ) LIMIT 1   [ RunTime:0.000152s ]
SQL: SELECT `id` FROM `sign` WHERE ( addtime = 1465833600 AND status = 0 AND uid = 1615 ) LIMIT 1   [ RunTime:0.000164s ]
SQL: SELECT `id` FROM `sign` WHERE ( addtime = 1465920000 AND status = 0 AND uid = 1615 ) LIMIT 1   [ RunTime:0.000190s ]
SQL: SELECT `id` FROM `sign` WHERE ( addtime = 1466006400 AND status = 0 AND uid = 1615 ) LIMIT 1   [ RunTime:0.000156s ]
SQL: SELECT `id` FROM `sign` WHERE ( addtime = 1466092800 AND status = 0 AND uid = 1615 ) LIMIT 1   [ RunTime:0.000168s ]
SQL: SELECT `id` FROM `sign` WHERE ( addtime = 1466179200 AND status = 0 AND uid = 1615 ) LIMIT 1   [ RunTime:0.000188s ]
SQL: SELECT `id` FROM `sign` WHERE ( addtime = 1466265600 AND status = 0 AND uid = 1615 ) LIMIT 1   [ RunTime:0.000158s ]
SQL: SELECT `id` FROM `sign` WHERE ( addtime = 1466352000 AND status = 0 AND uid = 1615 ) LIMIT 1   [ RunTime:0.000153s ]
SQL: SELECT `id` FROM `sign` WHERE ( addtime = 1466438400 AND status = 0 AND uid = 1615 ) LIMIT 1   [ RunTime:0.000155s ]
SQL: SELECT `id` FROM `sign` WHERE ( addtime = 1466524800 AND status = 0 AND uid = 1615 ) LIMIT 1   [ RunTime:0.000159s ]
SQL: SELECT `id` FROM `sign` WHERE ( addtime = 1466611200 AND status = 0 AND uid = 1615 ) LIMIT 1   [ RunTime:0.000157s ]
SQL: SELECT `id` FROM `sign` WHERE ( addtime = 1466697600 AND status = 0 AND uid = 1615 ) LIMIT 1   [ RunTime:0.000155s ]
SQL: SELECT `id` FROM `sign` WHERE ( addtime = 1466784000 AND status = 0 AND uid = 1615 ) LIMIT 1   [ RunTime:0.000197s ]
SQL: SELECT `id` FROM `sign` WHERE ( addtime = 1466870400 AND status = 0 AND uid = 1615 ) LIMIT 1   [ RunTime:0.000152s ]
SQL: SELECT `id` FROM `sign` WHERE ( addtime = 1466956800 AND status = 0 AND uid = 1615 ) LIMIT 1   [ RunTime:0.000181s ]
SQL: SELECT `id` FROM `sign` WHERE ( addtime = 1467043200 AND status = 0 AND uid = 1615 ) LIMIT 1   [ RunTime:0.000187s ]
INFO: Run Behavior\ParseTemplateBehavior [ RunTime:0.023546s ]
INFO: [ view_parse ] --END-- [ RunTime:0.023590s ]
INFO: [ view_filter ] --START--
INFO: Run Behavior\WriteHtmlCacheBehavior [ RunTime:0.000174s ]
INFO: [ view_filter ] --END-- [ RunTime:0.000214s ]
INFO: [ app_end ] --START--
INFO: Run Behavior\ShowPageTraceBehavior [ RunTime:0.000437s ]
INFO: [ app_end ] --END-- [ RunTime:0.000481s ]

