[ 2016-08-23T10:25:08+08:00 ] 110.75.145.1 /jquery/5/512/demo/
INFO: [ app_init ] --START--
INFO: Run Behavior\BuildLiteBehavior [ RunTime:0.000038s ]
INFO: [ app_init ] --END-- [ RunTime:0.005892s ]
INFO: [ app_begin ] --START--
INFO: Run Behavior\ReadHtmlCacheBehavior [ RunTime:0.001323s ]
INFO: [ app_begin ] --END-- [ RunTime:0.001380s ]
INFO: [ view_parse ] --START--
NOTIC: [2] file_get_contents(./Application/Home/View/Member/right.html): failed to open stream: No such file or directory /data/www/jquery/5/512/demo/ThinkPHP/Library/Think/Template.class.php 第 696 行.
INFO: [ template_filter ] --START--
INFO: Run Behavior\ContentReplaceBehavior [ RunTime:0.000073s ]
INFO: [ template_filter ] --END-- [ RunTime:0.000163s ]
NOTIC: [8] Undefined variable: keywords /data/www/jquery/5/512/demo/Application/Runtime/Cache/Home/2a94b8bda04ff446dcedd42276fc99ee.php 第 6 行.
NOTIC: [8] Undefined variable: description /data/www/jquery/5/512/demo/Application/Runtime/Cache/Home/2a94b8bda04ff446dcedd42276fc99ee.php 第 7 行.
NOTIC: [8192] mysql_connect(): The mysql extension is deprecated and will be removed in the future: use mysqli or PDO instead /data/www/jquery/5/512/demo/ThinkPHP/Library/Think/Db/Driver/Mysql.class.php 第 52 行.
SQL: SHOW COLUMNS FROM `sign` [ RunTime:0.013290s ]
SQL: SELECT `id` FROM `sign` WHERE ( addtime = 1469980800 AND status = 0 AND uid =  ) LIMIT 1   [ RunTime:0.000157s ]
ERR: 1064:You have an error in your SQL syntax; check the manual that corresponds to your MySQL server version for the right syntax to use near ') LIMIT 1' at line 1
 [ SQL语句 ] : SELECT `id` FROM `sign` WHERE ( addtime = 1469980800 AND status = 0 AND uid =  ) LIMIT 1  
SQL: SELECT `id` FROM `sign` WHERE ( addtime = 1470067200 AND status = 0 AND uid =  ) LIMIT 1   [ RunTime:0.000105s ]
ERR: 1064:You have an error in your SQL syntax; check the manual that corresponds to your MySQL server version for the right syntax to use near ') LIMIT 1' at line 1
 [ SQL语句 ] : SELECT `id` FROM `sign` WHERE ( addtime = 1470067200 AND status = 0 AND uid =  ) LIMIT 1  
SQL: SELECT `id` FROM `sign` WHERE ( addtime = 1470153600 AND status = 0 AND uid =  ) LIMIT 1   [ RunTime:0.000084s ]
ERR: 1064:You have an error in your SQL syntax; check the manual that corresponds to your MySQL server version for the right syntax to use near ') LIMIT 1' at line 1
 [ SQL语句 ] : SELECT `id` FROM `sign` WHERE ( addtime = 1470153600 AND status = 0 AND uid =  ) LIMIT 1  
SQL: SELECT `id` FROM `sign` WHERE ( addtime = 1470240000 AND status = 0 AND uid =  ) LIMIT 1   [ RunTime:0.000080s ]
ERR: 1064:You have an error in your SQL syntax; check the manual that corresponds to your MySQL server version for the right syntax to use near ') LIMIT 1' at line 1
 [ SQL语句 ] : SELECT `id` FROM `sign` WHERE ( addtime = 1470240000 AND status = 0 AND uid =  ) LIMIT 1  
SQL: SELECT `id` FROM `sign` WHERE ( addtime = 1470326400 AND status = 0 AND uid =  ) LIMIT 1   [ RunTime:0.000110s ]
ERR: 1064:You have an error in your SQL syntax; check the manual that corresponds to your MySQL server version for the right syntax to use near ') LIMIT 1' at line 1
 [ SQL语句 ] : SELECT `id` FROM `sign` WHERE ( addtime = 1470326400 AND status = 0 AND uid =  ) LIMIT 1  
SQL: SELECT `id` FROM `sign` WHERE ( addtime = 1470412800 AND status = 0 AND uid =  ) LIMIT 1   [ RunTime:0.000079s ]
ERR: 1064:You have an error in your SQL syntax; check the manual that corresponds to your MySQL server version for the right syntax to use near ') LIMIT 1' at line 1
 [ SQL语句 ] : SELECT `id` FROM `sign` WHERE ( addtime = 1470412800 AND status = 0 AND uid =  ) LIMIT 1  
SQL: SELECT `id` FROM `sign` WHERE ( addtime = 1470499200 AND status = 0 AND uid =  ) LIMIT 1   [ RunTime:0.000079s ]
ERR: 1064:You have an error in your SQL syntax; check the manual that corresponds to your MySQL server version for the right syntax to use near ') LIMIT 1' at line 1
 [ SQL语句 ] : SELECT `id` FROM `sign` WHERE ( addtime = 1470499200 AND status = 0 AND uid =  ) LIMIT 1  
SQL: SELECT `id` FROM `sign` WHERE ( addtime = 1470585600 AND status = 0 AND uid =  ) LIMIT 1   [ RunTime:0.000079s ]
ERR: 1064:You have an error in your SQL syntax; check the manual that corresponds to your MySQL server version for the right syntax to use near ') LIMIT 1' at line 1
 [ SQL语句 ] : SELECT `id` FROM `sign` WHERE ( addtime = 1470585600 AND status = 0 AND uid =  ) LIMIT 1  
SQL: SELECT `id` FROM `sign` WHERE ( addtime = 1470672000 AND status = 0 AND uid =  ) LIMIT 1   [ RunTime:0.000079s ]
ERR: 1064:You have an error in your SQL syntax; check the manual that corresponds to your MySQL server version for the right syntax to use near ') LIMIT 1' at line 1
 [ SQL语句 ] : SELECT `id` FROM `sign` WHERE ( addtime = 1470672000 AND status = 0 AND uid =  ) LIMIT 1  
SQL: SELECT `id` FROM `sign` WHERE ( addtime = 1470758400 AND status = 0 AND uid =  ) LIMIT 1   [ RunTime:0.000080s ]
ERR: 1064:You have an error in your SQL syntax; check the manual that corresponds to your MySQL server version for the right syntax to use near ') LIMIT 1' at line 1
 [ SQL语句 ] : SELECT `id` FROM `sign` WHERE ( addtime = 1470758400 AND status = 0 AND uid =  ) LIMIT 1  
SQL: SELECT `id` FROM `sign` WHERE ( addtime = 1470844800 AND status = 0 AND uid =  ) LIMIT 1   [ RunTime:0.000079s ]
ERR: 1064:You have an error in your SQL syntax; check the manual that corresponds to your MySQL server version for the right syntax to use near ') LIMIT 1' at line 1
 [ SQL语句 ] : SELECT `id` FROM `sign` WHERE ( addtime = 1470844800 AND status = 0 AND uid =  ) LIMIT 1  
SQL: SELECT `id` FROM `sign` WHERE ( addtime = 1470931200 AND status = 0 AND uid =  ) LIMIT 1   [ RunTime:0.000078s ]
ERR: 1064:You have an error in your SQL syntax; check the manual that corresponds to your MySQL server version for the right syntax to use near ') LIMIT 1' at line 1
 [ SQL语句 ] : SELECT `id` FROM `sign` WHERE ( addtime = 1470931200 AND status = 0 AND uid =  ) LIMIT 1  
SQL: SELECT `id` FROM `sign` WHERE ( addtime = 1471017600 AND status = 0 AND uid =  ) LIMIT 1   [ RunTime:0.000077s ]
ERR: 1064:You have an error in your SQL syntax; check the manual that corresponds to your MySQL server version for the right syntax to use near ') LIMIT 1' at line 1
 [ SQL语句 ] : SELECT `id` FROM `sign` WHERE ( addtime = 1471017600 AND status = 0 AND uid =  ) LIMIT 1  
SQL: SELECT `id` FROM `sign` WHERE ( addtime = 1471104000 AND status = 0 AND uid =  ) LIMIT 1   [ RunTime:0.000077s ]
ERR: 1064:You have an error in your SQL syntax; check the manual that corresponds to your MySQL server version for the right syntax to use near ') LIMIT 1' at line 1
 [ SQL语句 ] : SELECT `id` FROM `sign` WHERE ( addtime = 1471104000 AND status = 0 AND uid =  ) LIMIT 1  
SQL: SELECT `id` FROM `sign` WHERE ( addtime = 1471190400 AND status = 0 AND uid =  ) LIMIT 1   [ RunTime:0.000080s ]
ERR: 1064:You have an error in your SQL syntax; check the manual that corresponds to your MySQL server version for the right syntax to use near ') LIMIT 1' at line 1
 [ SQL语句 ] : SELECT `id` FROM `sign` WHERE ( addtime = 1471190400 AND status = 0 AND uid =  ) LIMIT 1  
SQL: SELECT `id` FROM `sign` WHERE ( addtime = 1471276800 AND status = 0 AND uid =  ) LIMIT 1   [ RunTime:0.000076s ]
ERR: 1064:You have an error in your SQL syntax; check the manual that corresponds to your MySQL server version for the right syntax to use near ') LIMIT 1' at line 1
 [ SQL语句 ] : SELECT `id` FROM `sign` WHERE ( addtime = 1471276800 AND status = 0 AND uid =  ) LIMIT 1  
SQL: SELECT `id` FROM `sign` WHERE ( addtime = 1471363200 AND status = 0 AND uid =  ) LIMIT 1   [ RunTime:0.000076s ]
ERR: 1064:You have an error in your SQL syntax; check the manual that corresponds to your MySQL server version for the right syntax to use near ') LIMIT 1' at line 1
 [ SQL语句 ] : SELECT `id` FROM `sign` WHERE ( addtime = 1471363200 AND status = 0 AND uid =  ) LIMIT 1  
SQL: SELECT `id` FROM `sign` WHERE ( addtime = 1471449600 AND status = 0 AND uid =  ) LIMIT 1   [ RunTime:0.000076s ]
ERR: 1064:You have an error in your SQL syntax; check the manual that corresponds to your MySQL server version for the right syntax to use near ') LIMIT 1' at line 1
 [ SQL语句 ] : SELECT `id` FROM `sign` WHERE ( addtime = 1471449600 AND status = 0 AND uid =  ) LIMIT 1  
SQL: SELECT `id` FROM `sign` WHERE ( addtime = 1471536000 AND status = 0 AND uid =  ) LIMIT 1   [ RunTime:0.000077s ]
ERR: 1064:You have an error in your SQL syntax; check the manual that corresponds to your MySQL server version for the right syntax to use near ') LIMIT 1' at line 1
 [ SQL语句 ] : SELECT `id` FROM `sign` WHERE ( addtime = 1471536000 AND status = 0 AND uid =  ) LIMIT 1  
SQL: SELECT `id` FROM `sign` WHERE ( addtime = 1471622400 AND status = 0 AND uid =  ) LIMIT 1   [ RunTime:0.000076s ]
ERR: 1064:You have an error in your SQL syntax; check the manual that corresponds to your MySQL server version for the right syntax to use near ') LIMIT 1' at line 1
 [ SQL语句 ] : SELECT `id` FROM `sign` WHERE ( addtime = 1471622400 AND status = 0 AND uid =  ) LIMIT 1  
SQL: SELECT `id` FROM `sign` WHERE ( addtime = 1471708800 AND status = 0 AND uid =  ) LIMIT 1   [ RunTime:0.000074s ]
ERR: 1064:You have an error in your SQL syntax; check the manual that corresponds to your MySQL server version for the right syntax to use near ') LIMIT 1' at line 1
 [ SQL语句 ] : SELECT `id` FROM `sign` WHERE ( addtime = 1471708800 AND status = 0 AND uid =  ) LIMIT 1  
SQL: SELECT `id` FROM `sign` WHERE ( addtime = 1471795200 AND status = 0 AND uid =  ) LIMIT 1   [ RunTime:0.000077s ]
ERR: 1064:You have an error in your SQL syntax; check the manual that corresponds to your MySQL server version for the right syntax to use near ') LIMIT 1' at line 1
 [ SQL语句 ] : SELECT `id` FROM `sign` WHERE ( addtime = 1471795200 AND status = 0 AND uid =  ) LIMIT 1  
SQL: SELECT `id` FROM `sign` WHERE ( addtime = 1471881600 AND status = 0 AND uid =  ) LIMIT 1   [ RunTime:0.000075s ]
ERR: 1064:You have an error in your SQL syntax; check the manual that corresponds to your MySQL server version for the right syntax to use near ') LIMIT 1' at line 1
 [ SQL语句 ] : SELECT `id` FROM `sign` WHERE ( addtime = 1471881600 AND status = 0 AND uid =  ) LIMIT 1  
INFO: Run Behavior\ParseTemplateBehavior [ RunTime:0.075340s ]
INFO: [ view_parse ] --END-- [ RunTime:0.075865s ]
INFO: [ view_filter ] --START--
INFO: Run Behavior\WriteHtmlCacheBehavior [ RunTime:0.001471s ]
INFO: [ view_filter ] --END-- [ RunTime:0.001511s ]
INFO: [ app_end ] --START--
INFO: Run Behavior\ShowPageTraceBehavior [ RunTime:0.001675s ]
INFO: [ app_end ] --END-- [ RunTime:0.001731s ]

[ 2016-08-23T13:45:57+08:00 ] 121.15.143.33 /jquery/5/512/demo/
INFO: [ app_init ] --START--
INFO: Run Behavior\BuildLiteBehavior [ RunTime:0.000014s ]
INFO: [ app_init ] --END-- [ RunTime:0.000280s ]
INFO: [ app_begin ] --START--
INFO: Run Behavior\ReadHtmlCacheBehavior [ RunTime:0.000355s ]
INFO: [ app_begin ] --END-- [ RunTime:0.000414s ]
INFO: [ view_parse ] --START--
NOTIC: [2] file_get_contents(./Application/Home/View/Member/right.html): failed to open stream: No such file or directory /data/www/jquery/5/512/demo/ThinkPHP/Library/Think/Template.class.php 第 696 行.
INFO: [ template_filter ] --START--
INFO: Run Behavior\ContentReplaceBehavior [ RunTime:0.000043s ]
INFO: [ template_filter ] --END-- [ RunTime:0.000097s ]
NOTIC: [8] Undefined variable: keywords /data/www/jquery/5/512/demo/Application/Runtime/Cache/Home/2a94b8bda04ff446dcedd42276fc99ee.php 第 6 行.
NOTIC: [8] Undefined variable: description /data/www/jquery/5/512/demo/Application/Runtime/Cache/Home/2a94b8bda04ff446dcedd42276fc99ee.php 第 7 行.
NOTIC: [8192] mysql_connect(): The mysql extension is deprecated and will be removed in the future: use mysqli or PDO instead /data/www/jquery/5/512/demo/ThinkPHP/Library/Think/Db/Driver/Mysql.class.php 第 52 行.
SQL: SHOW COLUMNS FROM `sign` [ RunTime:0.001755s ]
SQL: SELECT `id` FROM `sign` WHERE ( addtime = 1469980800 AND status = 0 AND uid =  ) LIMIT 1   [ RunTime:0.000160s ]
ERR: 1064:You have an error in your SQL syntax; check the manual that corresponds to your MySQL server version for the right syntax to use near ') LIMIT 1' at line 1
 [ SQL语句 ] : SELECT `id` FROM `sign` WHERE ( addtime = 1469980800 AND status = 0 AND uid =  ) LIMIT 1  
SQL: SELECT `id` FROM `sign` WHERE ( addtime = 1470067200 AND status = 0 AND uid =  ) LIMIT 1   [ RunTime:0.000109s ]
ERR: 1064:You have an error in your SQL syntax; check the manual that corresponds to your MySQL server version for the right syntax to use near ') LIMIT 1' at line 1
 [ SQL语句 ] : SELECT `id` FROM `sign` WHERE ( addtime = 1470067200 AND status = 0 AND uid =  ) LIMIT 1  
SQL: SELECT `id` FROM `sign` WHERE ( addtime = 1470153600 AND status = 0 AND uid =  ) LIMIT 1   [ RunTime:0.000103s ]
ERR: 1064:You have an error in your SQL syntax; check the manual that corresponds to your MySQL server version for the right syntax to use near ') LIMIT 1' at line 1
 [ SQL语句 ] : SELECT `id` FROM `sign` WHERE ( addtime = 1470153600 AND status = 0 AND uid =  ) LIMIT 1  
SQL: SELECT `id` FROM `sign` WHERE ( addtime = 1470240000 AND status = 0 AND uid =  ) LIMIT 1   [ RunTime:0.000110s ]
ERR: 1064:You have an error in your SQL syntax; check the manual that corresponds to your MySQL server version for the right syntax to use near ') LIMIT 1' at line 1
 [ SQL语句 ] : SELECT `id` FROM `sign` WHERE ( addtime = 1470240000 AND status = 0 AND uid =  ) LIMIT 1  
SQL: SELECT `id` FROM `sign` WHERE ( addtime = 1470326400 AND status = 0 AND uid =  ) LIMIT 1   [ RunTime:0.000109s ]
ERR: 1064:You have an error in your SQL syntax; check the manual that corresponds to your MySQL server version for the right syntax to use near ') LIMIT 1' at line 1
 [ SQL语句 ] : SELECT `id` FROM `sign` WHERE ( addtime = 1470326400 AND status = 0 AND uid =  ) LIMIT 1  
SQL: SELECT `id` FROM `sign` WHERE ( addtime = 1470412800 AND status = 0 AND uid =  ) LIMIT 1   [ RunTime:0.000107s ]
ERR: 1064:You have an error in your SQL syntax; check the manual that corresponds to your MySQL server version for the right syntax to use near ') LIMIT 1' at line 1
 [ SQL语句 ] : SELECT `id` FROM `sign` WHERE ( addtime = 1470412800 AND status = 0 AND uid =  ) LIMIT 1  
SQL: SELECT `id` FROM `sign` WHERE ( addtime = 1470499200 AND status = 0 AND uid =  ) LIMIT 1   [ RunTime:0.000109s ]
ERR: 1064:You have an error in your SQL syntax; check the manual that corresponds to your MySQL server version for the right syntax to use near ') LIMIT 1' at line 1
 [ SQL语句 ] : SELECT `id` FROM `sign` WHERE ( addtime = 1470499200 AND status = 0 AND uid =  ) LIMIT 1  
SQL: SELECT `id` FROM `sign` WHERE ( addtime = 1470585600 AND status = 0 AND uid =  ) LIMIT 1   [ RunTime:0.000107s ]
ERR: 1064:You have an error in your SQL syntax; check the manual that corresponds to your MySQL server version for the right syntax to use near ') LIMIT 1' at line 1
 [ SQL语句 ] : SELECT `id` FROM `sign` WHERE ( addtime = 1470585600 AND status = 0 AND uid =  ) LIMIT 1  
SQL: SELECT `id` FROM `sign` WHERE ( addtime = 1470672000 AND status = 0 AND uid =  ) LIMIT 1   [ RunTime:0.000104s ]
ERR: 1064:You have an error in your SQL syntax; check the manual that corresponds to your MySQL server version for the right syntax to use near ') LIMIT 1' at line 1
 [ SQL语句 ] : SELECT `id` FROM `sign` WHERE ( addtime = 1470672000 AND status = 0 AND uid =  ) LIMIT 1  
SQL: SELECT `id` FROM `sign` WHERE ( addtime = 1470758400 AND status = 0 AND uid =  ) LIMIT 1   [ RunTime:0.000108s ]
ERR: 1064:You have an error in your SQL syntax; check the manual that corresponds to your MySQL server version for the right syntax to use near ') LIMIT 1' at line 1
 [ SQL语句 ] : SELECT `id` FROM `sign` WHERE ( addtime = 1470758400 AND status = 0 AND uid =  ) LIMIT 1  
SQL: SELECT `id` FROM `sign` WHERE ( addtime = 1470844800 AND status = 0 AND uid =  ) LIMIT 1   [ RunTime:0.000109s ]
ERR: 1064:You have an error in your SQL syntax; check the manual that corresponds to your MySQL server version for the right syntax to use near ') LIMIT 1' at line 1
 [ SQL语句 ] : SELECT `id` FROM `sign` WHERE ( addtime = 1470844800 AND status = 0 AND uid =  ) LIMIT 1  
SQL: SELECT `id` FROM `sign` WHERE ( addtime = 1470931200 AND status = 0 AND uid =  ) LIMIT 1   [ RunTime:0.000083s ]
ERR: 1064:You have an error in your SQL syntax; check the manual that corresponds to your MySQL server version for the right syntax to use near ') LIMIT 1' at line 1
 [ SQL语句 ] : SELECT `id` FROM `sign` WHERE ( addtime = 1470931200 AND status = 0 AND uid =  ) LIMIT 1  
SQL: SELECT `id` FROM `sign` WHERE ( addtime = 1471017600 AND status = 0 AND uid =  ) LIMIT 1   [ RunTime:0.000081s ]
ERR: 1064:You have an error in your SQL syntax; check the manual that corresponds to your MySQL server version for the right syntax to use near ') LIMIT 1' at line 1
 [ SQL语句 ] : SELECT `id` FROM `sign` WHERE ( addtime = 1471017600 AND status = 0 AND uid =  ) LIMIT 1  
SQL: SELECT `id` FROM `sign` WHERE ( addtime = 1471104000 AND status = 0 AND uid =  ) LIMIT 1   [ RunTime:0.000081s ]
ERR: 1064:You have an error in your SQL syntax; check the manual that corresponds to your MySQL server version for the right syntax to use near ') LIMIT 1' at line 1
 [ SQL语句 ] : SELECT `id` FROM `sign` WHERE ( addtime = 1471104000 AND status = 0 AND uid =  ) LIMIT 1  
SQL: SELECT `id` FROM `sign` WHERE ( addtime = 1471190400 AND status = 0 AND uid =  ) LIMIT 1   [ RunTime:0.000081s ]
ERR: 1064:You have an error in your SQL syntax; check the manual that corresponds to your MySQL server version for the right syntax to use near ') LIMIT 1' at line 1
 [ SQL语句 ] : SELECT `id` FROM `sign` WHERE ( addtime = 1471190400 AND status = 0 AND uid =  ) LIMIT 1  
SQL: SELECT `id` FROM `sign` WHERE ( addtime = 1471276800 AND status = 0 AND uid =  ) LIMIT 1   [ RunTime:0.000106s ]
ERR: 1064:You have an error in your SQL syntax; check the manual that corresponds to your MySQL server version for the right syntax to use near ') LIMIT 1' at line 1
 [ SQL语句 ] : SELECT `id` FROM `sign` WHERE ( addtime = 1471276800 AND status = 0 AND uid =  ) LIMIT 1  
SQL: SELECT `id` FROM `sign` WHERE ( addtime = 1471363200 AND status = 0 AND uid =  ) LIMIT 1   [ RunTime:0.000082s ]
ERR: 1064:You have an error in your SQL syntax; check the manual that corresponds to your MySQL server version for the right syntax to use near ') LIMIT 1' at line 1
 [ SQL语句 ] : SELECT `id` FROM `sign` WHERE ( addtime = 1471363200 AND status = 0 AND uid =  ) LIMIT 1  
SQL: SELECT `id` FROM `sign` WHERE ( addtime = 1471449600 AND status = 0 AND uid =  ) LIMIT 1   [ RunTime:0.000078s ]
ERR: 1064:You have an error in your SQL syntax; check the manual that corresponds to your MySQL server version for the right syntax to use near ') LIMIT 1' at line 1
 [ SQL语句 ] : SELECT `id` FROM `sign` WHERE ( addtime = 1471449600 AND status = 0 AND uid =  ) LIMIT 1  
SQL: SELECT `id` FROM `sign` WHERE ( addtime = 1471536000 AND status = 0 AND uid =  ) LIMIT 1   [ RunTime:0.000078s ]
ERR: 1064:You have an error in your SQL syntax; check the manual that corresponds to your MySQL server version for the right syntax to use near ') LIMIT 1' at line 1
 [ SQL语句 ] : SELECT `id` FROM `sign` WHERE ( addtime = 1471536000 AND status = 0 AND uid =  ) LIMIT 1  
SQL: SELECT `id` FROM `sign` WHERE ( addtime = 1471622400 AND status = 0 AND uid =  ) LIMIT 1   [ RunTime:0.000080s ]
ERR: 1064:You have an error in your SQL syntax; check the manual that corresponds to your MySQL server version for the right syntax to use near ') LIMIT 1' at line 1
 [ SQL语句 ] : SELECT `id` FROM `sign` WHERE ( addtime = 1471622400 AND status = 0 AND uid =  ) LIMIT 1  
SQL: SELECT `id` FROM `sign` WHERE ( addtime = 1471708800 AND status = 0 AND uid =  ) LIMIT 1   [ RunTime:0.000118s ]
ERR: 1064:You have an error in your SQL syntax; check the manual that corresponds to your MySQL server version for the right syntax to use near ') LIMIT 1' at line 1
 [ SQL语句 ] : SELECT `id` FROM `sign` WHERE ( addtime = 1471708800 AND status = 0 AND uid =  ) LIMIT 1  
SQL: SELECT `id` FROM `sign` WHERE ( addtime = 1471795200 AND status = 0 AND uid =  ) LIMIT 1   [ RunTime:0.000078s ]
ERR: 1064:You have an error in your SQL syntax; check the manual that corresponds to your MySQL server version for the right syntax to use near ') LIMIT 1' at line 1
 [ SQL语句 ] : SELECT `id` FROM `sign` WHERE ( addtime = 1471795200 AND status = 0 AND uid =  ) LIMIT 1  
SQL: SELECT `id` FROM `sign` WHERE ( addtime = 1471881600 AND status = 0 AND uid =  ) LIMIT 1   [ RunTime:0.000078s ]
ERR: 1064:You have an error in your SQL syntax; check the manual that corresponds to your MySQL server version for the right syntax to use near ') LIMIT 1' at line 1
 [ SQL语句 ] : SELECT `id` FROM `sign` WHERE ( addtime = 1471881600 AND status = 0 AND uid =  ) LIMIT 1  
INFO: Run Behavior\ParseTemplateBehavior [ RunTime:0.024656s ]
INFO: [ view_parse ] --END-- [ RunTime:0.024698s ]
INFO: [ view_filter ] --START--
INFO: Run Behavior\WriteHtmlCacheBehavior [ RunTime:0.000234s ]
INFO: [ view_filter ] --END-- [ RunTime:0.000274s ]
INFO: [ app_end ] --START--
INFO: Run Behavior\ShowPageTraceBehavior [ RunTime:0.000435s ]
INFO: [ app_end ] --END-- [ RunTime:0.000478s ]

[ 2016-08-23T14:42:11+08:00 ] 183.93.2.58 /jquery/5/512/demo/
INFO: [ app_init ] --START--
INFO: Run Behavior\BuildLiteBehavior [ RunTime:0.000015s ]
INFO: [ app_init ] --END-- [ RunTime:0.000288s ]
INFO: [ app_begin ] --START--
INFO: Run Behavior\ReadHtmlCacheBehavior [ RunTime:0.000397s ]
INFO: [ app_begin ] --END-- [ RunTime:0.000438s ]
INFO: [ view_parse ] --START--
NOTIC: [2] file_get_contents(./Application/Home/View/Member/right.html): failed to open stream: No such file or directory /data/www/jquery/5/512/demo/ThinkPHP/Library/Think/Template.class.php 第 696 行.
INFO: [ template_filter ] --START--
INFO: Run Behavior\ContentReplaceBehavior [ RunTime:0.000049s ]
INFO: [ template_filter ] --END-- [ RunTime:0.000101s ]
NOTIC: [8] Undefined variable: keywords /data/www/jquery/5/512/demo/Application/Runtime/Cache/Home/2a94b8bda04ff446dcedd42276fc99ee.php 第 6 行.
NOTIC: [8] Undefined variable: description /data/www/jquery/5/512/demo/Application/Runtime/Cache/Home/2a94b8bda04ff446dcedd42276fc99ee.php 第 7 行.
NOTIC: [8192] mysql_connect(): The mysql extension is deprecated and will be removed in the future: use mysqli or PDO instead /data/www/jquery/5/512/demo/ThinkPHP/Library/Think/Db/Driver/Mysql.class.php 第 52 行.
SQL: SHOW COLUMNS FROM `sign` [ RunTime:0.001413s ]
SQL: SELECT `id` FROM `sign` WHERE ( addtime = 1469980800 AND status = 0 AND uid =  ) LIMIT 1   [ RunTime:0.000128s ]
ERR: 1064:You have an error in your SQL syntax; check the manual that corresponds to your MySQL server version for the right syntax to use near ') LIMIT 1' at line 1
 [ SQL语句 ] : SELECT `id` FROM `sign` WHERE ( addtime = 1469980800 AND status = 0 AND uid =  ) LIMIT 1  
SQL: SELECT `id` FROM `sign` WHERE ( addtime = 1470067200 AND status = 0 AND uid =  ) LIMIT 1   [ RunTime:0.000083s ]
ERR: 1064:You have an error in your SQL syntax; check the manual that corresponds to your MySQL server version for the right syntax to use near ') LIMIT 1' at line 1
 [ SQL语句 ] : SELECT `id` FROM `sign` WHERE ( addtime = 1470067200 AND status = 0 AND uid =  ) LIMIT 1  
SQL: SELECT `id` FROM `sign` WHERE ( addtime = 1470153600 AND status = 0 AND uid =  ) LIMIT 1   [ RunTime:0.000082s ]
ERR: 1064:You have an error in your SQL syntax; check the manual that corresponds to your MySQL server version for the right syntax to use near ') LIMIT 1' at line 1
 [ SQL语句 ] : SELECT `id` FROM `sign` WHERE ( addtime = 1470153600 AND status = 0 AND uid =  ) LIMIT 1  
SQL: SELECT `id` FROM `sign` WHERE ( addtime = 1470240000 AND status = 0 AND uid =  ) LIMIT 1   [ RunTime:0.000095s ]
ERR: 1064:You have an error in your SQL syntax; check the manual that corresponds to your MySQL server version for the right syntax to use near ') LIMIT 1' at line 1
 [ SQL语句 ] : SELECT `id` FROM `sign` WHERE ( addtime = 1470240000 AND status = 0 AND uid =  ) LIMIT 1  
SQL: SELECT `id` FROM `sign` WHERE ( addtime = 1470326400 AND status = 0 AND uid =  ) LIMIT 1   [ RunTime:0.000080s ]
ERR: 1064:You have an error in your SQL syntax; check the manual that corresponds to your MySQL server version for the right syntax to use near ') LIMIT 1' at line 1
 [ SQL语句 ] : SELECT `id` FROM `sign` WHERE ( addtime = 1470326400 AND status = 0 AND uid =  ) LIMIT 1  
SQL: SELECT `id` FROM `sign` WHERE ( addtime = 1470412800 AND status = 0 AND uid =  ) LIMIT 1   [ RunTime:0.000101s ]
ERR: 1064:You have an error in your SQL syntax; check the manual that corresponds to your MySQL server version for the right syntax to use near ') LIMIT 1' at line 1
 [ SQL语句 ] : SELECT `id` FROM `sign` WHERE ( addtime = 1470412800 AND status = 0 AND uid =  ) LIMIT 1  
SQL: SELECT `id` FROM `sign` WHERE ( addtime = 1470499200 AND status = 0 AND uid =  ) LIMIT 1   [ RunTime:0.000080s ]
ERR: 1064:You have an error in your SQL syntax; check the manual that corresponds to your MySQL server version for the right syntax to use near ') LIMIT 1' at line 1
 [ SQL语句 ] : SELECT `id` FROM `sign` WHERE ( addtime = 1470499200 AND status = 0 AND uid =  ) LIMIT 1  
SQL: SELECT `id` FROM `sign` WHERE ( addtime = 1470585600 AND status = 0 AND uid =  ) LIMIT 1   [ RunTime:0.000084s ]
ERR: 1064:You have an error in your SQL syntax; check the manual that corresponds to your MySQL server version for the right syntax to use near ') LIMIT 1' at line 1
 [ SQL语句 ] : SELECT `id` FROM `sign` WHERE ( addtime = 1470585600 AND status = 0 AND uid =  ) LIMIT 1  
SQL: SELECT `id` FROM `sign` WHERE ( addtime = 1470672000 AND status = 0 AND uid =  ) LIMIT 1   [ RunTime:0.000081s ]
ERR: 1064:You have an error in your SQL syntax; check the manual that corresponds to your MySQL server version for the right syntax to use near ') LIMIT 1' at line 1
 [ SQL语句 ] : SELECT `id` FROM `sign` WHERE ( addtime = 1470672000 AND status = 0 AND uid =  ) LIMIT 1  
SQL: SELECT `id` FROM `sign` WHERE ( addtime = 1470758400 AND status = 0 AND uid =  ) LIMIT 1   [ RunTime:0.000083s ]
ERR: 1064:You have an error in your SQL syntax; check the manual that corresponds to your MySQL server version for the right syntax to use near ') LIMIT 1' at line 1
 [ SQL语句 ] : SELECT `id` FROM `sign` WHERE ( addtime = 1470758400 AND status = 0 AND uid =  ) LIMIT 1  
SQL: SELECT `id` FROM `sign` WHERE ( addtime = 1470844800 AND status = 0 AND uid =  ) LIMIT 1   [ RunTime:0.000079s ]
ERR: 1064:You have an error in your SQL syntax; check the manual that corresponds to your MySQL server version for the right syntax to use near ') LIMIT 1' at line 1
 [ SQL语句 ] : SELECT `id` FROM `sign` WHERE ( addtime = 1470844800 AND status = 0 AND uid =  ) LIMIT 1  
SQL: SELECT `id` FROM `sign` WHERE ( addtime = 1470931200 AND status = 0 AND uid =  ) LIMIT 1   [ RunTime:0.000078s ]
ERR: 1064:You have an error in your SQL syntax; check the manual that corresponds to your MySQL server version for the right syntax to use near ') LIMIT 1' at line 1
 [ SQL语句 ] : SELECT `id` FROM `sign` WHERE ( addtime = 1470931200 AND status = 0 AND uid =  ) LIMIT 1  
SQL: SELECT `id` FROM `sign` WHERE ( addtime = 1471017600 AND status = 0 AND uid =  ) LIMIT 1   [ RunTime:0.000093s ]
ERR: 1064:You have an error in your SQL syntax; check the manual that corresponds to your MySQL server version for the right syntax to use near ') LIMIT 1' at line 1
 [ SQL语句 ] : SELECT `id` FROM `sign` WHERE ( addtime = 1471017600 AND status = 0 AND uid =  ) LIMIT 1  
SQL: SELECT `id` FROM `sign` WHERE ( addtime = 1471104000 AND status = 0 AND uid =  ) LIMIT 1   [ RunTime:0.000078s ]
ERR: 1064:You have an error in your SQL syntax; check the manual that corresponds to your MySQL server version for the right syntax to use near ') LIMIT 1' at line 1
 [ SQL语句 ] : SELECT `id` FROM `sign` WHERE ( addtime = 1471104000 AND status = 0 AND uid =  ) LIMIT 1  
SQL: SELECT `id` FROM `sign` WHERE ( addtime = 1471190400 AND status = 0 AND uid =  ) LIMIT 1   [ RunTime:0.000097s ]
ERR: 1064:You have an error in your SQL syntax; check the manual that corresponds to your MySQL server version for the right syntax to use near ') LIMIT 1' at line 1
 [ SQL语句 ] : SELECT `id` FROM `sign` WHERE ( addtime = 1471190400 AND status = 0 AND uid =  ) LIMIT 1  
SQL: SELECT `id` FROM `sign` WHERE ( addtime = 1471276800 AND status = 0 AND uid =  ) LIMIT 1   [ RunTime:0.000077s ]
ERR: 1064:You have an error in your SQL syntax; check the manual that corresponds to your MySQL server version for the right syntax to use near ') LIMIT 1' at line 1
 [ SQL语句 ] : SELECT `id` FROM `sign` WHERE ( addtime = 1471276800 AND status = 0 AND uid =  ) LIMIT 1  
SQL: SELECT `id` FROM `sign` WHERE ( addtime = 1471363200 AND status = 0 AND uid =  ) LIMIT 1   [ RunTime:0.000077s ]
ERR: 1064:You have an error in your SQL syntax; check the manual that corresponds to your MySQL server version for the right syntax to use near ') LIMIT 1' at line 1
 [ SQL语句 ] : SELECT `id` FROM `sign` WHERE ( addtime = 1471363200 AND status = 0 AND uid =  ) LIMIT 1  
SQL: SELECT `id` FROM `sign` WHERE ( addtime = 1471449600 AND status = 0 AND uid =  ) LIMIT 1   [ RunTime:0.000078s ]
ERR: 1064:You have an error in your SQL syntax; check the manual that corresponds to your MySQL server version for the right syntax to use near ') LIMIT 1' at line 1
 [ SQL语句 ] : SELECT `id` FROM `sign` WHERE ( addtime = 1471449600 AND status = 0 AND uid =  ) LIMIT 1  
SQL: SELECT `id` FROM `sign` WHERE ( addtime = 1471536000 AND status = 0 AND uid =  ) LIMIT 1   [ RunTime:0.000077s ]
ERR: 1064:You have an error in your SQL syntax; check the manual that corresponds to your MySQL server version for the right syntax to use near ') LIMIT 1' at line 1
 [ SQL语句 ] : SELECT `id` FROM `sign` WHERE ( addtime = 1471536000 AND status = 0 AND uid =  ) LIMIT 1  
SQL: SELECT `id` FROM `sign` WHERE ( addtime = 1471622400 AND status = 0 AND uid =  ) LIMIT 1   [ RunTime:0.000094s ]
ERR: 1064:You have an error in your SQL syntax; check the manual that corresponds to your MySQL server version for the right syntax to use near ') LIMIT 1' at line 1
 [ SQL语句 ] : SELECT `id` FROM `sign` WHERE ( addtime = 1471622400 AND status = 0 AND uid =  ) LIMIT 1  
SQL: SELECT `id` FROM `sign` WHERE ( addtime = 1471708800 AND status = 0 AND uid =  ) LIMIT 1   [ RunTime:0.000077s ]
ERR: 1064:You have an error in your SQL syntax; check the manual that corresponds to your MySQL server version for the right syntax to use near ') LIMIT 1' at line 1
 [ SQL语句 ] : SELECT `id` FROM `sign` WHERE ( addtime = 1471708800 AND status = 0 AND uid =  ) LIMIT 1  
SQL: SELECT `id` FROM `sign` WHERE ( addtime = 1471795200 AND status = 0 AND uid =  ) LIMIT 1   [ RunTime:0.000089s ]
ERR: 1064:You have an error in your SQL syntax; check the manual that corresponds to your MySQL server version for the right syntax to use near ') LIMIT 1' at line 1
 [ SQL语句 ] : SELECT `id` FROM `sign` WHERE ( addtime = 1471795200 AND status = 0 AND uid =  ) LIMIT 1  
SQL: SELECT `id` FROM `sign` WHERE ( addtime = 1471881600 AND status = 0 AND uid =  ) LIMIT 1   [ RunTime:0.000078s ]
ERR: 1064:You have an error in your SQL syntax; check the manual that corresponds to your MySQL server version for the right syntax to use near ') LIMIT 1' at line 1
 [ SQL语句 ] : SELECT `id` FROM `sign` WHERE ( addtime = 1471881600 AND status = 0 AND uid =  ) LIMIT 1  
INFO: Run Behavior\ParseTemplateBehavior [ RunTime:0.021877s ]
INFO: [ view_parse ] --END-- [ RunTime:0.021918s ]
INFO: [ view_filter ] --START--
INFO: Run Behavior\WriteHtmlCacheBehavior [ RunTime:0.000203s ]
INFO: [ view_filter ] --END-- [ RunTime:0.000241s ]
INFO: [ app_end ] --START--
INFO: Run Behavior\ShowPageTraceBehavior [ RunTime:0.000462s ]
INFO: [ app_end ] --END-- [ RunTime:0.000503s ]

[ 2016-08-23T14:42:13+08:00 ] 183.93.2.58 /jquery/5/512/demo/Ajax/signDay
INFO: [ app_init ] --START--
INFO: Run Behavior\BuildLiteBehavior [ RunTime:0.000016s ]
INFO: [ app_init ] --END-- [ RunTime:0.000295s ]
INFO: [ app_begin ] --START--
INFO: Run Behavior\ReadHtmlCacheBehavior [ RunTime:0.000356s ]
INFO: [ app_begin ] --END-- [ RunTime:0.000396s ]

