[ 2016-10-20T12:39:54+08:00 ] 106.124.170.227 /jquery/5/512/demo/
INFO: [ app_init ] --START--
INFO: Run Behavior\BuildLiteBehavior [ RunTime:0.000017s ]
INFO: [ app_init ] --END-- [ RunTime:0.000299s ]
INFO: [ app_begin ] --START--
INFO: Run Behavior\ReadHtmlCacheBehavior [ RunTime:0.000348s ]
INFO: [ app_begin ] --END-- [ RunTime:0.000390s ]
NOTIC: [8] Undefined variable: other /data/www/jquery/5/512/demo/Application/Home/Controller/IndexController.class.php 第 33 行.
INFO: [ view_parse ] --START--
NOTIC: [2] file_get_contents(./Application/Home/View/Member/right.html): failed to open stream: No such file or directory /data/www/jquery/5/512/demo/ThinkPHP/Library/Think/Template.class.php 第 696 行.
INFO: [ template_filter ] --START--
INFO: Run Behavior\ContentReplaceBehavior [ RunTime:0.000036s ]
INFO: [ template_filter ] --END-- [ RunTime:0.000083s ]
NOTIC: [8] Undefined variable: keywords /data/www/jquery/5/512/demo/Application/Runtime/Cache/Home/2a94b8bda04ff446dcedd42276fc99ee.php 第 6 行.
NOTIC: [8] Undefined variable: description /data/www/jquery/5/512/demo/Application/Runtime/Cache/Home/2a94b8bda04ff446dcedd42276fc99ee.php 第 7 行.
NOTIC: [8192] mysql_connect(): The mysql extension is deprecated and will be removed in the future: use mysqli or PDO instead /data/www/jquery/5/512/demo/ThinkPHP/Library/Think/Db/Driver/Mysql.class.php 第 52 行.
SQL: SHOW COLUMNS FROM `sign` [ RunTime:0.016752s ]
SQL: SELECT `id` FROM `sign` WHERE ( addtime = 1475251200 AND status = 0 AND uid = 9345 ) LIMIT 1   [ RunTime:0.064422s ]
SQL: SELECT `id` FROM `sign` WHERE ( addtime = 1475337600 AND status = 0 AND uid = 9345 ) LIMIT 1   [ RunTime:0.000304s ]
SQL: SELECT `id` FROM `sign` WHERE ( addtime = 1475424000 AND status = 0 AND uid = 9345 ) LIMIT 1   [ RunTime:0.000175s ]
SQL: SELECT `id` FROM `sign` WHERE ( addtime = 1475510400 AND status = 0 AND uid = 9345 ) LIMIT 1   [ RunTime:0.000205s ]
SQL: SELECT `id` FROM `sign` WHERE ( addtime = 1475596800 AND status = 0 AND uid = 9345 ) LIMIT 1   [ RunTime:0.000169s ]
SQL: SELECT `id` FROM `sign` WHERE ( addtime = 1475683200 AND status = 0 AND uid = 9345 ) LIMIT 1   [ RunTime:0.000173s ]
SQL: SELECT `id` FROM `sign` WHERE ( addtime = 1475769600 AND status = 0 AND uid = 9345 ) LIMIT 1   [ RunTime:0.000202s ]
SQL: SELECT `id` FROM `sign` WHERE ( addtime = 1475856000 AND status = 0 AND uid = 9345 ) LIMIT 1   [ RunTime:0.000167s ]
SQL: SELECT `id` FROM `sign` WHERE ( addtime = 1475942400 AND status = 0 AND uid = 9345 ) LIMIT 1   [ RunTime:0.000166s ]
SQL: SELECT `id` FROM `sign` WHERE ( addtime = 1476028800 AND status = 0 AND uid = 9345 ) LIMIT 1   [ RunTime:0.000181s ]
SQL: SELECT `id` FROM `sign` WHERE ( addtime = 1476115200 AND status = 0 AND uid = 9345 ) LIMIT 1   [ RunTime:0.000166s ]
SQL: SELECT `id` FROM `sign` WHERE ( addtime = 1476201600 AND status = 0 AND uid = 9345 ) LIMIT 1   [ RunTime:0.000163s ]
SQL: SELECT `id` FROM `sign` WHERE ( addtime = 1476288000 AND status = 0 AND uid = 9345 ) LIMIT 1   [ RunTime:0.000169s ]
SQL: SELECT `id` FROM `sign` WHERE ( addtime = 1476374400 AND status = 0 AND uid = 9345 ) LIMIT 1   [ RunTime:0.000192s ]
SQL: SELECT `id` FROM `sign` WHERE ( addtime = 1476460800 AND status = 0 AND uid = 9345 ) LIMIT 1   [ RunTime:0.000163s ]
SQL: SELECT `id` FROM `sign` WHERE ( addtime = 1476547200 AND status = 0 AND uid = 9345 ) LIMIT 1   [ RunTime:0.000188s ]
SQL: SELECT `id` FROM `sign` WHERE ( addtime = 1476633600 AND status = 0 AND uid = 9345 ) LIMIT 1   [ RunTime:0.000204s ]
SQL: SELECT `id` FROM `sign` WHERE ( addtime = 1476720000 AND status = 0 AND uid = 9345 ) LIMIT 1   [ RunTime:0.000217s ]
SQL: SELECT `id` FROM `sign` WHERE ( addtime = 1476806400 AND status = 0 AND uid = 9345 ) LIMIT 1   [ RunTime:0.000180s ]
SQL: SELECT `id` FROM `sign` WHERE ( addtime = 1476892800 AND status = 0 AND uid = 9345 ) LIMIT 1   [ RunTime:0.000207s ]
INFO: Run Behavior\ParseTemplateBehavior [ RunTime:0.104027s ]
INFO: [ view_parse ] --END-- [ RunTime:0.104075s ]
INFO: [ view_filter ] --START--
INFO: Run Behavior\WriteHtmlCacheBehavior [ RunTime:0.000251s ]
INFO: [ view_filter ] --END-- [ RunTime:0.000295s ]
INFO: [ app_end ] --START--
INFO: Run Behavior\ShowPageTraceBehavior [ RunTime:0.000477s ]
INFO: [ app_end ] --END-- [ RunTime:0.000535s ]

[ 2016-10-20T12:40:01+08:00 ] 106.124.170.227 /jquery/5/512/demo/Ajax/signDay
INFO: [ app_init ] --START--
INFO: Run Behavior\BuildLiteBehavior [ RunTime:0.000029s ]
INFO: [ app_init ] --END-- [ RunTime:0.000531s ]
INFO: [ app_begin ] --START--
INFO: Run Behavior\ReadHtmlCacheBehavior [ RunTime:0.000526s ]
INFO: [ app_begin ] --END-- [ RunTime:0.000589s ]
NOTIC: [8192] mysql_connect(): The mysql extension is deprecated and will be removed in the future: use mysqli or PDO instead /data/www/jquery/5/512/demo/ThinkPHP/Library/Think/Db/Driver/Mysql.class.php 第 52 行.
SQL: SHOW COLUMNS FROM `sign` [ RunTime:0.001341s ]
SQL: SELECT `id` FROM `sign` WHERE ( addtime = 1476892800 AND uid = 9345 AND status = 0 ) LIMIT 1   [ RunTime:0.000289s ]
SQL: INSERT INTO `sign` (`addtime`,`uid`,`money`) VALUES (1476892800,9345,20) [ RunTime:0.000170s ]
INFO: [ app_end ] --START--
INFO: Run Behavior\ShowPageTraceBehavior [ RunTime:0.000573s ]
INFO: [ app_end ] --END-- [ RunTime:0.000631s ]

[ 2016-10-20T15:43:24+08:00 ] 119.147.207.158 /jquery/5/512/demo/
INFO: [ app_init ] --START--
INFO: Run Behavior\BuildLiteBehavior [ RunTime:0.000083s ]
INFO: [ app_init ] --END-- [ RunTime:0.000365s ]
INFO: [ app_begin ] --START--
INFO: Run Behavior\ReadHtmlCacheBehavior [ RunTime:0.000528s ]
INFO: [ app_begin ] --END-- [ RunTime:0.000572s ]
NOTIC: [8] Undefined variable: other /data/www/jquery/5/512/demo/Application/Home/Controller/IndexController.class.php 第 33 行.
INFO: [ view_parse ] --START--
NOTIC: [2] file_get_contents(./Application/Home/View/Member/right.html): failed to open stream: No such file or directory /data/www/jquery/5/512/demo/ThinkPHP/Library/Think/Template.class.php 第 696 行.
INFO: [ template_filter ] --START--
INFO: Run Behavior\ContentReplaceBehavior [ RunTime:0.000045s ]
INFO: [ template_filter ] --END-- [ RunTime:0.000103s ]
NOTIC: [8] Undefined variable: keywords /data/www/jquery/5/512/demo/Application/Runtime/Cache/Home/2a94b8bda04ff446dcedd42276fc99ee.php 第 6 行.
NOTIC: [8] Undefined variable: description /data/www/jquery/5/512/demo/Application/Runtime/Cache/Home/2a94b8bda04ff446dcedd42276fc99ee.php 第 7 行.
NOTIC: [8192] mysql_connect(): The mysql extension is deprecated and will be removed in the future: use mysqli or PDO instead /data/www/jquery/5/512/demo/ThinkPHP/Library/Think/Db/Driver/Mysql.class.php 第 52 行.
SQL: SHOW COLUMNS FROM `sign` [ RunTime:0.001604s ]
SQL: SELECT `id` FROM `sign` WHERE ( addtime = 1475251200 AND status = 0 AND uid =  ) LIMIT 1   [ RunTime:0.000114s ]
ERR: 1064:You have an error in your SQL syntax; check the manual that corresponds to your MySQL server version for the right syntax to use near ') LIMIT 1' at line 1
 [ SQL语句 ] : SELECT `id` FROM `sign` WHERE ( addtime = 1475251200 AND status = 0 AND uid =  ) LIMIT 1  
SQL: SELECT `id` FROM `sign` WHERE ( addtime = 1475337600 AND status = 0 AND uid =  ) LIMIT 1   [ RunTime:0.000096s ]
ERR: 1064:You have an error in your SQL syntax; check the manual that corresponds to your MySQL server version for the right syntax to use near ') LIMIT 1' at line 1
 [ SQL语句 ] : SELECT `id` FROM `sign` WHERE ( addtime = 1475337600 AND status = 0 AND uid =  ) LIMIT 1  
SQL: SELECT `id` FROM `sign` WHERE ( addtime = 1475424000 AND status = 0 AND uid =  ) LIMIT 1   [ RunTime:0.000083s ]
ERR: 1064:You have an error in your SQL syntax; check the manual that corresponds to your MySQL server version for the right syntax to use near ') LIMIT 1' at line 1
 [ SQL语句 ] : SELECT `id` FROM `sign` WHERE ( addtime = 1475424000 AND status = 0 AND uid =  ) LIMIT 1  
SQL: SELECT `id` FROM `sign` WHERE ( addtime = 1475510400 AND status = 0 AND uid =  ) LIMIT 1   [ RunTime:0.000083s ]
ERR: 1064:You have an error in your SQL syntax; check the manual that corresponds to your MySQL server version for the right syntax to use near ') LIMIT 1' at line 1
 [ SQL语句 ] : SELECT `id` FROM `sign` WHERE ( addtime = 1475510400 AND status = 0 AND uid =  ) LIMIT 1  
SQL: SELECT `id` FROM `sign` WHERE ( addtime = 1475596800 AND status = 0 AND uid =  ) LIMIT 1   [ RunTime:0.000077s ]
ERR: 1064:You have an error in your SQL syntax; check the manual that corresponds to your MySQL server version for the right syntax to use near ') LIMIT 1' at line 1
 [ SQL语句 ] : SELECT `id` FROM `sign` WHERE ( addtime = 1475596800 AND status = 0 AND uid =  ) LIMIT 1  
SQL: SELECT `id` FROM `sign` WHERE ( addtime = 1475683200 AND status = 0 AND uid =  ) LIMIT 1   [ RunTime:0.000094s ]
ERR: 1064:You have an error in your SQL syntax; check the manual that corresponds to your MySQL server version for the right syntax to use near ') LIMIT 1' at line 1
 [ SQL语句 ] : SELECT `id` FROM `sign` WHERE ( addtime = 1475683200 AND status = 0 AND uid =  ) LIMIT 1  
SQL: SELECT `id` FROM `sign` WHERE ( addtime = 1475769600 AND status = 0 AND uid =  ) LIMIT 1   [ RunTime:0.000082s ]
ERR: 1064:You have an error in your SQL syntax; check the manual that corresponds to your MySQL server version for the right syntax to use near ') LIMIT 1' at line 1
 [ SQL语句 ] : SELECT `id` FROM `sign` WHERE ( addtime = 1475769600 AND status = 0 AND uid =  ) LIMIT 1  
SQL: SELECT `id` FROM `sign` WHERE ( addtime = 1475856000 AND status = 0 AND uid =  ) LIMIT 1   [ RunTime:0.000075s ]
ERR: 1064:You have an error in your SQL syntax; check the manual that corresponds to your MySQL server version for the right syntax to use near ') LIMIT 1' at line 1
 [ SQL语句 ] : SELECT `id` FROM `sign` WHERE ( addtime = 1475856000 AND status = 0 AND uid =  ) LIMIT 1  
SQL: SELECT `id` FROM `sign` WHERE ( addtime = 1475942400 AND status = 0 AND uid =  ) LIMIT 1   [ RunTime:0.000073s ]
ERR: 1064:You have an error in your SQL syntax; check the manual that corresponds to your MySQL server version for the right syntax to use near ') LIMIT 1' at line 1
 [ SQL语句 ] : SELECT `id` FROM `sign` WHERE ( addtime = 1475942400 AND status = 0 AND uid =  ) LIMIT 1  
SQL: SELECT `id` FROM `sign` WHERE ( addtime = 1476028800 AND status = 0 AND uid =  ) LIMIT 1   [ RunTime:0.000073s ]
ERR: 1064:You have an error in your SQL syntax; check the manual that corresponds to your MySQL server version for the right syntax to use near ') LIMIT 1' at line 1
 [ SQL语句 ] : SELECT `id` FROM `sign` WHERE ( addtime = 1476028800 AND status = 0 AND uid =  ) LIMIT 1  
SQL: SELECT `id` FROM `sign` WHERE ( addtime = 1476115200 AND status = 0 AND uid =  ) LIMIT 1   [ RunTime:0.000103s ]
ERR: 1064:You have an error in your SQL syntax; check the manual that corresponds to your MySQL server version for the right syntax to use near ') LIMIT 1' at line 1
 [ SQL语句 ] : SELECT `id` FROM `sign` WHERE ( addtime = 1476115200 AND status = 0 AND uid =  ) LIMIT 1  
SQL: SELECT `id` FROM `sign` WHERE ( addtime = 1476201600 AND status = 0 AND uid =  ) LIMIT 1   [ RunTime:0.000082s ]
ERR: 1064:You have an error in your SQL syntax; check the manual that corresponds to your MySQL server version for the right syntax to use near ') LIMIT 1' at line 1
 [ SQL语句 ] : SELECT `id` FROM `sign` WHERE ( addtime = 1476201600 AND status = 0 AND uid =  ) LIMIT 1  
SQL: SELECT `id` FROM `sign` WHERE ( addtime = 1476288000 AND status = 0 AND uid =  ) LIMIT 1   [ RunTime:0.000073s ]
ERR: 1064:You have an error in your SQL syntax; check the manual that corresponds to your MySQL server version for the right syntax to use near ') LIMIT 1' at line 1
 [ SQL语句 ] : SELECT `id` FROM `sign` WHERE ( addtime = 1476288000 AND status = 0 AND uid =  ) LIMIT 1  
SQL: SELECT `id` FROM `sign` WHERE ( addtime = 1476374400 AND status = 0 AND uid =  ) LIMIT 1   [ RunTime:0.000073s ]
ERR: 1064:You have an error in your SQL syntax; check the manual that corresponds to your MySQL server version for the right syntax to use near ') LIMIT 1' at line 1
 [ SQL语句 ] : SELECT `id` FROM `sign` WHERE ( addtime = 1476374400 AND status = 0 AND uid =  ) LIMIT 1  
SQL: SELECT `id` FROM `sign` WHERE ( addtime = 1476460800 AND status = 0 AND uid =  ) LIMIT 1   [ RunTime:0.000074s ]
ERR: 1064:You have an error in your SQL syntax; check the manual that corresponds to your MySQL server version for the right syntax to use near ') LIMIT 1' at line 1
 [ SQL语句 ] : SELECT `id` FROM `sign` WHERE ( addtime = 1476460800 AND status = 0 AND uid =  ) LIMIT 1  
SQL: SELECT `id` FROM `sign` WHERE ( addtime = 1476547200 AND status = 0 AND uid =  ) LIMIT 1   [ RunTime:0.000072s ]
ERR: 1064:You have an error in your SQL syntax; check the manual that corresponds to your MySQL server version for the right syntax to use near ') LIMIT 1' at line 1
 [ SQL语句 ] : SELECT `id` FROM `sign` WHERE ( addtime = 1476547200 AND status = 0 AND uid =  ) LIMIT 1  
SQL: SELECT `id` FROM `sign` WHERE ( addtime = 1476633600 AND status = 0 AND uid =  ) LIMIT 1   [ RunTime:0.000085s ]
ERR: 1064:You have an error in your SQL syntax; check the manual that corresponds to your MySQL server version for the right syntax to use near ') LIMIT 1' at line 1
 [ SQL语句 ] : SELECT `id` FROM `sign` WHERE ( addtime = 1476633600 AND status = 0 AND uid =  ) LIMIT 1  
SQL: SELECT `id` FROM `sign` WHERE ( addtime = 1476720000 AND status = 0 AND uid =  ) LIMIT 1   [ RunTime:0.000077s ]
ERR: 1064:You have an error in your SQL syntax; check the manual that corresponds to your MySQL server version for the right syntax to use near ') LIMIT 1' at line 1
 [ SQL语句 ] : SELECT `id` FROM `sign` WHERE ( addtime = 1476720000 AND status = 0 AND uid =  ) LIMIT 1  
SQL: SELECT `id` FROM `sign` WHERE ( addtime = 1476806400 AND status = 0 AND uid =  ) LIMIT 1   [ RunTime:0.000072s ]
ERR: 1064:You have an error in your SQL syntax; check the manual that corresponds to your MySQL server version for the right syntax to use near ') LIMIT 1' at line 1
 [ SQL语句 ] : SELECT `id` FROM `sign` WHERE ( addtime = 1476806400 AND status = 0 AND uid =  ) LIMIT 1  
SQL: SELECT `id` FROM `sign` WHERE ( addtime = 1476892800 AND status = 0 AND uid =  ) LIMIT 1   [ RunTime:0.000073s ]
ERR: 1064:You have an error in your SQL syntax; check the manual that corresponds to your MySQL server version for the right syntax to use near ') LIMIT 1' at line 1
 [ SQL语句 ] : SELECT `id` FROM `sign` WHERE ( addtime = 1476892800 AND status = 0 AND uid =  ) LIMIT 1  
INFO: Run Behavior\ParseTemplateBehavior [ RunTime:0.022739s ]
INFO: [ view_parse ] --END-- [ RunTime:0.022797s ]
INFO: [ view_filter ] --START--
INFO: Run Behavior\WriteHtmlCacheBehavior [ RunTime:0.000237s ]
INFO: [ view_filter ] --END-- [ RunTime:0.000278s ]
INFO: [ app_end ] --START--
INFO: Run Behavior\ShowPageTraceBehavior [ RunTime:0.000466s ]
INFO: [ app_end ] --END-- [ RunTime:0.000513s ]

[ 2016-10-20T17:00:39+08:00 ] 125.70.178.80 /jquery/5/512/demo/
INFO: [ app_init ] --START--
INFO: Run Behavior\BuildLiteBehavior [ RunTime:0.000017s ]
INFO: [ app_init ] --END-- [ RunTime:0.000296s ]
INFO: [ app_begin ] --START--
INFO: Run Behavior\ReadHtmlCacheBehavior [ RunTime:0.000501s ]
INFO: [ app_begin ] --END-- [ RunTime:0.000576s ]
NOTIC: [8] Undefined variable: other /data/www/jquery/5/512/demo/Application/Home/Controller/IndexController.class.php 第 33 行.
INFO: [ view_parse ] --START--
NOTIC: [2] file_get_contents(./Application/Home/View/Member/right.html): failed to open stream: No such file or directory /data/www/jquery/5/512/demo/ThinkPHP/Library/Think/Template.class.php 第 696 行.
INFO: [ template_filter ] --START--
INFO: Run Behavior\ContentReplaceBehavior [ RunTime:0.000043s ]
INFO: [ template_filter ] --END-- [ RunTime:0.000092s ]
NOTIC: [8] Undefined variable: keywords /data/www/jquery/5/512/demo/Application/Runtime/Cache/Home/2a94b8bda04ff446dcedd42276fc99ee.php 第 6 行.
NOTIC: [8] Undefined variable: description /data/www/jquery/5/512/demo/Application/Runtime/Cache/Home/2a94b8bda04ff446dcedd42276fc99ee.php 第 7 行.
NOTIC: [8192] mysql_connect(): The mysql extension is deprecated and will be removed in the future: use mysqli or PDO instead /data/www/jquery/5/512/demo/ThinkPHP/Library/Think/Db/Driver/Mysql.class.php 第 52 行.
SQL: SHOW COLUMNS FROM `sign` [ RunTime:0.001410s ]
SQL: SELECT `id` FROM `sign` WHERE ( addtime = 1475251200 AND status = 0 AND uid = 300 ) LIMIT 1   [ RunTime:0.000242s ]
SQL: SELECT `id` FROM `sign` WHERE ( addtime = 1475337600 AND status = 0 AND uid = 300 ) LIMIT 1   [ RunTime:0.000176s ]
SQL: SELECT `id` FROM `sign` WHERE ( addtime = 1475424000 AND status = 0 AND uid = 300 ) LIMIT 1   [ RunTime:0.000176s ]
SQL: SELECT `id` FROM `sign` WHERE ( addtime = 1475510400 AND status = 0 AND uid = 300 ) LIMIT 1   [ RunTime:0.000174s ]
SQL: SELECT `id` FROM `sign` WHERE ( addtime = 1475596800 AND status = 0 AND uid = 300 ) LIMIT 1   [ RunTime:0.000179s ]
SQL: SELECT `id` FROM `sign` WHERE ( addtime = 1475683200 AND status = 0 AND uid = 300 ) LIMIT 1   [ RunTime:0.000179s ]
SQL: SELECT `id` FROM `sign` WHERE ( addtime = 1475769600 AND status = 0 AND uid = 300 ) LIMIT 1   [ RunTime:0.000178s ]
SQL: SELECT `id` FROM `sign` WHERE ( addtime = 1475856000 AND status = 0 AND uid = 300 ) LIMIT 1   [ RunTime:0.000260s ]
SQL: SELECT `id` FROM `sign` WHERE ( addtime = 1475942400 AND status = 0 AND uid = 300 ) LIMIT 1   [ RunTime:0.000400s ]
SQL: SELECT `id` FROM `sign` WHERE ( addtime = 1476028800 AND status = 0 AND uid = 300 ) LIMIT 1   [ RunTime:0.000204s ]
SQL: SELECT `id` FROM `sign` WHERE ( addtime = 1476115200 AND status = 0 AND uid = 300 ) LIMIT 1   [ RunTime:0.000178s ]
SQL: SELECT `id` FROM `sign` WHERE ( addtime = 1476201600 AND status = 0 AND uid = 300 ) LIMIT 1   [ RunTime:0.000176s ]
SQL: SELECT `id` FROM `sign` WHERE ( addtime = 1476288000 AND status = 0 AND uid = 300 ) LIMIT 1   [ RunTime:0.000173s ]
SQL: SELECT `id` FROM `sign` WHERE ( addtime = 1476374400 AND status = 0 AND uid = 300 ) LIMIT 1   [ RunTime:0.000168s ]
SQL: SELECT `id` FROM `sign` WHERE ( addtime = 1476460800 AND status = 0 AND uid = 300 ) LIMIT 1   [ RunTime:0.000174s ]
SQL: SELECT `id` FROM `sign` WHERE ( addtime = 1476547200 AND status = 0 AND uid = 300 ) LIMIT 1   [ RunTime:0.000172s ]
SQL: SELECT `id` FROM `sign` WHERE ( addtime = 1476633600 AND status = 0 AND uid = 300 ) LIMIT 1   [ RunTime:0.000167s ]
SQL: SELECT `id` FROM `sign` WHERE ( addtime = 1476720000 AND status = 0 AND uid = 300 ) LIMIT 1   [ RunTime:0.000182s ]
SQL: SELECT `id` FROM `sign` WHERE ( addtime = 1476806400 AND status = 0 AND uid = 300 ) LIMIT 1   [ RunTime:0.000209s ]
SQL: SELECT `id` FROM `sign` WHERE ( addtime = 1476892800 AND status = 0 AND uid = 300 ) LIMIT 1   [ RunTime:0.000180s ]
INFO: Run Behavior\ParseTemplateBehavior [ RunTime:0.025857s ]
INFO: [ view_parse ] --END-- [ RunTime:0.025909s ]
INFO: [ view_filter ] --START--
INFO: Run Behavior\WriteHtmlCacheBehavior [ RunTime:0.000207s ]
INFO: [ view_filter ] --END-- [ RunTime:0.000248s ]
INFO: [ app_end ] --START--
INFO: Run Behavior\ShowPageTraceBehavior [ RunTime:0.000491s ]
INFO: [ app_end ] --END-- [ RunTime:0.000544s ]

[ 2016-10-20T17:00:41+08:00 ] 125.70.178.80 /jquery/5/512/demo/Ajax/signDay
INFO: [ app_init ] --START--
INFO: Run Behavior\BuildLiteBehavior [ RunTime:0.000015s ]
INFO: [ app_init ] --END-- [ RunTime:0.000277s ]
INFO: [ app_begin ] --START--
INFO: Run Behavior\ReadHtmlCacheBehavior [ RunTime:0.000345s ]
INFO: [ app_begin ] --END-- [ RunTime:0.000386s ]
NOTIC: [8192] mysql_connect(): The mysql extension is deprecated and will be removed in the future: use mysqli or PDO instead /data/www/jquery/5/512/demo/ThinkPHP/Library/Think/Db/Driver/Mysql.class.php 第 52 行.
SQL: SHOW COLUMNS FROM `sign` [ RunTime:0.001296s ]
SQL: SELECT `id` FROM `sign` WHERE ( addtime = 1476892800 AND uid = 300 AND status = 0 ) LIMIT 1   [ RunTime:0.000235s ]
SQL: INSERT INTO `sign` (`addtime`,`uid`,`money`) VALUES (1476892800,300,20) [ RunTime:0.000166s ]
INFO: [ app_end ] --START--
INFO: Run Behavior\ShowPageTraceBehavior [ RunTime:0.000525s ]
INFO: [ app_end ] --END-- [ RunTime:0.000566s ]

[ 2016-10-20T20:16:17+08:00 ] 112.2.254.95 /jquery/5/512/demo/
INFO: [ app_init ] --START--
INFO: Run Behavior\BuildLiteBehavior [ RunTime:0.000015s ]
INFO: [ app_init ] --END-- [ RunTime:0.000299s ]
INFO: [ app_begin ] --START--
INFO: Run Behavior\ReadHtmlCacheBehavior [ RunTime:0.000368s ]
INFO: [ app_begin ] --END-- [ RunTime:0.000414s ]
NOTIC: [8] Undefined variable: other /data/www/jquery/5/512/demo/Application/Home/Controller/IndexController.class.php 第 33 行.
INFO: [ view_parse ] --START--
NOTIC: [2] file_get_contents(./Application/Home/View/Member/right.html): failed to open stream: No such file or directory /data/www/jquery/5/512/demo/ThinkPHP/Library/Think/Template.class.php 第 696 行.
INFO: [ template_filter ] --START--
INFO: Run Behavior\ContentReplaceBehavior [ RunTime:0.000036s ]
INFO: [ template_filter ] --END-- [ RunTime:0.000080s ]
NOTIC: [8] Undefined variable: keywords /data/www/jquery/5/512/demo/Application/Runtime/Cache/Home/2a94b8bda04ff446dcedd42276fc99ee.php 第 6 行.
NOTIC: [8] Undefined variable: description /data/www/jquery/5/512/demo/Application/Runtime/Cache/Home/2a94b8bda04ff446dcedd42276fc99ee.php 第 7 行.
NOTIC: [8192] mysql_connect(): The mysql extension is deprecated and will be removed in the future: use mysqli or PDO instead /data/www/jquery/5/512/demo/ThinkPHP/Library/Think/Db/Driver/Mysql.class.php 第 52 行.
SQL: SHOW COLUMNS FROM `sign` [ RunTime:0.001460s ]
SQL: SELECT `id` FROM `sign` WHERE ( addtime = 1475251200 AND status = 0 AND uid =  ) LIMIT 1   [ RunTime:0.000112s ]
ERR: 1064:You have an error in your SQL syntax; check the manual that corresponds to your MySQL server version for the right syntax to use near ') LIMIT 1' at line 1
 [ SQL语句 ] : SELECT `id` FROM `sign` WHERE ( addtime = 1475251200 AND status = 0 AND uid =  ) LIMIT 1  
SQL: SELECT `id` FROM `sign` WHERE ( addtime = 1475337600 AND status = 0 AND uid =  ) LIMIT 1   [ RunTime:0.000078s ]
ERR: 1064:You have an error in your SQL syntax; check the manual that corresponds to your MySQL server version for the right syntax to use near ') LIMIT 1' at line 1
 [ SQL语句 ] : SELECT `id` FROM `sign` WHERE ( addtime = 1475337600 AND status = 0 AND uid =  ) LIMIT 1  
SQL: SELECT `id` FROM `sign` WHERE ( addtime = 1475424000 AND status = 0 AND uid =  ) LIMIT 1   [ RunTime:0.000096s ]
ERR: 1064:You have an error in your SQL syntax; check the manual that corresponds to your MySQL server version for the right syntax to use near ') LIMIT 1' at line 1
 [ SQL语句 ] : SELECT `id` FROM `sign` WHERE ( addtime = 1475424000 AND status = 0 AND uid =  ) LIMIT 1  
SQL: SELECT `id` FROM `sign` WHERE ( addtime = 1475510400 AND status = 0 AND uid =  ) LIMIT 1   [ RunTime:0.000078s ]
ERR: 1064:You have an error in your SQL syntax; check the manual that corresponds to your MySQL server version for the right syntax to use near ') LIMIT 1' at line 1
 [ SQL语句 ] : SELECT `id` FROM `sign` WHERE ( addtime = 1475510400 AND status = 0 AND uid =  ) LIMIT 1  
SQL: SELECT `id` FROM `sign` WHERE ( addtime = 1475596800 AND status = 0 AND uid =  ) LIMIT 1   [ RunTime:0.000075s ]
ERR: 1064:You have an error in your SQL syntax; check the manual that corresponds to your MySQL server version for the right syntax to use near ') LIMIT 1' at line 1
 [ SQL语句 ] : SELECT `id` FROM `sign` WHERE ( addtime = 1475596800 AND status = 0 AND uid =  ) LIMIT 1  
SQL: SELECT `id` FROM `sign` WHERE ( addtime = 1475683200 AND status = 0 AND uid =  ) LIMIT 1   [ RunTime:0.000073s ]
ERR: 1064:You have an error in your SQL syntax; check the manual that corresponds to your MySQL server version for the right syntax to use near ') LIMIT 1' at line 1
 [ SQL语句 ] : SELECT `id` FROM `sign` WHERE ( addtime = 1475683200 AND status = 0 AND uid =  ) LIMIT 1  
SQL: SELECT `id` FROM `sign` WHERE ( addtime = 1475769600 AND status = 0 AND uid =  ) LIMIT 1   [ RunTime:0.000139s ]
ERR: 1064:You have an error in your SQL syntax; check the manual that corresponds to your MySQL server version for the right syntax to use near ') LIMIT 1' at line 1
 [ SQL语句 ] : SELECT `id` FROM `sign` WHERE ( addtime = 1475769600 AND status = 0 AND uid =  ) LIMIT 1  
SQL: SELECT `id` FROM `sign` WHERE ( addtime = 1475856000 AND status = 0 AND uid =  ) LIMIT 1   [ RunTime:0.000075s ]
ERR: 1064:You have an error in your SQL syntax; check the manual that corresponds to your MySQL server version for the right syntax to use near ') LIMIT 1' at line 1
 [ SQL语句 ] : SELECT `id` FROM `sign` WHERE ( addtime = 1475856000 AND status = 0 AND uid =  ) LIMIT 1  
SQL: SELECT `id` FROM `sign` WHERE ( addtime = 1475942400 AND status = 0 AND uid =  ) LIMIT 1   [ RunTime:0.000073s ]
ERR: 1064:You have an error in your SQL syntax; check the manual that corresponds to your MySQL server version for the right syntax to use near ') LIMIT 1' at line 1
 [ SQL语句 ] : SELECT `id` FROM `sign` WHERE ( addtime = 1475942400 AND status = 0 AND uid =  ) LIMIT 1  
SQL: SELECT `id` FROM `sign` WHERE ( addtime = 1476028800 AND status = 0 AND uid =  ) LIMIT 1   [ RunTime:0.000074s ]
ERR: 1064:You have an error in your SQL syntax; check the manual that corresponds to your MySQL server version for the right syntax to use near ') LIMIT 1' at line 1
 [ SQL语句 ] : SELECT `id` FROM `sign` WHERE ( addtime = 1476028800 AND status = 0 AND uid =  ) LIMIT 1  
SQL: SELECT `id` FROM `sign` WHERE ( addtime = 1476115200 AND status = 0 AND uid =  ) LIMIT 1   [ RunTime:0.000076s ]
ERR: 1064:You have an error in your SQL syntax; check the manual that corresponds to your MySQL server version for the right syntax to use near ') LIMIT 1' at line 1
 [ SQL语句 ] : SELECT `id` FROM `sign` WHERE ( addtime = 1476115200 AND status = 0 AND uid =  ) LIMIT 1  
SQL: SELECT `id` FROM `sign` WHERE ( addtime = 1476201600 AND status = 0 AND uid =  ) LIMIT 1   [ RunTime:0.000073s ]
ERR: 1064:You have an error in your SQL syntax; check the manual that corresponds to your MySQL server version for the right syntax to use near ') LIMIT 1' at line 1
 [ SQL语句 ] : SELECT `id` FROM `sign` WHERE ( addtime = 1476201600 AND status = 0 AND uid =  ) LIMIT 1  
SQL: SELECT `id` FROM `sign` WHERE ( addtime = 1476288000 AND status = 0 AND uid =  ) LIMIT 1   [ RunTime:0.000073s ]
ERR: 1064:You have an error in your SQL syntax; check the manual that corresponds to your MySQL server version for the right syntax to use near ') LIMIT 1' at line 1
 [ SQL语句 ] : SELECT `id` FROM `sign` WHERE ( addtime = 1476288000 AND status = 0 AND uid =  ) LIMIT 1  
SQL: SELECT `id` FROM `sign` WHERE ( addtime = 1476374400 AND status = 0 AND uid =  ) LIMIT 1   [ RunTime:0.000072s ]
ERR: 1064:You have an error in your SQL syntax; check the manual that corresponds to your MySQL server version for the right syntax to use near ') LIMIT 1' at line 1
 [ SQL语句 ] : SELECT `id` FROM `sign` WHERE ( addtime = 1476374400 AND status = 0 AND uid =  ) LIMIT 1  
SQL: SELECT `id` FROM `sign` WHERE ( addtime = 1476460800 AND status = 0 AND uid =  ) LIMIT 1   [ RunTime:0.000072s ]
ERR: 1064:You have an error in your SQL syntax; check the manual that corresponds to your MySQL server version for the right syntax to use near ') LIMIT 1' at line 1
 [ SQL语句 ] : SELECT `id` FROM `sign` WHERE ( addtime = 1476460800 AND status = 0 AND uid =  ) LIMIT 1  
SQL: SELECT `id` FROM `sign` WHERE ( addtime = 1476547200 AND status = 0 AND uid =  ) LIMIT 1   [ RunTime:0.000073s ]
ERR: 1064:You have an error in your SQL syntax; check the manual that corresponds to your MySQL server version for the right syntax to use near ') LIMIT 1' at line 1
 [ SQL语句 ] : SELECT `id` FROM `sign` WHERE ( addtime = 1476547200 AND status = 0 AND uid =  ) LIMIT 1  
SQL: SELECT `id` FROM `sign` WHERE ( addtime = 1476633600 AND status = 0 AND uid =  ) LIMIT 1   [ RunTime:0.000072s ]
ERR: 1064:You have an error in your SQL syntax; check the manual that corresponds to your MySQL server version for the right syntax to use near ') LIMIT 1' at line 1
 [ SQL语句 ] : SELECT `id` FROM `sign` WHERE ( addtime = 1476633600 AND status = 0 AND uid =  ) LIMIT 1  
SQL: SELECT `id` FROM `sign` WHERE ( addtime = 1476720000 AND status = 0 AND uid =  ) LIMIT 1   [ RunTime:0.000072s ]
ERR: 1064:You have an error in your SQL syntax; check the manual that corresponds to your MySQL server version for the right syntax to use near ') LIMIT 1' at line 1
 [ SQL语句 ] : SELECT `id` FROM `sign` WHERE ( addtime = 1476720000 AND status = 0 AND uid =  ) LIMIT 1  
SQL: SELECT `id` FROM `sign` WHERE ( addtime = 1476806400 AND status = 0 AND uid =  ) LIMIT 1   [ RunTime:0.000072s ]
ERR: 1064:You have an error in your SQL syntax; check the manual that corresponds to your MySQL server version for the right syntax to use near ') LIMIT 1' at line 1
 [ SQL语句 ] : SELECT `id` FROM `sign` WHERE ( addtime = 1476806400 AND status = 0 AND uid =  ) LIMIT 1  
SQL: SELECT `id` FROM `sign` WHERE ( addtime = 1476892800 AND status = 0 AND uid =  ) LIMIT 1   [ RunTime:0.000072s ]
ERR: 1064:You have an error in your SQL syntax; check the manual that corresponds to your MySQL server version for the right syntax to use near ') LIMIT 1' at line 1
 [ SQL语句 ] : SELECT `id` FROM `sign` WHERE ( addtime = 1476892800 AND status = 0 AND uid =  ) LIMIT 1  
INFO: Run Behavior\ParseTemplateBehavior [ RunTime:0.021668s ]
INFO: [ view_parse ] --END-- [ RunTime:0.021703s ]
INFO: [ view_filter ] --START--
INFO: Run Behavior\WriteHtmlCacheBehavior [ RunTime:0.000153s ]
INFO: [ view_filter ] --END-- [ RunTime:0.000188s ]
INFO: [ app_end ] --START--
INFO: Run Behavior\ShowPageTraceBehavior [ RunTime:0.000407s ]
INFO: [ app_end ] --END-- [ RunTime:0.000447s ]

[ 2016-10-20T23:21:46+08:00 ] 171.216.72.172 /jquery/5/512/demo/
INFO: [ app_init ] --START--
INFO: Run Behavior\BuildLiteBehavior [ RunTime:0.000014s ]
INFO: [ app_init ] --END-- [ RunTime:0.000309s ]
INFO: [ app_begin ] --START--
INFO: Run Behavior\ReadHtmlCacheBehavior [ RunTime:0.000351s ]
INFO: [ app_begin ] --END-- [ RunTime:0.000400s ]
NOTIC: [8] Undefined variable: other /data/www/jquery/5/512/demo/Application/Home/Controller/IndexController.class.php 第 33 行.
INFO: [ view_parse ] --START--
NOTIC: [2] file_get_contents(./Application/Home/View/Member/right.html): failed to open stream: No such file or directory /data/www/jquery/5/512/demo/ThinkPHP/Library/Think/Template.class.php 第 696 行.
INFO: [ template_filter ] --START--
INFO: Run Behavior\ContentReplaceBehavior [ RunTime:0.000044s ]
INFO: [ template_filter ] --END-- [ RunTime:0.000101s ]
NOTIC: [8] Undefined variable: keywords /data/www/jquery/5/512/demo/Application/Runtime/Cache/Home/2a94b8bda04ff446dcedd42276fc99ee.php 第 6 行.
NOTIC: [8] Undefined variable: description /data/www/jquery/5/512/demo/Application/Runtime/Cache/Home/2a94b8bda04ff446dcedd42276fc99ee.php 第 7 行.
NOTIC: [8192] mysql_connect(): The mysql extension is deprecated and will be removed in the future: use mysqli or PDO instead /data/www/jquery/5/512/demo/ThinkPHP/Library/Think/Db/Driver/Mysql.class.php 第 52 行.
SQL: SHOW COLUMNS FROM `sign` [ RunTime:0.001360s ]
SQL: SELECT `id` FROM `sign` WHERE ( addtime = 1475251200 AND status = 0 AND uid =  ) LIMIT 1   [ RunTime:0.000112s ]
ERR: 1064:You have an error in your SQL syntax; check the manual that corresponds to your MySQL server version for the right syntax to use near ') LIMIT 1' at line 1
 [ SQL语句 ] : SELECT `id` FROM `sign` WHERE ( addtime = 1475251200 AND status = 0 AND uid =  ) LIMIT 1  
SQL: SELECT `id` FROM `sign` WHERE ( addtime = 1475337600 AND status = 0 AND uid =  ) LIMIT 1   [ RunTime:0.000107s ]
ERR: 1064:You have an error in your SQL syntax; check the manual that corresponds to your MySQL server version for the right syntax to use near ') LIMIT 1' at line 1
 [ SQL语句 ] : SELECT `id` FROM `sign` WHERE ( addtime = 1475337600 AND status = 0 AND uid =  ) LIMIT 1  
SQL: SELECT `id` FROM `sign` WHERE ( addtime = 1475424000 AND status = 0 AND uid =  ) LIMIT 1   [ RunTime:0.000079s ]
ERR: 1064:You have an error in your SQL syntax; check the manual that corresponds to your MySQL server version for the right syntax to use near ') LIMIT 1' at line 1
 [ SQL语句 ] : SELECT `id` FROM `sign` WHERE ( addtime = 1475424000 AND status = 0 AND uid =  ) LIMIT 1  
SQL: SELECT `id` FROM `sign` WHERE ( addtime = 1475510400 AND status = 0 AND uid =  ) LIMIT 1   [ RunTime:0.000077s ]
ERR: 1064:You have an error in your SQL syntax; check the manual that corresponds to your MySQL server version for the right syntax to use near ') LIMIT 1' at line 1
 [ SQL语句 ] : SELECT `id` FROM `sign` WHERE ( addtime = 1475510400 AND status = 0 AND uid =  ) LIMIT 1  
SQL: SELECT `id` FROM `sign` WHERE ( addtime = 1475596800 AND status = 0 AND uid =  ) LIMIT 1   [ RunTime:0.000077s ]
ERR: 1064:You have an error in your SQL syntax; check the manual that corresponds to your MySQL server version for the right syntax to use near ') LIMIT 1' at line 1
 [ SQL语句 ] : SELECT `id` FROM `sign` WHERE ( addtime = 1475596800 AND status = 0 AND uid =  ) LIMIT 1  
SQL: SELECT `id` FROM `sign` WHERE ( addtime = 1475683200 AND status = 0 AND uid =  ) LIMIT 1   [ RunTime:0.000075s ]
ERR: 1064:You have an error in your SQL syntax; check the manual that corresponds to your MySQL server version for the right syntax to use near ') LIMIT 1' at line 1
 [ SQL语句 ] : SELECT `id` FROM `sign` WHERE ( addtime = 1475683200 AND status = 0 AND uid =  ) LIMIT 1  
SQL: SELECT `id` FROM `sign` WHERE ( addtime = 1475769600 AND status = 0 AND uid =  ) LIMIT 1   [ RunTime:0.000076s ]
ERR: 1064:You have an error in your SQL syntax; check the manual that corresponds to your MySQL server version for the right syntax to use near ') LIMIT 1' at line 1
 [ SQL语句 ] : SELECT `id` FROM `sign` WHERE ( addtime = 1475769600 AND status = 0 AND uid =  ) LIMIT 1  
SQL: SELECT `id` FROM `sign` WHERE ( addtime = 1475856000 AND status = 0 AND uid =  ) LIMIT 1   [ RunTime:0.000084s ]
ERR: 1064:You have an error in your SQL syntax; check the manual that corresponds to your MySQL server version for the right syntax to use near ') LIMIT 1' at line 1
 [ SQL语句 ] : SELECT `id` FROM `sign` WHERE ( addtime = 1475856000 AND status = 0 AND uid =  ) LIMIT 1  
SQL: SELECT `id` FROM `sign` WHERE ( addtime = 1475942400 AND status = 0 AND uid =  ) LIMIT 1   [ RunTime:0.000076s ]
ERR: 1064:You have an error in your SQL syntax; check the manual that corresponds to your MySQL server version for the right syntax to use near ') LIMIT 1' at line 1
 [ SQL语句 ] : SELECT `id` FROM `sign` WHERE ( addtime = 1475942400 AND status = 0 AND uid =  ) LIMIT 1  
SQL: SELECT `id` FROM `sign` WHERE ( addtime = 1476028800 AND status = 0 AND uid =  ) LIMIT 1   [ RunTime:0.000074s ]
ERR: 1064:You have an error in your SQL syntax; check the manual that corresponds to your MySQL server version for the right syntax to use near ') LIMIT 1' at line 1
 [ SQL语句 ] : SELECT `id` FROM `sign` WHERE ( addtime = 1476028800 AND status = 0 AND uid =  ) LIMIT 1  
SQL: SELECT `id` FROM `sign` WHERE ( addtime = 1476115200 AND status = 0 AND uid =  ) LIMIT 1   [ RunTime:0.000130s ]
ERR: 1064:You have an error in your SQL syntax; check the manual that corresponds to your MySQL server version for the right syntax to use near ') LIMIT 1' at line 1
 [ SQL语句 ] : SELECT `id` FROM `sign` WHERE ( addtime = 1476115200 AND status = 0 AND uid =  ) LIMIT 1  
SQL: SELECT `id` FROM `sign` WHERE ( addtime = 1476201600 AND status = 0 AND uid =  ) LIMIT 1   [ RunTime:0.000075s ]
ERR: 1064:You have an error in your SQL syntax; check the manual that corresponds to your MySQL server version for the right syntax to use near ') LIMIT 1' at line 1
 [ SQL语句 ] : SELECT `id` FROM `sign` WHERE ( addtime = 1476201600 AND status = 0 AND uid =  ) LIMIT 1  
SQL: SELECT `id` FROM `sign` WHERE ( addtime = 1476288000 AND status = 0 AND uid =  ) LIMIT 1   [ RunTime:0.000075s ]
ERR: 1064:You have an error in your SQL syntax; check the manual that corresponds to your MySQL server version for the right syntax to use near ') LIMIT 1' at line 1
 [ SQL语句 ] : SELECT `id` FROM `sign` WHERE ( addtime = 1476288000 AND status = 0 AND uid =  ) LIMIT 1  
SQL: SELECT `id` FROM `sign` WHERE ( addtime = 1476374400 AND status = 0 AND uid =  ) LIMIT 1   [ RunTime:0.000074s ]
ERR: 1064:You have an error in your SQL syntax; check the manual that corresponds to your MySQL server version for the right syntax to use near ') LIMIT 1' at line 1
 [ SQL语句 ] : SELECT `id` FROM `sign` WHERE ( addtime = 1476374400 AND status = 0 AND uid =  ) LIMIT 1  
SQL: SELECT `id` FROM `sign` WHERE ( addtime = 1476460800 AND status = 0 AND uid =  ) LIMIT 1   [ RunTime:0.000073s ]
ERR: 1064:You have an error in your SQL syntax; check the manual that corresponds to your MySQL server version for the right syntax to use near ') LIMIT 1' at line 1
 [ SQL语句 ] : SELECT `id` FROM `sign` WHERE ( addtime = 1476460800 AND status = 0 AND uid =  ) LIMIT 1  
SQL: SELECT `id` FROM `sign` WHERE ( addtime = 1476547200 AND status = 0 AND uid =  ) LIMIT 1   [ RunTime:0.000074s ]
ERR: 1064:You have an error in your SQL syntax; check the manual that corresponds to your MySQL server version for the right syntax to use near ') LIMIT 1' at line 1
 [ SQL语句 ] : SELECT `id` FROM `sign` WHERE ( addtime = 1476547200 AND status = 0 AND uid =  ) LIMIT 1  
SQL: SELECT `id` FROM `sign` WHERE ( addtime = 1476633600 AND status = 0 AND uid =  ) LIMIT 1   [ RunTime:0.000078s ]
ERR: 1064:You have an error in your SQL syntax; check the manual that corresponds to your MySQL server version for the right syntax to use near ') LIMIT 1' at line 1
 [ SQL语句 ] : SELECT `id` FROM `sign` WHERE ( addtime = 1476633600 AND status = 0 AND uid =  ) LIMIT 1  
SQL: SELECT `id` FROM `sign` WHERE ( addtime = 1476720000 AND status = 0 AND uid =  ) LIMIT 1   [ RunTime:0.000073s ]
ERR: 1064:You have an error in your SQL syntax; check the manual that corresponds to your MySQL server version for the right syntax to use near ') LIMIT 1' at line 1
 [ SQL语句 ] : SELECT `id` FROM `sign` WHERE ( addtime = 1476720000 AND status = 0 AND uid =  ) LIMIT 1  
SQL: SELECT `id` FROM `sign` WHERE ( addtime = 1476806400 AND status = 0 AND uid =  ) LIMIT 1   [ RunTime:0.000072s ]
ERR: 1064:You have an error in your SQL syntax; check the manual that corresponds to your MySQL server version for the right syntax to use near ') LIMIT 1' at line 1
 [ SQL语句 ] : SELECT `id` FROM `sign` WHERE ( addtime = 1476806400 AND status = 0 AND uid =  ) LIMIT 1  
SQL: SELECT `id` FROM `sign` WHERE ( addtime = 1476892800 AND status = 0 AND uid =  ) LIMIT 1   [ RunTime:0.000073s ]
ERR: 1064:You have an error in your SQL syntax; check the manual that corresponds to your MySQL server version for the right syntax to use near ') LIMIT 1' at line 1
 [ SQL语句 ] : SELECT `id` FROM `sign` WHERE ( addtime = 1476892800 AND status = 0 AND uid =  ) LIMIT 1  
INFO: Run Behavior\ParseTemplateBehavior [ RunTime:0.022583s ]
INFO: [ view_parse ] --END-- [ RunTime:0.022624s ]
INFO: [ view_filter ] --START--
INFO: Run Behavior\WriteHtmlCacheBehavior [ RunTime:0.000125s ]
INFO: [ view_filter ] --END-- [ RunTime:0.000162s ]
INFO: [ app_end ] --START--
INFO: Run Behavior\ShowPageTraceBehavior [ RunTime:0.000448s ]
INFO: [ app_end ] --END-- [ RunTime:0.000494s ]

