[ 2016-11-03T16:58:55+08:00 ] 110.75.145.1 /jquery/5/512/demo/
INFO: [ app_init ] --START--
INFO: Run Behavior\BuildLiteBehavior [ RunTime:0.000017s ]
INFO: [ app_init ] --END-- [ RunTime:0.006142s ]
INFO: [ app_begin ] --START--
INFO: Run Behavior\ReadHtmlCacheBehavior [ RunTime:0.001911s ]
INFO: [ app_begin ] --END-- [ RunTime:0.001965s ]
INFO: [ view_parse ] --START--
NOTIC: [2] file_get_contents(./Application/Home/View/Member/right.html): failed to open stream: No such file or directory /data/www/jquery/5/512/demo/ThinkPHP/Library/Think/Template.class.php 第 696 行.
INFO: [ template_filter ] --START--
INFO: Run Behavior\ContentReplaceBehavior [ RunTime:0.000045s ]
INFO: [ template_filter ] --END-- [ RunTime:0.000095s ]
NOTIC: [8] Undefined variable: keywords /data/www/jquery/5/512/demo/Application/Runtime/Cache/Home/2a94b8bda04ff446dcedd42276fc99ee.php 第 6 行.
NOTIC: [8] Undefined variable: description /data/www/jquery/5/512/demo/Application/Runtime/Cache/Home/2a94b8bda04ff446dcedd42276fc99ee.php 第 7 行.
NOTIC: [8192] mysql_connect(): The mysql extension is deprecated and will be removed in the future: use mysqli or PDO instead /data/www/jquery/5/512/demo/ThinkPHP/Library/Think/Db/Driver/Mysql.class.php 第 52 行.
SQL: SHOW COLUMNS FROM `sign` [ RunTime:0.019915s ]
SQL: SELECT `id` FROM `sign` WHERE ( addtime = 1477929600 AND status = 0 AND uid =  ) LIMIT 1   [ RunTime:0.000121s ]
ERR: 1064:You have an error in your SQL syntax; check the manual that corresponds to your MySQL server version for the right syntax to use near ') LIMIT 1' at line 1
 [ SQL语句 ] : SELECT `id` FROM `sign` WHERE ( addtime = 1477929600 AND status = 0 AND uid =  ) LIMIT 1  
SQL: SELECT `id` FROM `sign` WHERE ( addtime = 1478016000 AND status = 0 AND uid =  ) LIMIT 1   [ RunTime:0.000098s ]
ERR: 1064:You have an error in your SQL syntax; check the manual that corresponds to your MySQL server version for the right syntax to use near ') LIMIT 1' at line 1
 [ SQL语句 ] : SELECT `id` FROM `sign` WHERE ( addtime = 1478016000 AND status = 0 AND uid =  ) LIMIT 1  
SQL: SELECT `id` FROM `sign` WHERE ( addtime = 1478102400 AND status = 0 AND uid =  ) LIMIT 1   [ RunTime:0.000080s ]
ERR: 1064:You have an error in your SQL syntax; check the manual that corresponds to your MySQL server version for the right syntax to use near ') LIMIT 1' at line 1
 [ SQL语句 ] : SELECT `id` FROM `sign` WHERE ( addtime = 1478102400 AND status = 0 AND uid =  ) LIMIT 1  
INFO: Run Behavior\ParseTemplateBehavior [ RunTime:0.073778s ]
INFO: [ view_parse ] --END-- [ RunTime:0.073822s ]
INFO: [ view_filter ] --START--
INFO: Run Behavior\WriteHtmlCacheBehavior [ RunTime:0.001800s ]
INFO: [ view_filter ] --END-- [ RunTime:0.001836s ]
INFO: [ app_end ] --START--
INFO: Run Behavior\ShowPageTraceBehavior [ RunTime:0.001653s ]
INFO: [ app_end ] --END-- [ RunTime:0.001714s ]

[ 2016-11-03T21:33:46+08:00 ] 112.5.237.200 /jquery/5/512/demo/
INFO: [ app_init ] --START--
INFO: Run Behavior\BuildLiteBehavior [ RunTime:0.000019s ]
INFO: [ app_init ] --END-- [ RunTime:0.010035s ]
INFO: [ app_begin ] --START--
INFO: Run Behavior\ReadHtmlCacheBehavior [ RunTime:0.001365s ]
INFO: [ app_begin ] --END-- [ RunTime:0.001411s ]
INFO: [ view_parse ] --START--
NOTIC: [2] file_get_contents(./Application/Home/View/Member/right.html): failed to open stream: No such file or directory /data/www/jquery/5/512/demo/ThinkPHP/Library/Think/Template.class.php 第 696 行.
INFO: [ template_filter ] --START--
INFO: Run Behavior\ContentReplaceBehavior [ RunTime:0.000055s ]
INFO: [ template_filter ] --END-- [ RunTime:0.000111s ]
NOTIC: [8] Undefined variable: keywords /data/www/jquery/5/512/demo/Application/Runtime/Cache/Home/2a94b8bda04ff446dcedd42276fc99ee.php 第 6 行.
NOTIC: [8] Undefined variable: description /data/www/jquery/5/512/demo/Application/Runtime/Cache/Home/2a94b8bda04ff446dcedd42276fc99ee.php 第 7 行.
NOTIC: [8192] mysql_connect(): The mysql extension is deprecated and will be removed in the future: use mysqli or PDO instead /data/www/jquery/5/512/demo/ThinkPHP/Library/Think/Db/Driver/Mysql.class.php 第 52 行.
SQL: SHOW COLUMNS FROM `sign` [ RunTime:0.025667s ]
SQL: SELECT `id` FROM `sign` WHERE ( addtime = 1477929600 AND status = 0 AND uid =  ) LIMIT 1   [ RunTime:0.000130s ]
ERR: 1064:You have an error in your SQL syntax; check the manual that corresponds to your MySQL server version for the right syntax to use near ') LIMIT 1' at line 1
 [ SQL语句 ] : SELECT `id` FROM `sign` WHERE ( addtime = 1477929600 AND status = 0 AND uid =  ) LIMIT 1  
SQL: SELECT `id` FROM `sign` WHERE ( addtime = 1478016000 AND status = 0 AND uid =  ) LIMIT 1   [ RunTime:0.000080s ]
ERR: 1064:You have an error in your SQL syntax; check the manual that corresponds to your MySQL server version for the right syntax to use near ') LIMIT 1' at line 1
 [ SQL语句 ] : SELECT `id` FROM `sign` WHERE ( addtime = 1478016000 AND status = 0 AND uid =  ) LIMIT 1  
SQL: SELECT `id` FROM `sign` WHERE ( addtime = 1478102400 AND status = 0 AND uid =  ) LIMIT 1   [ RunTime:0.000078s ]
ERR: 1064:You have an error in your SQL syntax; check the manual that corresponds to your MySQL server version for the right syntax to use near ') LIMIT 1' at line 1
 [ SQL语句 ] : SELECT `id` FROM `sign` WHERE ( addtime = 1478102400 AND status = 0 AND uid =  ) LIMIT 1  
INFO: Run Behavior\ParseTemplateBehavior [ RunTime:0.074287s ]
INFO: [ view_parse ] --END-- [ RunTime:0.074331s ]
INFO: [ view_filter ] --START--
INFO: Run Behavior\WriteHtmlCacheBehavior [ RunTime:0.001473s ]
INFO: [ view_filter ] --END-- [ RunTime:0.001530s ]
INFO: [ app_end ] --START--
INFO: Run Behavior\ShowPageTraceBehavior [ RunTime:0.001729s ]
INFO: [ app_end ] --END-- [ RunTime:0.001771s ]

[ 2016-11-03T21:33:48+08:00 ] 112.5.237.200 /jquery/5/512/demo/Ajax/signDay
INFO: [ app_init ] --START--
INFO: Run Behavior\BuildLiteBehavior [ RunTime:0.000014s ]
INFO: [ app_init ] --END-- [ RunTime:0.000267s ]
INFO: [ app_begin ] --START--
INFO: Run Behavior\ReadHtmlCacheBehavior [ RunTime:0.000349s ]
INFO: [ app_begin ] --END-- [ RunTime:0.000389s ]

[ 2016-11-03T21:33:50+08:00 ] 112.5.237.200 /jquery/5/512/demo/Ajax/signDay
INFO: [ app_init ] --START--
INFO: Run Behavior\BuildLiteBehavior [ RunTime:0.000014s ]
INFO: [ app_init ] --END-- [ RunTime:0.000263s ]
INFO: [ app_begin ] --START--
INFO: Run Behavior\ReadHtmlCacheBehavior [ RunTime:0.000325s ]
INFO: [ app_begin ] --END-- [ RunTime:0.000364s ]

